<?xml version="1.0" ?>
<!DOCTYPE coverage SYSTEM "http://cobertura.sourceforge.net/xml/coverage-04.dtd">
<coverage lines-valid="10617"  lines-covered="4117"  line-rate="0.38780000000000003"  branches-valid="5808"  branches-covered="884"  branch-rate="0.1522"  timestamp="1430844423252" complexity="0" version="0.1">
<sources>
	<source>/home/fedora/workspace/spice_commit-stage</source>
</sources>
<packages>
	<package name="application"  line-rate="0.2445"  branch-rate="0.1892" >
	<classes>
		<class name="agent.js"  filename="application/agent.js"  line-rate="0.056600000000000004"  branch-rate="0" >
		<methods>
			<method name="(anonymous_1)"  hits="8"  signature="()V" >
				<lines><line number="12"  hits="8" /></lines>
			</method>
			<method name="(anonymous_2)"  hits="0"  signature="()V" >
				<lines><line number="17"  hits="0" /></lines>
			</method>
			<method name="(anonymous_3)"  hits="0"  signature="()V" >
				<lines><line number="54"  hits="0" /></lines>
			</method>
			<method name="(anonymous_4)"  hits="0"  signature="()V" >
				<lines><line number="88"  hits="0" /></lines>
			</method>
			<method name="(anonymous_5)"  hits="0"  signature="()V" >
				<lines><line number="92"  hits="0" /></lines>
			</method>
			<method name="(anonymous_6)"  hits="0"  signature="()V" >
				<lines><line number="97"  hits="0" /></lines>
			</method>
			<method name="(anonymous_7)"  hits="0"  signature="()V" >
				<lines><line number="148"  hits="0" /></lines>
			</method>
			<method name="(anonymous_8)"  hits="0"  signature="()V" >
				<lines><line number="158"  hits="0" /></lines>
			</method>
			<method name="(anonymous_9)"  hits="0"  signature="()V" >
				<lines><line number="181"  hits="0" /></lines>
			</method>
		</methods>
		<lines>
			<line number="1"  hits="1"  branch="false" />
			<line number="13"  hits="8"  branch="false" />
			<line number="14"  hits="8"  branch="false" />
			<line number="18"  hits="0"  branch="false" />
			<line number="25"  hits="0"  branch="false" />
			<line number="27"  hits="0"  branch="false" />
			<line number="28"  hits="0"  branch="false" />
			<line number="41"  hits="0"  branch="false" />
			<line number="56"  hits="0"  branch="true"  condition-coverage="0% (0/2)" />
			<line number="57"  hits="0"  branch="false" />
			<line number="60"  hits="0"  branch="true"  condition-coverage="0% (0/2)" />
			<line number="61"  hits="0"  branch="false" />
			<line number="65"  hits="0"  branch="false" />
			<line number="85"  hits="0"  branch="false" />
			<line number="89"  hits="0"  branch="false" />
			<line number="93"  hits="0"  branch="false" />
			<line number="94"  hits="0"  branch="false" />
			<line number="98"  hits="0"  branch="false" />
			<line number="99"  hits="0"  branch="true"  condition-coverage="0% (0/2)" />
			<line number="100"  hits="0"  branch="false" />
			<line number="107"  hits="0"  branch="false" />
			<line number="108"  hits="0"  branch="false" />
			<line number="111"  hits="0"  branch="true"  condition-coverage="0% (0/2)" />
			<line number="113"  hits="0"  branch="true"  condition-coverage="0% (0/2)" />
			<line number="114"  hits="0"  branch="true"  condition-coverage="0% (0/2)" />
			<line number="115"  hits="0"  branch="false" />
			<line number="127"  hits="0"  branch="false" />
			<line number="129"  hits="0"  branch="true"  condition-coverage="0% (0/2)" />
			<line number="130"  hits="0"  branch="false" />
			<line number="131"  hits="0"  branch="true"  condition-coverage="0% (0/2)" />
			<line number="132"  hits="0"  branch="false" />
			<line number="133"  hits="0"  branch="true"  condition-coverage="0% (0/2)" />
			<line number="134"  hits="0"  branch="false" />
			<line number="135"  hits="0"  branch="false" />
			<line number="137"  hits="0"  branch="true"  condition-coverage="0% (0/2)" />
			<line number="138"  hits="0"  branch="false" />
			<line number="139"  hits="0"  branch="false" />
			<line number="140"  hits="0"  branch="false" />
			<line number="141"  hits="0"  branch="true"  condition-coverage="0% (0/2)" />
			<line number="144"  hits="0"  branch="false" />
			<line number="149"  hits="0"  branch="true"  condition-coverage="0% (0/2)" />
			<line number="150"  hits="0"  branch="false" />
			<line number="151"  hits="0"  branch="false" />
			<line number="152"  hits="0"  branch="false" />
			<line number="155"  hits="0"  branch="false" />
			<line number="159"  hits="0"  branch="true"  condition-coverage="0% (0/2)" />
			<line number="160"  hits="0"  branch="false" />
			<line number="172"  hits="0"  branch="false" />
			<line number="182"  hits="0"  branch="true"  condition-coverage="0% (0/2)" />
			<line number="183"  hits="0"  branch="false" />
			<line number="196"  hits="0"  branch="false" />
			<line number="197"  hits="0"  branch="false" />
			<line number="200"  hits="0"  branch="false" />
		</lines>
		</class>
		<class name="application.js"  filename="application/application.js"  line-rate="0.35369999999999996"  branch-rate="0.2553" >
		<methods>
			<method name="(anonymous_1)"  hits="8"  signature="()V" >
				<lines><line number="15"  hits="8" /></lines>
			</method>
			<method name="(anonymous_2)"  hits="0"  signature="()V" >
				<lines><line number="37"  hits="0" /></lines>
			</method>
			<method name="(anonymous_3)"  hits="0"  signature="()V" >
				<lines><line number="100"  hits="0" /></lines>
			</method>
			<method name="(anonymous_4)"  hits="8"  signature="()V" >
				<lines><line number="104"  hits="8" /></lines>
			</method>
			<method name="(anonymous_5)"  hits="1"  signature="()V" >
				<lines><line number="132"  hits="1" /></lines>
			</method>
			<method name="(anonymous_6)"  hits="0"  signature="()V" >
				<lines><line number="139"  hits="0" /></lines>
			</method>
			<method name="(anonymous_7)"  hits="1"  signature="()V" >
				<lines><line number="143"  hits="1" /></lines>
			</method>
			<method name="(anonymous_8)"  hits="0"  signature="()V" >
				<lines><line number="148"  hits="0" /></lines>
			</method>
			<method name="(anonymous_9)"  hits="2"  signature="()V" >
				<lines><line number="152"  hits="2" /></lines>
			</method>
			<method name="(anonymous_10)"  hits="0"  signature="()V" >
				<lines><line number="160"  hits="0" /></lines>
			</method>
			<method name="(anonymous_11)"  hits="0"  signature="()V" >
				<lines><line number="166"  hits="0" /></lines>
			</method>
			<method name="(anonymous_12)"  hits="0"  signature="()V" >
				<lines><line number="170"  hits="0" /></lines>
			</method>
			<method name="(anonymous_13)"  hits="0"  signature="()V" >
				<lines><line number="176"  hits="0" /></lines>
			</method>
			<method name="(anonymous_14)"  hits="0"  signature="()V" >
				<lines><line number="182"  hits="0" /></lines>
			</method>
			<method name="(anonymous_15)"  hits="0"  signature="()V" >
				<lines><line number="188"  hits="0" /></lines>
			</method>
			<method name="(anonymous_16)"  hits="0"  signature="()V" >
				<lines><line number="194"  hits="0" /></lines>
			</method>
			<method name="(anonymous_17)"  hits="0"  signature="()V" >
				<lines><line number="200"  hits="0" /></lines>
			</method>
			<method name="(anonymous_18)"  hits="0"  signature="()V" >
				<lines><line number="206"  hits="0" /></lines>
			</method>
			<method name="(anonymous_19)"  hits="0"  signature="()V" >
				<lines><line number="212"  hits="0" /></lines>
			</method>
			<method name="(anonymous_20)"  hits="0"  signature="()V" >
				<lines><line number="218"  hits="0" /></lines>
			</method>
			<method name="(anonymous_21)"  hits="0"  signature="()V" >
				<lines><line number="223"  hits="0" /></lines>
			</method>
			<method name="(anonymous_22)"  hits="0"  signature="()V" >
				<lines><line number="229"  hits="0" /></lines>
			</method>
			<method name="(anonymous_23)"  hits="0"  signature="()V" >
				<lines><line number="234"  hits="0" /></lines>
			</method>
			<method name="(anonymous_24)"  hits="0"  signature="()V" >
				<lines><line number="241"  hits="0" /></lines>
			</method>
			<method name="(anonymous_25)"  hits="0"  signature="()V" >
				<lines><line number="245"  hits="0" /></lines>
			</method>
			<method name="(anonymous_26)"  hits="0"  signature="()V" >
				<lines><line number="249"  hits="0" /></lines>
			</method>
			<method name="(anonymous_27)"  hits="1"  signature="()V" >
				<lines><line number="253"  hits="1" /></lines>
			</method>
			<method name="(anonymous_28)"  hits="0"  signature="()V" >
				<lines><line number="258"  hits="0" /></lines>
			</method>
			<method name="(anonymous_29)"  hits="0"  signature="()V" >
				<lines><line number="266"  hits="0" /></lines>
			</method>
			<method name="(anonymous_30)"  hits="0"  signature="()V" >
				<lines><line number="270"  hits="0" /></lines>
			</method>
			<method name="(anonymous_31)"  hits="0"  signature="()V" >
				<lines><line number="274"  hits="0" /></lines>
			</method>
			<method name="(anonymous_32)"  hits="0"  signature="()V" >
				<lines><line number="312"  hits="0" /></lines>
			</method>
			<method name="(anonymous_33)"  hits="0"  signature="()V" >
				<lines><line number="316"  hits="0" /></lines>
			</method>
			<method name="(anonymous_34)"  hits="2"  signature="()V" >
				<lines><line number="320"  hits="2" /></lines>
			</method>
			<method name="(anonymous_35)"  hits="0"  signature="()V" >
				<lines><line number="325"  hits="0" /></lines>
			</method>
			<method name="(anonymous_36)"  hits="0"  signature="()V" >
				<lines><line number="330"  hits="0" /></lines>
			</method>
			<method name="(anonymous_37)"  hits="0"  signature="()V" >
				<lines><line number="386"  hits="0" /></lines>
			</method>
			<method name="(anonymous_38)"  hits="1"  signature="()V" >
				<lines><line number="392"  hits="1" /></lines>
			</method>
			<method name="(anonymous_39)"  hits="0"  signature="()V" >
				<lines><line number="396"  hits="0" /></lines>
			</method>
			<method name="(anonymous_40)"  hits="0"  signature="()V" >
				<lines><line number="400"  hits="0" /></lines>
			</method>
			<method name="(anonymous_41)"  hits="0"  signature="()V" >
				<lines><line number="404"  hits="0" /></lines>
			</method>
		</methods>
		<lines>
			<line number="1"  hits="1"  branch="false" />
			<line number="16"  hits="8"  branch="false" />
			<line number="17"  hits="8"  branch="true"  condition-coverage="50% (1/2)" />
			<line number="18"  hits="8"  branch="true"  condition-coverage="50% (1/2)" />
			<line number="19"  hits="8"  branch="true"  condition-coverage="100% (2/2)" />
			<line number="23"  hits="8"  branch="true"  condition-coverage="100% (2/2)" />
			<line number="27"  hits="8"  branch="false" />
			<line number="28"  hits="8"  branch="true"  condition-coverage="50% (1/2)" />
			<line number="29"  hits="8"  branch="true"  condition-coverage="50% (1/2)" />
			<line number="33"  hits="8"  branch="true"  condition-coverage="50% (1/2)" />
			<line number="34"  hits="8"  branch="false" />
			<line number="38"  hits="0"  branch="true"  condition-coverage="0% (0/2)" />
			<line number="39"  hits="0"  branch="false" />
			<line number="42"  hits="0"  branch="true"  condition-coverage="0% (0/2)" />
			<line number="43"  hits="0"  branch="false" />
			<line number="45"  hits="0"  branch="true"  condition-coverage="0% (0/2)" />
			<line number="46"  hits="0"  branch="false" />
			<line number="51"  hits="0"  branch="false" />
			<line number="61"  hits="0"  branch="false" />
			<line number="62"  hits="0"  branch="false" />
			<line number="64"  hits="0"  branch="true"  condition-coverage="0% (0/2)" />
			<line number="65"  hits="0"  branch="false" />
			<line number="68"  hits="0"  branch="true"  condition-coverage="0% (0/2)" />
			<line number="69"  hits="0"  branch="true"  condition-coverage="0% (0/2)" />
			<line number="70"  hits="0"  branch="false" />
			<line number="72"  hits="0"  branch="false" />
			<line number="73"  hits="0"  branch="false" />
			<line number="75"  hits="0"  branch="false" />
			<line number="76"  hits="0"  branch="false" />
			<line number="90"  hits="0"  branch="false" />
			<line number="93"  hits="0"  branch="false" />
			<line number="95"  hits="0"  branch="true"  condition-coverage="0% (0/2)" />
			<line number="96"  hits="0"  branch="false" />
			<line number="105"  hits="8"  branch="false" />
			<line number="106"  hits="8"  branch="false" />
			<line number="107"  hits="8"  branch="false" />
			<line number="108"  hits="8"  branch="false" />
			<line number="109"  hits="8"  branch="false" />
			<line number="110"  hits="8"  branch="false" />
			<line number="111"  hits="8"  branch="false" />
			<line number="112"  hits="8"  branch="false" />
			<line number="113"  hits="8"  branch="false" />
			<line number="114"  hits="8"  branch="false" />
			<line number="115"  hits="8"  branch="false" />
			<line number="116"  hits="8"  branch="false" />
			<line number="117"  hits="8"  branch="false" />
			<line number="118"  hits="8"  branch="false" />
			<line number="119"  hits="8"  branch="false" />
			<line number="120"  hits="8"  branch="false" />
			<line number="121"  hits="8"  branch="false" />
			<line number="122"  hits="8"  branch="false" />
			<line number="123"  hits="8"  branch="false" />
			<line number="124"  hits="8"  branch="false" />
			<line number="125"  hits="8"  branch="false" />
			<line number="126"  hits="8"  branch="false" />
			<line number="127"  hits="8"  branch="false" />
			<line number="128"  hits="8"  branch="false" />
			<line number="129"  hits="8"  branch="false" />
			<line number="133"  hits="1"  branch="false" />
			<line number="134"  hits="1"  branch="true"  condition-coverage="50% (1/2)" />
			<line number="135"  hits="1"  branch="false" />
			<line number="140"  hits="0"  branch="false" />
			<line number="144"  hits="1"  branch="false" />
			<line number="145"  hits="1"  branch="false" />
			<line number="149"  hits="0"  branch="false" />
			<line number="153"  hits="2"  branch="true"  condition-coverage="100% (2/2)" />
			<line number="154"  hits="1"  branch="false" />
			<line number="156"  hits="1"  branch="false" />
			<line number="161"  hits="0"  branch="false" />
			<line number="162"  hits="0"  branch="false" />
			<line number="163"  hits="0"  branch="false" />
			<line number="167"  hits="0"  branch="false" />
			<line number="171"  hits="0"  branch="false" />
			<line number="172"  hits="0"  branch="false" />
			<line number="173"  hits="0"  branch="false" />
			<line number="177"  hits="0"  branch="false" />
			<line number="178"  hits="0"  branch="false" />
			<line number="179"  hits="0"  branch="false" />
			<line number="183"  hits="0"  branch="false" />
			<line number="184"  hits="0"  branch="false" />
			<line number="185"  hits="0"  branch="false" />
			<line number="189"  hits="0"  branch="false" />
			<line number="190"  hits="0"  branch="false" />
			<line number="191"  hits="0"  branch="false" />
			<line number="195"  hits="0"  branch="false" />
			<line number="196"  hits="0"  branch="false" />
			<line number="197"  hits="0"  branch="false" />
			<line number="201"  hits="0"  branch="false" />
			<line number="202"  hits="0"  branch="false" />
			<line number="203"  hits="0"  branch="false" />
			<line number="207"  hits="0"  branch="false" />
			<line number="208"  hits="0"  branch="false" />
			<line number="213"  hits="0"  branch="false" />
			<line number="214"  hits="0"  branch="false" />
			<line number="215"  hits="0"  branch="false" />
			<line number="219"  hits="0"  branch="false" />
			<line number="220"  hits="0"  branch="false" />
			<line number="224"  hits="0"  branch="true"  condition-coverage="0% (0/2)" />
			<line number="225"  hits="0"  branch="false" />
			<line number="230"  hits="0"  branch="false" />
			<line number="231"  hits="0"  branch="false" />
			<line number="235"  hits="0"  branch="false" />
			<line number="236"  hits="0"  branch="false" />
			<line number="237"  hits="0"  branch="false" />
			<line number="242"  hits="0"  branch="false" />
			<line number="246"  hits="0"  branch="false" />
			<line number="250"  hits="0"  branch="false" />
			<line number="254"  hits="1"  branch="false" />
			<line number="255"  hits="1"  branch="false" />
			<line number="259"  hits="0"  branch="false" />
			<line number="260"  hits="0"  branch="false" />
			<line number="262"  hits="0"  branch="false" />
			<line number="267"  hits="0"  branch="false" />
			<line number="271"  hits="0"  branch="false" />
			<line number="275"  hits="0"  branch="true"  condition-coverage="0% (0/11)" />
			<line number="277"  hits="0"  branch="false" />
			<line number="278"  hits="0"  branch="false" />
			<line number="280"  hits="0"  branch="false" />
			<line number="281"  hits="0"  branch="false" />
			<line number="283"  hits="0"  branch="false" />
			<line number="284"  hits="0"  branch="false" />
			<line number="286"  hits="0"  branch="false" />
			<line number="287"  hits="0"  branch="false" />
			<line number="289"  hits="0"  branch="false" />
			<line number="290"  hits="0"  branch="false" />
			<line number="292"  hits="0"  branch="false" />
			<line number="293"  hits="0"  branch="false" />
			<line number="295"  hits="0"  branch="false" />
			<line number="296"  hits="0"  branch="false" />
			<line number="298"  hits="0"  branch="false" />
			<line number="299"  hits="0"  branch="false" />
			<line number="301"  hits="0"  branch="false" />
			<line number="302"  hits="0"  branch="false" />
			<line number="304"  hits="0"  branch="false" />
			<line number="305"  hits="0"  branch="false" />
			<line number="307"  hits="0"  branch="false" />
			<line number="308"  hits="0"  branch="false" />
			<line number="313"  hits="0"  branch="false" />
			<line number="317"  hits="0"  branch="false" />
			<line number="321"  hits="2"  branch="false" />
			<line number="322"  hits="2"  branch="false" />
			<line number="326"  hits="0"  branch="false" />
			<line number="327"  hits="0"  branch="false" />
			<line number="331"  hits="0"  branch="true"  condition-coverage="0% (0/2)" />
			<line number="332"  hits="0"  branch="false" />
			<line number="345"  hits="0"  branch="false" />
			<line number="358"  hits="0"  branch="false" />
			<line number="371"  hits="0"  branch="false" />
			<line number="387"  hits="0"  branch="false" />
			<line number="388"  hits="0"  branch="false" />
			<line number="389"  hits="0"  branch="false" />
			<line number="393"  hits="1"  branch="false" />
			<line number="397"  hits="0"  branch="false" />
			<line number="401"  hits="0"  branch="false" />
			<line number="405"  hits="0"  branch="false" />
			<line number="409"  hits="1"  branch="false" />
			<line number="410"  hits="1"  branch="false" />
			<line number="411"  hits="1"  branch="false" />
			<line number="412"  hits="1"  branch="false" />
			<line number="413"  hits="1"  branch="false" />
			<line number="414"  hits="1"  branch="false" />
			<line number="415"  hits="1"  branch="false" />
			<line number="416"  hits="1"  branch="false" />
			<line number="417"  hits="1"  branch="false" />
		</lines>
		</class>
		<class name="clientgui.js"  filename="application/clientgui.js"  line-rate="0.1739"  branch-rate="0.16510000000000002" >
		<methods>
			<method name="(anonymous_1)"  hits="10"  signature="()V" >
				<lines><line number="29"  hits="10" /></lines>
			</method>
			<method name="(anonymous_2)"  hits="0"  signature="()V" >
				<lines><line number="51"  hits="0" /></lines>
			</method>
			<method name="(anonymous_3)"  hits="1"  signature="()V" >
				<lines><line number="58"  hits="1" /></lines>
			</method>
			<method name="(anonymous_4)"  hits="0"  signature="()V" >
				<lines><line number="62"  hits="0" /></lines>
			</method>
			<method name="(anonymous_5)"  hits="0"  signature="()V" >
				<lines><line number="66"  hits="0" /></lines>
			</method>
			<method name="(anonymous_6)"  hits="0"  signature="()V" >
				<lines><line number="70"  hits="0" /></lines>
			</method>
			<method name="(anonymous_7)"  hits="0"  signature="()V" >
				<lines><line number="78"  hits="0" /></lines>
			</method>
			<method name="(anonymous_8)"  hits="0"  signature="()V" >
				<lines><line number="84"  hits="0" /></lines>
			</method>
			<method name="(anonymous_9)"  hits="0"  signature="()V" >
				<lines><line number="91"  hits="0" /></lines>
			</method>
			<method name="(anonymous_10)"  hits="0"  signature="()V" >
				<lines><line number="102"  hits="0" /></lines>
			</method>
			<method name="(anonymous_11)"  hits="0"  signature="()V" >
				<lines><line number="115"  hits="0" /></lines>
			</method>
			<method name="(anonymous_12)"  hits="3"  signature="()V" >
				<lines><line number="135"  hits="3" /></lines>
			</method>
			<method name="(anonymous_13)"  hits="0"  signature="()V" >
				<lines><line number="162"  hits="0" /></lines>
			</method>
			<method name="(anonymous_14)"  hits="0"  signature="()V" >
				<lines><line number="200"  hits="0" /></lines>
			</method>
			<method name="(anonymous_15)"  hits="0"  signature="()V" >
				<lines><line number="211"  hits="0" /></lines>
			</method>
			<method name="(anonymous_16)"  hits="0"  signature="()V" >
				<lines><line number="249"  hits="0" /></lines>
			</method>
			<method name="(anonymous_17)"  hits="1"  signature="()V" >
				<lines><line number="266"  hits="1" /></lines>
			</method>
			<method name="(anonymous_18)"  hits="1"  signature="()V" >
				<lines><line number="274"  hits="1" /></lines>
			</method>
			<method name="(anonymous_19)"  hits="0"  signature="()V" >
				<lines><line number="283"  hits="0" /></lines>
			</method>
			<method name="(anonymous_20)"  hits="0"  signature="()V" >
				<lines><line number="288"  hits="0" /></lines>
			</method>
			<method name="(anonymous_21)"  hits="0"  signature="()V" >
				<lines><line number="304"  hits="0" /></lines>
			</method>
			<method name="(anonymous_22)"  hits="0"  signature="()V" >
				<lines><line number="324"  hits="0" /></lines>
			</method>
			<method name="(anonymous_23)"  hits="0"  signature="()V" >
				<lines><line number="401"  hits="0" /></lines>
			</method>
			<method name="(anonymous_24)"  hits="0"  signature="()V" >
				<lines><line number="425"  hits="0" /></lines>
			</method>
			<method name="(anonymous_25)"  hits="0"  signature="()V" >
				<lines><line number="433"  hits="0" /></lines>
			</method>
			<method name="(anonymous_26)"  hits="0"  signature="()V" >
				<lines><line number="441"  hits="0" /></lines>
			</method>
			<method name="(anonymous_27)"  hits="0"  signature="()V" >
				<lines><line number="448"  hits="0" /></lines>
			</method>
			<method name="(anonymous_28)"  hits="0"  signature="()V" >
				<lines><line number="456"  hits="0" /></lines>
			</method>
			<method name="(anonymous_29)"  hits="0"  signature="()V" >
				<lines><line number="467"  hits="0" /></lines>
			</method>
			<method name="(anonymous_30)"  hits="0"  signature="()V" >
				<lines><line number="479"  hits="0" /></lines>
			</method>
			<method name="(anonymous_31)"  hits="0"  signature="()V" >
				<lines><line number="481"  hits="0" /></lines>
			</method>
			<method name="(anonymous_32)"  hits="0"  signature="()V" >
				<lines><line number="488"  hits="0" /></lines>
			</method>
			<method name="(anonymous_33)"  hits="0"  signature="()V" >
				<lines><line number="490"  hits="0" /></lines>
			</method>
			<method name="(anonymous_34)"  hits="0"  signature="()V" >
				<lines><line number="496"  hits="0" /></lines>
			</method>
			<method name="(anonymous_35)"  hits="4"  signature="()V" >
				<lines><line number="507"  hits="4" /></lines>
			</method>
			<method name="(anonymous_36)"  hits="0"  signature="()V" >
				<lines><line number="525"  hits="0" /></lines>
			</method>
			<method name="(anonymous_37)"  hits="0"  signature="()V" >
				<lines><line number="529"  hits="0" /></lines>
			</method>
			<method name="(anonymous_38)"  hits="0"  signature="()V" >
				<lines><line number="533"  hits="0" /></lines>
			</method>
			<method name="(anonymous_39)"  hits="0"  signature="()V" >
				<lines><line number="542"  hits="0" /></lines>
			</method>
			<method name="(anonymous_40)"  hits="0"  signature="()V" >
				<lines><line number="547"  hits="0" /></lines>
			</method>
			<method name="(anonymous_41)"  hits="10"  signature="()V" >
				<lines><line number="555"  hits="10" /></lines>
			</method>
			<method name="(anonymous_42)"  hits="10"  signature="()V" >
				<lines><line number="559"  hits="10" /></lines>
			</method>
			<method name="(anonymous_43)"  hits="0"  signature="()V" >
				<lines><line number="569"  hits="0" /></lines>
			</method>
		</methods>
		<lines>
			<line number="1"  hits="1"  branch="false" />
			<line number="3"  hits="1"  branch="false" />
			<line number="30"  hits="10"  branch="false" />
			<line number="31"  hits="10"  branch="false" />
			<line number="32"  hits="10"  branch="false" />
			<line number="40"  hits="10"  branch="true"  condition-coverage="50% (1/2)" />
			<line number="41"  hits="10"  branch="false" />
			<line number="44"  hits="10"  branch="false" />
			<line number="45"  hits="10"  branch="false" />
			<line number="46"  hits="10"  branch="false" />
			<line number="47"  hits="10"  branch="true"  condition-coverage="50% (1/2)" />
			<line number="48"  hits="10"  branch="false" />
			<line number="52"  hits="0"  branch="false" />
			<line number="53"  hits="0"  branch="false" />
			<line number="54"  hits="0"  branch="false" />
			<line number="55"  hits="0"  branch="false" />
			<line number="59"  hits="1"  branch="false" />
			<line number="63"  hits="0"  branch="false" />
			<line number="67"  hits="0"  branch="false" />
			<line number="71"  hits="0"  branch="true"  condition-coverage="0% (0/4)" />
			<line number="72"  hits="0"  branch="false" />
			<line number="73"  hits="0"  branch="false" />
			<line number="75"  hits="0"  branch="false" />
			<line number="79"  hits="0"  branch="false" />
			<line number="80"  hits="0"  branch="false" />
			<line number="81"  hits="0"  branch="false" />
			<line number="85"  hits="0"  branch="false" />
			<line number="86"  hits="0"  branch="false" />
			<line number="87"  hits="0"  branch="false" />
			<line number="88"  hits="0"  branch="false" />
			<line number="92"  hits="0"  branch="false" />
			<line number="93"  hits="0"  branch="false" />
			<line number="97"  hits="0"  branch="false" />
			<line number="98"  hits="0"  branch="false" />
			<line number="99"  hits="0"  branch="false" />
			<line number="103"  hits="0"  branch="false" />
			<line number="104"  hits="0"  branch="false" />
			<line number="105"  hits="0"  branch="false" />
			<line number="106"  hits="0"  branch="false" />
			<line number="107"  hits="0"  branch="false" />
			<line number="116"  hits="0"  branch="false" />
			<line number="117"  hits="0"  branch="false" />
			<line number="129"  hits="0"  branch="true"  condition-coverage="0% (0/2)" />
			<line number="130"  hits="0"  branch="false" />
			<line number="132"  hits="0"  branch="false" />
			<line number="136"  hits="3"  branch="false" />
			<line number="137"  hits="3"  branch="false" />
			<line number="138"  hits="3"  branch="false" />
			<line number="139"  hits="3"  branch="true"  condition-coverage="80% (4/5)" />
			<line number="140"  hits="3"  branch="false" />
			<line number="141"  hits="3"  branch="true"  condition-coverage="100% (4/4)" />
			<line number="142"  hits="2"  branch="false" />
			<line number="143"  hits="2"  branch="false" />
			<line number="144"  hits="2"  branch="false" />
			<line number="145"  hits="2"  branch="false" />
			<line number="146"  hits="2"  branch="false" />
			<line number="152"  hits="2"  branch="true"  condition-coverage="50% (1/2)" />
			<line number="153"  hits="0"  branch="false" />
			<line number="156"  hits="1"  branch="false" />
			<line number="163"  hits="0"  branch="true"  condition-coverage="0% (0/4)" />
			<line number="164"  hits="0"  branch="false" />
			<line number="166"  hits="0"  branch="false" />
			<line number="167"  hits="0"  branch="true"  condition-coverage="0% (0/2)" />
			<line number="168"  hits="0"  branch="false" />
			<line number="169"  hits="0"  branch="false" />
			<line number="171"  hits="0"  branch="false" />
			<line number="172"  hits="0"  branch="false" />
			<line number="173"  hits="0"  branch="false" />
			<line number="174"  hits="0"  branch="false" />
			<line number="175"  hits="0"  branch="false" />
			<line number="176"  hits="0"  branch="false" />
			<line number="178"  hits="0"  branch="true"  condition-coverage="0% (0/2)" />
			<line number="179"  hits="0"  branch="false" />
			<line number="180"  hits="0"  branch="false" />
			<line number="181"  hits="0"  branch="false" />
			<line number="184"  hits="0"  branch="true"  condition-coverage="0% (0/2)" />
			<line number="185"  hits="0"  branch="false" />
			<line number="186"  hits="0"  branch="false" />
			<line number="187"  hits="0"  branch="false" />
			<line number="191"  hits="0"  branch="false" />
			<line number="192"  hits="0"  branch="false" />
			<line number="194"  hits="0"  branch="false" />
			<line number="201"  hits="0"  branch="false" />
			<line number="202"  hits="0"  branch="true"  condition-coverage="0% (0/2)" />
			<line number="203"  hits="0"  branch="false" />
			<line number="204"  hits="0"  branch="false" />
			<line number="207"  hits="0"  branch="false" />
			<line number="208"  hits="0"  branch="false" />
			<line number="212"  hits="0"  branch="false" />
			<line number="213"  hits="0"  branch="true"  condition-coverage="0% (0/4)" />
			<line number="214"  hits="0"  branch="false" />
			<line number="216"  hits="0"  branch="false" />
			<line number="219"  hits="0"  branch="false" />
			<line number="231"  hits="0"  branch="true"  condition-coverage="0% (0/4)" />
			<line number="232"  hits="0"  branch="false" />
			<line number="234"  hits="0"  branch="false" />
			<line number="235"  hits="0"  branch="false" />
			<line number="237"  hits="0"  branch="false" />
			<line number="239"  hits="0"  branch="false" />
			<line number="247"  hits="0"  branch="true"  condition-coverage="0% (0/2)" />
			<line number="248"  hits="0"  branch="false" />
			<line number="249"  hits="0"  branch="false" />
			<line number="250"  hits="0"  branch="false" />
			<line number="252"  hits="0"  branch="false" />
			<line number="256"  hits="0"  branch="true"  condition-coverage="0% (0/2)" />
			<line number="257"  hits="0"  branch="false" />
			<line number="261"  hits="0"  branch="true"  condition-coverage="0% (0/2)" />
			<line number="262"  hits="0"  branch="false" />
			<line number="267"  hits="1"  branch="false" />
			<line number="268"  hits="1"  branch="false" />
			<line number="269"  hits="1"  branch="false" />
			<line number="270"  hits="1"  branch="false" />
			<line number="271"  hits="1"  branch="false" />
			<line number="275"  hits="1"  branch="false" />
			<line number="277"  hits="1"  branch="false" />
			<line number="278"  hits="1"  branch="false" />
			<line number="279"  hits="1"  branch="false" />
			<line number="280"  hits="1"  branch="false" />
			<line number="284"  hits="0"  branch="false" />
			<line number="285"  hits="0"  branch="false" />
			<line number="289"  hits="0"  branch="false" />
			<line number="291"  hits="0"  branch="false" />
			<line number="300"  hits="0"  branch="true"  condition-coverage="0% (0/2)" />
			<line number="301"  hits="0"  branch="false" />
			<line number="304"  hits="0"  branch="false" />
			<line number="305"  hits="0"  branch="false" />
			<line number="306"  hits="0"  branch="true"  condition-coverage="0% (0/2)" />
			<line number="307"  hits="0"  branch="false" />
			<line number="308"  hits="0"  branch="false" />
			<line number="309"  hits="0"  branch="false" />
			<line number="310"  hits="0"  branch="true"  condition-coverage="0% (0/2)" />
			<line number="311"  hits="0"  branch="false" />
			<line number="312"  hits="0"  branch="false" />
			<line number="313"  hits="0"  branch="true"  condition-coverage="0% (0/2)" />
			<line number="314"  hits="0"  branch="false" />
			<line number="315"  hits="0"  branch="false" />
			<line number="316"  hits="0"  branch="false" />
			<line number="317"  hits="0"  branch="true"  condition-coverage="0% (0/2)" />
			<line number="318"  hits="0"  branch="false" />
			<line number="319"  hits="0"  branch="false" />
			<line number="324"  hits="0"  branch="false" />
			<line number="325"  hits="0"  branch="true"  condition-coverage="0% (0/2)" />
			<line number="326"  hits="0"  branch="false" />
			<line number="327"  hits="0"  branch="false" />
			<line number="329"  hits="0"  branch="true"  condition-coverage="0% (0/4)" />
			<line number="330"  hits="0"  branch="false" />
			<line number="331"  hits="0"  branch="false" />
			<line number="333"  hits="0"  branch="true"  condition-coverage="0% (0/2)" />
			<line number="334"  hits="0"  branch="false" />
			<line number="335"  hits="0"  branch="false" />
			<line number="339"  hits="0"  branch="false" />
			<line number="340"  hits="0"  branch="false" />
			<line number="341"  hits="0"  branch="false" />
			<line number="342"  hits="0"  branch="false" />
			<line number="345"  hits="0"  branch="true"  condition-coverage="0% (0/2)" />
			<line number="346"  hits="0"  branch="false" />
			<line number="347"  hits="0"  branch="false" />
			<line number="350"  hits="0"  branch="false" />
			<line number="351"  hits="0"  branch="false" />
			<line number="353"  hits="0"  branch="false" />
			<line number="359"  hits="0"  branch="false" />
			<line number="360"  hits="0"  branch="false" />
			<line number="361"  hits="0"  branch="false" />
			<line number="362"  hits="0"  branch="false" />
			<line number="363"  hits="0"  branch="false" />
			<line number="364"  hits="0"  branch="false" />
			<line number="365"  hits="0"  branch="false" />
			<line number="380"  hits="0"  branch="false" />
			<line number="381"  hits="0"  branch="false" />
			<line number="383"  hits="0"  branch="true"  condition-coverage="0% (0/2)" />
			<line number="384"  hits="0"  branch="false" />
			<line number="385"  hits="0"  branch="true"  condition-coverage="0% (0/2)" />
			<line number="386"  hits="0"  branch="true"  condition-coverage="0% (0/2)" />
			<line number="387"  hits="0"  branch="false" />
			<line number="388"  hits="0"  branch="false" />
			<line number="389"  hits="0"  branch="false" />
			<line number="390"  hits="0"  branch="false" />
			<line number="392"  hits="0"  branch="true"  condition-coverage="0% (0/2)" />
			<line number="393"  hits="0"  branch="false" />
			<line number="394"  hits="0"  branch="true"  condition-coverage="0% (0/2)" />
			<line number="395"  hits="0"  branch="false" />
			<line number="398"  hits="0"  branch="false" />
			<line number="401"  hits="0"  branch="false" />
			<line number="402"  hits="0"  branch="true"  condition-coverage="0% (0/2)" />
			<line number="403"  hits="0"  branch="true"  condition-coverage="0% (0/2)" />
			<line number="404"  hits="0"  branch="false" />
			<line number="405"  hits="0"  branch="false" />
			<line number="406"  hits="0"  branch="true"  condition-coverage="0% (0/2)" />
			<line number="407"  hits="0"  branch="false" />
			<line number="409"  hits="0"  branch="false" />
			<line number="410"  hits="0"  branch="false" />
			<line number="411"  hits="0"  branch="false" />
			<line number="413"  hits="0"  branch="false" />
			<line number="414"  hits="0"  branch="false" />
			<line number="415"  hits="0"  branch="true"  condition-coverage="0% (0/2)" />
			<line number="416"  hits="0"  branch="false" />
			<line number="418"  hits="0"  branch="false" />
			<line number="420"  hits="0"  branch="false" />
			<line number="421"  hits="0"  branch="false" />
			<line number="424"  hits="0"  branch="true"  condition-coverage="0% (0/2)" />
			<line number="425"  hits="0"  branch="false" />
			<line number="426"  hits="0"  branch="false" />
			<line number="428"  hits="0"  branch="false" />
			<line number="429"  hits="0"  branch="false" />
			<line number="430"  hits="0"  branch="false" />
			<line number="433"  hits="0"  branch="false" />
			<line number="434"  hits="0"  branch="false" />
			<line number="436"  hits="0"  branch="false" />
			<line number="437"  hits="0"  branch="false" />
			<line number="438"  hits="0"  branch="false" />
			<line number="441"  hits="0"  branch="false" />
			<line number="442"  hits="0"  branch="false" />
			<line number="443"  hits="0"  branch="false" />
			<line number="444"  hits="0"  branch="false" />
			<line number="445"  hits="0"  branch="false" />
			<line number="448"  hits="0"  branch="false" />
			<line number="449"  hits="0"  branch="false" />
			<line number="450"  hits="0"  branch="false" />
			<line number="454"  hits="0"  branch="false" />
			<line number="456"  hits="0"  branch="false" />
			<line number="457"  hits="0"  branch="true"  condition-coverage="0% (0/2)" />
			<line number="458"  hits="0"  branch="false" />
			<line number="460"  hits="0"  branch="false" />
			<line number="462"  hits="0"  branch="true"  condition-coverage="0% (0/2)" />
			<line number="464"  hits="0"  branch="false" />
			<line number="465"  hits="0"  branch="false" />
			<line number="467"  hits="0"  branch="false" />
			<line number="468"  hits="0"  branch="false" />
			<line number="471"  hits="0"  branch="false" />
			<line number="475"  hits="0"  branch="false" />
			<line number="476"  hits="0"  branch="false" />
			<line number="480"  hits="0"  branch="false" />
			<line number="481"  hits="0"  branch="false" />
			<line number="482"  hits="0"  branch="false" />
			<line number="483"  hits="0"  branch="false" />
			<line number="484"  hits="0"  branch="false" />
			<line number="489"  hits="0"  branch="false" />
			<line number="490"  hits="0"  branch="false" />
			<line number="491"  hits="0"  branch="false" />
			<line number="492"  hits="0"  branch="false" />
			<line number="497"  hits="0"  branch="false" />
			<line number="498"  hits="0"  branch="false" />
			<line number="504"  hits="0"  branch="false" />
			<line number="508"  hits="4"  branch="true"  condition-coverage="75% (3/4)" />
			<line number="509"  hits="0"  branch="true"  condition-coverage="0% (0/2)" />
			<line number="510"  hits="0"  branch="false" />
			<line number="511"  hits="0"  branch="false" />
			<line number="514"  hits="4"  branch="true"  condition-coverage="50% (1/2)" />
			<line number="515"  hits="4"  branch="false" />
			<line number="516"  hits="4"  branch="false" />
			<line number="517"  hits="4"  branch="true"  condition-coverage="100% (2/2)" />
			<line number="518"  hits="2"  branch="false" />
			<line number="521"  hits="4"  branch="false" />
			<line number="526"  hits="0"  branch="false" />
			<line number="530"  hits="0"  branch="false" />
			<line number="534"  hits="0"  branch="false" />
			<line number="536"  hits="0"  branch="true"  condition-coverage="0% (0/4)" />
			<line number="537"  hits="0"  branch="false" />
			<line number="543"  hits="0"  branch="false" />
			<line number="544"  hits="0"  branch="false" />
			<line number="552"  hits="0"  branch="false" />
			<line number="556"  hits="10"  branch="false" />
			<line number="557"  hits="10"  branch="true"  condition-coverage="50% (1/2)" />
			<line number="558"  hits="10"  branch="false" />
			<line number="559"  hits="10"  branch="false" />
			<line number="560"  hits="10"  branch="false" />
			<line number="563"  hits="0"  branch="false" />
			<line number="570"  hits="0"  branch="false" />
			<line number="571"  hits="0"  branch="false" />
			<line number="572"  hits="0"  branch="false" />
			<line number="575"  hits="0"  branch="false" />
			<line number="583"  hits="0"  branch="false" />
			<line number="585"  hits="0"  branch="false" />
			<line number="586"  hits="0"  branch="false" />
			<line number="587"  hits="0"  branch="false" />
			<line number="589"  hits="0"  branch="false" />
		</lines>
		</class>
		<class name="imagecache.js"  filename="application/imagecache.js"  line-rate="0.0667"  branch-rate="0" >
		<methods>
			<method name="(anonymous_1)"  hits="0"  signature="()V" >
				<lines><line number="6"  hits="0" /></lines>
			</method>
			<method name="(anonymous_2)"  hits="0"  signature="()V" >
				<lines><line number="10"  hits="0" /></lines>
			</method>
			<method name="(anonymous_3)"  hits="0"  signature="()V" >
				<lines><line number="17"  hits="0" /></lines>
			</method>
			<method name="(anonymous_4)"  hits="0"  signature="()V" >
				<lines><line number="26"  hits="0" /></lines>
			</method>
			<method name="(anonymous_5)"  hits="0"  signature="()V" >
				<lines><line number="31"  hits="0" /></lines>
			</method>
			<method name="(anonymous_6)"  hits="0"  signature="()V" >
				<lines><line number="35"  hits="0" /></lines>
			</method>
			<method name="(anonymous_7)"  hits="0"  signature="()V" >
				<lines><line number="39"  hits="0" /></lines>
			</method>
			<method name="(anonymous_8)"  hits="0"  signature="()V" >
				<lines><line number="43"  hits="0" /></lines>
			</method>
			<method name="(anonymous_9)"  hits="0"  signature="()V" >
				<lines><line number="47"  hits="0" /></lines>
			</method>
		</methods>
		<lines>
			<line number="1"  hits="1"  branch="false" />
			<line number="7"  hits="0"  branch="false" />
			<line number="11"  hits="0"  branch="true"  condition-coverage="0% (0/2)" />
			<line number="12"  hits="0"  branch="false" />
			<line number="14"  hits="0"  branch="false" />
			<line number="18"  hits="0"  branch="false" />
			<line number="19"  hits="0"  branch="false" />
			<line number="23"  hits="0"  branch="false" />
			<line number="27"  hits="0"  branch="false" />
			<line number="28"  hits="0"  branch="false" />
			<line number="32"  hits="0"  branch="false" />
			<line number="36"  hits="0"  branch="false" />
			<line number="40"  hits="0"  branch="false" />
			<line number="44"  hits="0"  branch="false" />
			<line number="48"  hits="0"  branch="false" />
		</lines>
		</class>
		<class name="inputmanager.js"  filename="application/inputmanager.js"  line-rate="0.9286"  branch-rate="0.75" >
		<methods>
			<method name="(anonymous_1)"  hits="27"  signature="()V" >
				<lines><line number="8"  hits="27" /></lines>
			</method>
			<method name="(anonymous_2)"  hits="6"  signature="()V" >
				<lines><line number="20"  hits="6" /></lines>
			</method>
			<method name="(anonymous_3)"  hits="0"  signature="()V" >
				<lines><line number="34"  hits="0" /></lines>
			</method>
			<method name="(anonymous_4)"  hits="4"  signature="()V" >
				<lines><line number="39"  hits="4" /></lines>
			</method>
			<method name="onBlur"  hits="1"  signature="()V" >
				<lines><line number="41"  hits="1" /></lines>
			</method>
			<method name="(anonymous_6)"  hits="3"  signature="()V" >
				<lines><line number="49"  hits="3" /></lines>
			</method>
			<method name="input"  hits="2"  signature="()V" >
				<lines><line number="51"  hits="2" /></lines>
			</method>
			<method name="(anonymous_8)"  hits="2"  signature="()V" >
				<lines><line number="60"  hits="2" /></lines>
			</method>
			<method name="(anonymous_9)"  hits="2"  signature="()V" >
				<lines><line number="65"  hits="2" /></lines>
			</method>
			<method name="(anonymous_10)"  hits="3"  signature="()V" >
				<lines><line number="70"  hits="3" /></lines>
			</method>
			<method name="(anonymous_11)"  hits="4"  signature="()V" >
				<lines><line number="74"  hits="4" /></lines>
			</method>
			<method name="(anonymous_12)"  hits="5"  signature="()V" >
				<lines><line number="82"  hits="5" /></lines>
			</method>
		</methods>
		<lines>
			<line number="1"  hits="1"  branch="false" />
			<line number="9"  hits="27"  branch="false" />
			<line number="10"  hits="27"  branch="false" />
			<line number="11"  hits="27"  branch="false" />
			<line number="12"  hits="27"  branch="false" />
			<line number="13"  hits="27"  branch="true"  condition-coverage="50% (1/2)" />
			<line number="14"  hits="27"  branch="true"  condition-coverage="50% (1/2)" />
			<line number="15"  hits="0"  branch="false" />
			<line number="17"  hits="27"  branch="false" />
			<line number="21"  hits="6"  branch="false" />
			<line number="22"  hits="6"  branch="true"  condition-coverage="100% (2/2)" />
			<line number="23"  hits="2"  branch="false" />
			<line number="25"  hits="2"  branch="false" />
			<line number="27"  hits="6"  branch="false" />
			<line number="28"  hits="6"  branch="false" />
			<line number="30"  hits="6"  branch="false" />
			<line number="31"  hits="6"  branch="false" />
			<line number="35"  hits="0"  branch="false" />
			<line number="36"  hits="0"  branch="false" />
			<line number="40"  hits="4"  branch="false" />
			<line number="41"  hits="4"  branch="false" />
			<line number="42"  hits="1"  branch="true"  condition-coverage="50% (1/2)" />
			<line number="43"  hits="1"  branch="false" />
			<line number="45"  hits="1"  branch="false" />
			<line number="50"  hits="3"  branch="false" />
			<line number="51"  hits="3"  branch="false" />
			<line number="53"  hits="2"  branch="false" />
			<line number="54"  hits="2"  branch="true"  condition-coverage="100% (2/2)" />
			<line number="55"  hits="1"  branch="false" />
			<line number="61"  hits="2"  branch="false" />
			<line number="62"  hits="2"  branch="false" />
			<line number="66"  hits="2"  branch="false" />
			<line number="67"  hits="2"  branch="false" />
			<line number="71"  hits="3"  branch="false" />
			<line number="75"  hits="4"  branch="false" />
			<line number="76"  hits="4"  branch="true"  condition-coverage="100% (2/2)" />
			<line number="77"  hits="2"  branch="false" />
			<line number="79"  hits="4"  branch="false" />
			<line number="83"  hits="5"  branch="false" />
			<line number="84"  hits="5"  branch="false" />
			<line number="85"  hits="5"  branch="false" />
			<line number="86"  hits="5"  branch="false" />
		</lines>
		</class>
		<class name="packetfactory.js"  filename="application/packetfactory.js"  line-rate="0.0105"  branch-rate="0" >
		<methods>
			<method name="(anonymous_1)"  hits="0"  signature="()V" >
				<lines><line number="2"  hits="0" /></lines>
			</method>
		</methods>
		<lines>
			<line number="1"  hits="1"  branch="false" />
			<line number="3"  hits="0"  branch="false" />
			<line number="4"  hits="0"  branch="true"  condition-coverage="0% (0/5)" />
			<line number="6"  hits="0"  branch="true"  condition-coverage="0% (0/4)" />
			<line number="7"  hits="0"  branch="false" />
			<line number="9"  hits="0"  branch="true"  condition-coverage="0% (0/27)" />
			<line number="11"  hits="0"  branch="false" />
			<line number="13"  hits="0"  branch="false" />
			<line number="14"  hits="0"  branch="false" />
			<line number="16"  hits="0"  branch="false" />
			<line number="17"  hits="0"  branch="false" />
			<line number="19"  hits="0"  branch="false" />
			<line number="20"  hits="0"  branch="false" />
			<line number="22"  hits="0"  branch="false" />
			<line number="23"  hits="0"  branch="false" />
			<line number="26"  hits="0"  branch="false" />
			<line number="28"  hits="0"  branch="false" />
			<line number="30"  hits="0"  branch="false" />
			<line number="31"  hits="0"  branch="false" />
			<line number="33"  hits="0"  branch="false" />
			<line number="34"  hits="0"  branch="false" />
			<line number="36"  hits="0"  branch="false" />
			<line number="37"  hits="0"  branch="false" />
			<line number="39"  hits="0"  branch="false" />
			<line number="40"  hits="0"  branch="false" />
			<line number="42"  hits="0"  branch="false" />
			<line number="43"  hits="0"  branch="false" />
			<line number="45"  hits="0"  branch="false" />
			<line number="47"  hits="0"  branch="false" />
			<line number="48"  hits="0"  branch="false" />
			<line number="50"  hits="0"  branch="false" />
			<line number="53"  hits="0"  branch="false" />
			<line number="54"  hits="0"  branch="false" />
			<line number="56"  hits="0"  branch="false" />
			<line number="57"  hits="0"  branch="false" />
			<line number="59"  hits="0"  branch="false" />
			<line number="60"  hits="0"  branch="false" />
			<line number="62"  hits="0"  branch="false" />
			<line number="63"  hits="0"  branch="false" />
			<line number="65"  hits="0"  branch="false" />
			<line number="66"  hits="0"  branch="false" />
			<line number="68"  hits="0"  branch="false" />
			<line number="69"  hits="0"  branch="false" />
			<line number="71"  hits="0"  branch="false" />
			<line number="72"  hits="0"  branch="false" />
			<line number="74"  hits="0"  branch="false" />
			<line number="75"  hits="0"  branch="false" />
			<line number="77"  hits="0"  branch="false" />
			<line number="78"  hits="0"  branch="false" />
			<line number="80"  hits="0"  branch="false" />
			<line number="81"  hits="0"  branch="false" />
			<line number="83"  hits="0"  branch="false" />
			<line number="84"  hits="0"  branch="false" />
			<line number="86"  hits="0"  branch="false" />
			<line number="87"  hits="0"  branch="false" />
			<line number="89"  hits="0"  branch="false" />
			<line number="91"  hits="0"  branch="true"  condition-coverage="0% (0/1)" />
			<line number="93"  hits="0"  branch="false" />
			<line number="94"  hits="0"  branch="false" />
			<line number="96"  hits="0"  branch="false" />
			<line number="98"  hits="0"  branch="true"  condition-coverage="0% (0/6)" />
			<line number="100"  hits="0"  branch="false" />
			<line number="101"  hits="0"  branch="false" />
			<line number="103"  hits="0"  branch="false" />
			<line number="104"  hits="0"  branch="false" />
			<line number="106"  hits="0"  branch="false" />
			<line number="107"  hits="0"  branch="false" />
			<line number="109"  hits="0"  branch="false" />
			<line number="110"  hits="0"  branch="false" />
			<line number="112"  hits="0"  branch="false" />
			<line number="113"  hits="0"  branch="false" />
			<line number="115"  hits="0"  branch="false" />
			<line number="116"  hits="0"  branch="false" />
			<line number="118"  hits="0"  branch="false" />
			<line number="120"  hits="0"  branch="true"  condition-coverage="0% (0/2)" />
			<line number="122"  hits="0"  branch="false" />
			<line number="123"  hits="0"  branch="false" />
			<line number="125"  hits="0"  branch="false" />
			<line number="126"  hits="0"  branch="false" />
			<line number="128"  hits="0"  branch="false" />
			<line number="130"  hits="0"  branch="true"  condition-coverage="0% (0/4)" />
			<line number="132"  hits="0"  branch="false" />
			<line number="133"  hits="0"  branch="false" />
			<line number="135"  hits="0"  branch="false" />
			<line number="136"  hits="0"  branch="false" />
			<line number="138"  hits="0"  branch="false" />
			<line number="139"  hits="0"  branch="false" />
			<line number="141"  hits="0"  branch="false" />
			<line number="142"  hits="0"  branch="false" />
			<line number="145"  hits="0"  branch="true"  condition-coverage="0% (0/2)" />
			<line number="146"  hits="0"  branch="true"  condition-coverage="0% (0/5)" />
			<line number="147"  hits="0"  branch="false" />
			<line number="149"  hits="0"  branch="false" />
			<line number="155"  hits="0"  branch="false" />
			<line number="156"  hits="0"  branch="false" />
		</lines>
		</class>
		<class name="packetfilter.js"  filename="application/packetfilter.js"  line-rate="0.0256"  branch-rate="0" >
		<methods>
			<method name="(anonymous_1)"  hits="0"  signature="()V" >
				<lines><line number="4"  hits="0" /></lines>
			</method>
			<method name="(anonymous_2)"  hits="0"  signature="()V" >
				<lines><line number="42"  hits="0" /></lines>
			</method>
		</methods>
		<lines>
			<line number="1"  hits="1"  branch="false" />
			<line number="5"  hits="0"  branch="true"  condition-coverage="0% (0/2)" />
			<line number="6"  hits="0"  branch="false" />
			<line number="12"  hits="0"  branch="true"  condition-coverage="0% (0/4)" />
			<line number="13"  hits="0"  branch="false" />
			<line number="18"  hits="0"  branch="true"  condition-coverage="0% (0/4)" />
			<line number="19"  hits="0"  branch="false" />
			<line number="20"  hits="0"  branch="false" />
			<line number="24"  hits="0"  branch="true"  condition-coverage="0% (0/2)" />
			<line number="25"  hits="0"  branch="true"  condition-coverage="0% (0/2)" />
			<line number="26"  hits="0"  branch="false" />
			<line number="27"  hits="0"  branch="false" />
			<line number="28"  hits="0"  branch="false" />
			<line number="29"  hits="0"  branch="false" />
			<line number="30"  hits="0"  branch="false" />
			<line number="31"  hits="0"  branch="false" />
			<line number="32"  hits="0"  branch="false" />
			<line number="33"  hits="0"  branch="false" />
			<line number="35"  hits="0"  branch="false" />
			<line number="36"  hits="0"  branch="false" />
			<line number="39"  hits="0"  branch="false" />
			<line number="43"  hits="0"  branch="true"  condition-coverage="0% (0/2)" />
			<line number="44"  hits="0"  branch="false" />
			<line number="45"  hits="0"  branch="false" />
			<line number="46"  hits="0"  branch="false" />
			<line number="49"  hits="0"  branch="true"  condition-coverage="0% (0/2)" />
			<line number="50"  hits="0"  branch="false" />
			<line number="51"  hits="0"  branch="true"  condition-coverage="0% (0/4)" />
			<line number="52"  hits="0"  branch="false" />
			<line number="54"  hits="0"  branch="false" />
			<line number="57"  hits="0"  branch="true"  condition-coverage="0% (0/4)" />
			<line number="58"  hits="0"  branch="false" />
			<line number="62"  hits="0"  branch="true"  condition-coverage="0% (0/4)" />
			<line number="63"  hits="0"  branch="false" />
			<line number="64"  hits="0"  branch="false" />
			<line number="68"  hits="0"  branch="false" />
			<line number="69"  hits="0"  branch="false" />
			<line number="70"  hits="0"  branch="true"  condition-coverage="0% (0/2)" />
			<line number="71"  hits="0"  branch="false" />
		</lines>
		</class>
		<class name="packetprocess.js"  filename="application/packetprocess.js"  line-rate="0.6875"  branch-rate="0.625" >
		<methods>
			<method name="(anonymous_1)"  hits="4"  signature="()V" >
				<lines><line number="5"  hits="4" /></lines>
			</method>
			<method name="(anonymous_2)"  hits="3"  signature="()V" >
				<lines><line number="22"  hits="3" /></lines>
			</method>
			<method name="(anonymous_3)"  hits="0"  signature="()V" >
				<lines><line number="30"  hits="0" /></lines>
			</method>
			<method name="(anonymous_4)"  hits="3"  signature="()V" >
				<lines><line number="38"  hits="3" /></lines>
			</method>
			<method name="(anonymous_5)"  hits="0"  signature="()V" >
				<lines><line number="46"  hits="0" /></lines>
			</method>
		</methods>
		<lines>
			<line number="2"  hits="1"  branch="false" />
			<line number="6"  hits="4"  branch="true"  condition-coverage="50% (1/2)" />
			<line number="9"  hits="4"  branch="true"  condition-coverage="50% (1/2)" />
			<line number="12"  hits="4"  branch="true"  condition-coverage="50% (1/2)" />
			<line number="16"  hits="4"  branch="true"  condition-coverage="50% (1/2)" />
			<line number="17"  hits="4"  branch="true"  condition-coverage="50% (1/2)" />
			<line number="23"  hits="3"  branch="true"  condition-coverage="50% (1/2)" />
			<line number="24"  hits="0"  branch="false" />
			<line number="26"  hits="3"  branch="false" />
			<line number="31"  hits="0"  branch="false" />
			<line number="32"  hits="0"  branch="false" />
			<line number="34"  hits="0"  branch="false" />
			<line number="39"  hits="3"  branch="true"  condition-coverage="100% (4/4)" />
			<line number="40"  hits="2"  branch="false" />
			<line number="43"  hits="1"  branch="false" />
			<line number="47"  hits="0"  branch="false" />
		</lines>
		</class>
		<class name="rasteroperation.js"  filename="application/rasteroperation.js"  line-rate="0.0161"  branch-rate="0" >
		<methods>
			<method name="(anonymous_1)"  hits="0"  signature="()V" >
				<lines><line number="3"  hits="0" /></lines>
			</method>
			<method name="(anonymous_2)"  hits="0"  signature="()V" >
				<lines><line number="37"  hits="0" /></lines>
			</method>
			<method name="(anonymous_3)"  hits="0"  signature="()V" >
				<lines><line number="42"  hits="0" /></lines>
			</method>
			<method name="(anonymous_4)"  hits="0"  signature="()V" >
				<lines><line number="48"  hits="0" /></lines>
			</method>
			<method name="(anonymous_5)"  hits="0"  signature="()V" >
				<lines><line number="55"  hits="0" /></lines>
			</method>
		</methods>
		<lines>
			<line number="1"  hits="1"  branch="false" />
			<line number="4"  hits="0"  branch="false" />
			<line number="5"  hits="0"  branch="true"  condition-coverage="0% (0/2)" />
			<line number="6"  hits="0"  branch="false" />
			<line number="7"  hits="0"  branch="true"  condition-coverage="0% (0/2)" />
			<line number="8"  hits="0"  branch="false" />
			<line number="9"  hits="0"  branch="true"  condition-coverage="0% (0/2)" />
			<line number="10"  hits="0"  branch="false" />
			<line number="13"  hits="0"  branch="true"  condition-coverage="0% (0/2)" />
			<line number="14"  hits="0"  branch="false" />
			<line number="15"  hits="0"  branch="true"  condition-coverage="0% (0/2)" />
			<line number="16"  hits="0"  branch="false" />
			<line number="17"  hits="0"  branch="true"  condition-coverage="0% (0/2)" />
			<line number="18"  hits="0"  branch="false" />
			<line number="19"  hits="0"  branch="true"  condition-coverage="0% (0/2)" />
			<line number="20"  hits="0"  branch="false" />
			<line number="21"  hits="0"  branch="true"  condition-coverage="0% (0/2)" />
			<line number="22"  hits="0"  branch="false" />
			<line number="23"  hits="0"  branch="true"  condition-coverage="0% (0/2)" />
			<line number="24"  hits="0"  branch="false" />
			<line number="25"  hits="0"  branch="true"  condition-coverage="0% (0/2)" />
			<line number="26"  hits="0"  branch="false" />
			<line number="29"  hits="0"  branch="true"  condition-coverage="0% (0/2)" />
			<line number="30"  hits="0"  branch="false" />
			<line number="32"  hits="0"  branch="false" />
			<line number="38"  hits="0"  branch="false" />
			<line number="39"  hits="0"  branch="false" />
			<line number="43"  hits="0"  branch="false" />
			<line number="45"  hits="0"  branch="false" />
			<line number="49"  hits="0"  branch="true"  condition-coverage="0% (0/2)" />
			<line number="50"  hits="0"  branch="false" />
			<line number="52"  hits="0"  branch="false" />
			<line number="59"  hits="0"  branch="false" />
			<line number="60"  hits="0"  branch="false" />
			<line number="62"  hits="0"  branch="false" />
			<line number="63"  hits="0"  branch="false" />
			<line number="64"  hits="0"  branch="false" />
			<line number="66"  hits="0"  branch="false" />
			<line number="67"  hits="0"  branch="false" />
			<line number="69"  hits="0"  branch="true"  condition-coverage="0% (0/2)" />
			<line number="70"  hits="0"  branch="false" />
			<line number="71"  hits="0"  branch="false" />
			<line number="72"  hits="0"  branch="false" />
			<line number="73"  hits="0"  branch="false" />
			<line number="74"  hits="0"  branch="false" />
			<line number="75"  hits="0"  branch="false" />
			<line number="77"  hits="0"  branch="true"  condition-coverage="0% (0/2)" />
			<line number="78"  hits="0"  branch="false" />
			<line number="79"  hits="0"  branch="false" />
			<line number="80"  hits="0"  branch="false" />
			<line number="81"  hits="0"  branch="false" />
			<line number="82"  hits="0"  branch="false" />
			<line number="83"  hits="0"  branch="false" />
			<line number="85"  hits="0"  branch="true"  condition-coverage="0% (0/2)" />
			<line number="86"  hits="0"  branch="false" />
			<line number="87"  hits="0"  branch="false" />
			<line number="88"  hits="0"  branch="false" />
			<line number="89"  hits="0"  branch="false" />
			<line number="90"  hits="0"  branch="false" />
			<line number="91"  hits="0"  branch="false" />
			<line number="94"  hits="0"  branch="false" />
			<line number="95"  hits="0"  branch="false" />
		</lines>
		</class>
		<class name="spiceconnection.js"  filename="application/spiceconnection.js"  line-rate="0.625"  branch-rate="0.75" >
		<methods>
			<method name="(anonymous_1)"  hits="13"  signature="()V" >
				<lines><line number="9"  hits="13" /></lines>
			</method>
			<method name="(anonymous_2)"  hits="4"  signature="()V" >
				<lines><line number="22"  hits="4" /></lines>
			</method>
			<method name="(anonymous_3)"  hits="0"  signature="()V" >
				<lines><line number="30"  hits="0" /></lines>
			</method>
			<method name="(anonymous_4)"  hits="0"  signature="()V" >
				<lines><line number="39"  hits="0" /></lines>
			</method>
			<method name="(anonymous_5)"  hits="13"  signature="()V" >
				<lines><line number="52"  hits="13" /></lines>
			</method>
			<method name="(anonymous_6)"  hits="13"  signature="()V" >
				<lines><line number="78"  hits="13" /></lines>
			</method>
			<method name="(anonymous_7)"  hits="65"  signature="()V" >
				<lines><line number="87"  hits="65" /></lines>
			</method>
			<method name="(anonymous_8)"  hits="1"  signature="()V" >
				<lines><line number="88"  hits="1" /></lines>
			</method>
			<method name="(anonymous_9)"  hits="0"  signature="()V" >
				<lines><line number="93"  hits="0" /></lines>
			</method>
			<method name="(anonymous_10)"  hits="1"  signature="()V" >
				<lines><line number="98"  hits="1" /></lines>
			</method>
			<method name="(anonymous_11)"  hits="1"  signature="()V" >
				<lines><line number="102"  hits="1" /></lines>
			</method>
			<method name="(anonymous_12)"  hits="1"  signature="()V" >
				<lines><line number="106"  hits="1" /></lines>
			</method>
			<method name="(anonymous_13)"  hits="1"  signature="()V" >
				<lines><line number="110"  hits="1" /></lines>
			</method>
			<method name="(anonymous_14)"  hits="0"  signature="()V" >
				<lines><line number="118"  hits="0" /></lines>
			</method>
			<method name="(anonymous_15)"  hits="0"  signature="()V" >
				<lines><line number="123"  hits="0" /></lines>
			</method>
			<method name="(anonymous_16)"  hits="0"  signature="()V" >
				<lines><line number="128"  hits="0" /></lines>
			</method>
			<method name="(anonymous_17)"  hits="0"  signature="()V" >
				<lines><line number="132"  hits="0" /></lines>
			</method>
			<method name="(anonymous_18)"  hits="0"  signature="()V" >
				<lines><line number="145"  hits="0" /></lines>
			</method>
			<method name="(anonymous_19)"  hits="0"  signature="()V" >
				<lines><line number="149"  hits="0" /></lines>
			</method>
			<method name="(anonymous_20)"  hits="0"  signature="()V" >
				<lines><line number="158"  hits="0" /></lines>
			</method>
		</methods>
		<lines>
			<line number="1"  hits="1"  branch="false" />
			<line number="10"  hits="13"  branch="false" />
			<line number="11"  hits="13"  branch="false" />
			<line number="12"  hits="13"  branch="true"  condition-coverage="100% (2/2)" />
			<line number="13"  hits="13"  branch="true"  condition-coverage="100% (2/2)" />
			<line number="14"  hits="13"  branch="true"  condition-coverage="100% (2/2)" />
			<line number="15"  hits="13"  branch="true"  condition-coverage="100% (2/2)" />
			<line number="16"  hits="13"  branch="true"  condition-coverage="100% (2/2)" />
			<line number="17"  hits="13"  branch="true"  condition-coverage="100% (2/2)" />
			<line number="18"  hits="13"  branch="true"  condition-coverage="50% (1/2)" />
			<line number="19"  hits="13"  branch="false" />
			<line number="23"  hits="4"  branch="false" />
			<line number="24"  hits="4"  branch="true"  condition-coverage="100% (2/2)" />
			<line number="25"  hits="1"  branch="false" />
			<line number="27"  hits="4"  branch="false" />
			<line number="31"  hits="0"  branch="false" />
			<line number="32"  hits="0"  branch="false" />
			<line number="33"  hits="0"  branch="false" />
			<line number="34"  hits="0"  branch="false" />
			<line number="36"  hits="0"  branch="false" />
			<line number="40"  hits="0"  branch="false" />
			<line number="41"  hits="0"  branch="true"  condition-coverage="0% (0/2)" />
			<line number="42"  hits="0"  branch="false" />
			<line number="47"  hits="0"  branch="false" />
			<line number="53"  hits="13"  branch="false" />
			<line number="54"  hits="13"  branch="false" />
			<line number="55"  hits="13"  branch="false" />
			<line number="56"  hits="13"  branch="false" />
			<line number="57"  hits="13"  branch="false" />
			<line number="58"  hits="13"  branch="false" />
			<line number="60"  hits="13"  branch="false" />
			<line number="62"  hits="13"  branch="false" />
			<line number="63"  hits="13"  branch="true"  condition-coverage="50% (1/2)" />
			<line number="64"  hits="0"  branch="false" />
			<line number="66"  hits="13"  branch="false" />
			<line number="69"  hits="13"  branch="false" />
			<line number="70"  hits="65"  branch="true"  condition-coverage="50% (1/2)" />
			<line number="71"  hits="65"  branch="false" />
			<line number="72"  hits="65"  branch="false" />
			<line number="73"  hits="65"  branch="false" />
			<line number="79"  hits="13"  branch="false" />
			<line number="80"  hits="13"  branch="false" />
			<line number="81"  hits="13"  branch="false" />
			<line number="82"  hits="13"  branch="false" />
			<line number="83"  hits="13"  branch="false" />
			<line number="88"  hits="65"  branch="false" />
			<line number="89"  hits="1"  branch="false" />
			<line number="94"  hits="0"  branch="false" />
			<line number="99"  hits="1"  branch="false" />
			<line number="103"  hits="1"  branch="false" />
			<line number="107"  hits="1"  branch="false" />
			<line number="108"  hits="5"  branch="false" />
			<line number="109"  hits="5"  branch="true"  condition-coverage="100% (4/4)" />
			<line number="110"  hits="1"  branch="false" />
			<line number="111"  hits="1"  branch="false" />
			<line number="115"  hits="1"  branch="false" />
			<line number="119"  hits="0"  branch="false" />
			<line number="120"  hits="0"  branch="false" />
			<line number="124"  hits="0"  branch="false" />
			<line number="125"  hits="0"  branch="false" />
			<line number="129"  hits="0"  branch="false" />
			<line number="146"  hits="0"  branch="false" />
			<line number="150"  hits="0"  branch="false" />
			<line number="151"  hits="0"  branch="false" />
			<line number="153"  hits="0"  branch="false" />
			<line number="159"  hits="0"  branch="false" />
			<line number="162"  hits="0"  branch="false" />
			<line number="163"  hits="0"  branch="false" />
			<line number="165"  hits="0"  branch="true"  condition-coverage="0% (0/2)" />
			<line number="166"  hits="0"  branch="false" />
			<line number="168"  hits="0"  branch="false" />
			<line number="169"  hits="0"  branch="false" />
		</lines>
		</class>
		<class name="stream.js"  filename="application/stream.js"  line-rate="0.2"  branch-rate="1" >
		<methods>
			<method name="(anonymous_1)"  hits="0"  signature="()V" >
				<lines><line number="4"  hits="0" /></lines>
			</method>
			<method name="(anonymous_2)"  hits="0"  signature="()V" >
				<lines><line number="8"  hits="0" /></lines>
			</method>
			<method name="(anonymous_3)"  hits="0"  signature="()V" >
				<lines><line number="12"  hits="0" /></lines>
			</method>
			<method name="(anonymous_4)"  hits="0"  signature="()V" >
				<lines><line number="16"  hits="0" /></lines>
			</method>
		</methods>
		<lines>
			<line number="1"  hits="1"  branch="false" />
			<line number="5"  hits="0"  branch="false" />
			<line number="9"  hits="0"  branch="false" />
			<line number="13"  hits="0"  branch="false" />
			<line number="17"  hits="0"  branch="false" />
		</lines>
		</class>
		<class name="virtualmouse.js"  filename="application/virtualmouse.js"  line-rate="0.05"  branch-rate="0" >
		<methods>
			<method name="(anonymous_1)"  hits="0"  signature="()V" >
				<lines><line number="17"  hits="0" /></lines>
			</method>
			<method name="(anonymous_2)"  hits="0"  signature="()V" >
				<lines><line number="22"  hits="0" /></lines>
			</method>
			<method name="(anonymous_3)"  hits="0"  signature="()V" >
				<lines><line number="33"  hits="0" /></lines>
			</method>
			<method name="(anonymous_4)"  hits="0"  signature="()V" >
				<lines><line number="42"  hits="0" /></lines>
			</method>
			<method name="(anonymous_5)"  hits="0"  signature="()V" >
				<lines><line number="53"  hits="0" /></lines>
			</method>
		</methods>
		<lines>
			<line number="1"  hits="1"  branch="false" />
			<line number="18"  hits="0"  branch="false" />
			<line number="19"  hits="0"  branch="false" />
			<line number="23"  hits="0"  branch="false" />
			<line number="34"  hits="0"  branch="false" />
			<line number="35"  hits="0"  branch="false" />
			<line number="36"  hits="0"  branch="true"  condition-coverage="0% (0/2)" />
			<line number="37"  hits="0"  branch="false" />
			<line number="43"  hits="0"  branch="false" />
			<line number="44"  hits="0"  branch="false" />
			<line number="45"  hits="0"  branch="false" />
			<line number="46"  hits="0"  branch="false" />
			<line number="47"  hits="0"  branch="true"  condition-coverage="0% (0/6)" />
			<line number="48"  hits="0"  branch="false" />
			<line number="54"  hits="0"  branch="true"  condition-coverage="0% (0/2)" />
			<line number="55"  hits="0"  branch="false" />
			<line number="56"  hits="0"  branch="false" />
			<line number="57"  hits="0"  branch="false" />
			<line number="58"  hits="0"  branch="false" />
			<line number="59"  hits="0"  branch="false" />
		</lines>
		</class>
	</classes>
	</package>
	<package name="keymaps"  line-rate="0.8503000000000001"  branch-rate="0.0339" >
	<classes>
		<class name="keymap.js"  filename="keymaps/keymap.js"  line-rate="0.0645"  branch-rate="0.0339" >
		<methods>
			<method name="(anonymous_1)"  hits="0"  signature="()V" >
				<lines><line number="12"  hits="0" /></lines>
			</method>
			<method name="(anonymous_2)"  hits="0"  signature="()V" >
				<lines><line number="26"  hits="0" /></lines>
			</method>
			<method name="(anonymous_3)"  hits="0"  signature="()V" >
				<lines><line number="36"  hits="0" /></lines>
			</method>
			<method name="(anonymous_4)"  hits="0"  signature="()V" >
				<lines><line number="50"  hits="0" /></lines>
			</method>
			<method name="(anonymous_5)"  hits="0"  signature="()V" >
				<lines><line number="75"  hits="0" /></lines>
			</method>
			<method name="(anonymous_6)"  hits="0"  signature="()V" >
				<lines><line number="82"  hits="0" /></lines>
			</method>
			<method name="(anonymous_7)"  hits="0"  signature="()V" >
				<lines><line number="102"  hits="0" /></lines>
			</method>
			<method name="(anonymous_8)"  hits="2"  signature="()V" >
				<lines><line number="111"  hits="2" /></lines>
			</method>
			<method name="(anonymous_9)"  hits="0"  signature="()V" >
				<lines><line number="116"  hits="0" /></lines>
			</method>
			<method name="(anonymous_10)"  hits="0"  signature="()V" >
				<lines><line number="122"  hits="0" /></lines>
			</method>
		</methods>
		<lines>
			<line number="1"  hits="1"  branch="false" />
			<line number="5"  hits="1"  branch="false" />
			<line number="13"  hits="0"  branch="false" />
			<line number="14"  hits="0"  branch="false" />
			<line number="15"  hits="0"  branch="false" />
			<line number="16"  hits="0"  branch="false" />
			<line number="17"  hits="0"  branch="false" />
			<line number="19"  hits="0"  branch="false" />
			<line number="20"  hits="0"  branch="false" />
			<line number="21"  hits="0"  branch="false" />
			<line number="22"  hits="0"  branch="false" />
			<line number="27"  hits="0"  branch="true"  condition-coverage="0% (0/2)" />
			<line number="28"  hits="0"  branch="false" />
			<line number="37"  hits="0"  branch="true"  condition-coverage="0% (0/2)" />
			<line number="38"  hits="0"  branch="false" />
			<line number="39"  hits="0"  branch="true"  condition-coverage="0% (0/2)" />
			<line number="40"  hits="0"  branch="false" />
			<line number="41"  hits="0"  branch="true"  condition-coverage="0% (0/2)" />
			<line number="42"  hits="0"  branch="false" />
			<line number="43"  hits="0"  branch="true"  condition-coverage="0% (0/2)" />
			<line number="44"  hits="0"  branch="false" />
			<line number="46"  hits="0"  branch="false" />
			<line number="51"  hits="0"  branch="false" />
			<line number="52"  hits="0"  branch="false" />
			<line number="53"  hits="0"  branch="true"  condition-coverage="0% (0/2)" />
			<line number="54"  hits="0"  branch="false" />
			<line number="56"  hits="0"  branch="false" />
			<line number="58"  hits="0"  branch="true"  condition-coverage="0% (0/2)" />
			<line number="59"  hits="0"  branch="true"  condition-coverage="0% (0/2)" />
			<line number="60"  hits="0"  branch="true"  condition-coverage="0% (0/2)" />
			<line number="61"  hits="0"  branch="false" />
			<line number="62"  hits="0"  branch="true"  condition-coverage="0% (0/2)" />
			<line number="63"  hits="0"  branch="false" />
			<line number="66"  hits="0"  branch="true"  condition-coverage="0% (0/2)" />
			<line number="67"  hits="0"  branch="false" />
			<line number="68"  hits="0"  branch="true"  condition-coverage="0% (0/2)" />
			<line number="69"  hits="0"  branch="false" />
			<line number="72"  hits="0"  branch="false" />
			<line number="76"  hits="0"  branch="true"  condition-coverage="0% (0/4)" />
			<line number="77"  hits="0"  branch="true"  condition-coverage="0% (0/2)" />
			<line number="78"  hits="0"  branch="true"  condition-coverage="0% (0/2)" />
			<line number="83"  hits="0"  branch="true"  condition-coverage="0% (0/5)" />
			<line number="84"  hits="0"  branch="true"  condition-coverage="0% (0/2)" />
			<line number="85"  hits="0"  branch="true"  condition-coverage="0% (0/2)" />
			<line number="86"  hits="0"  branch="false" />
			<line number="89"  hits="0"  branch="true"  condition-coverage="0% (0/2)" />
			<line number="90"  hits="0"  branch="false" />
			<line number="94"  hits="0"  branch="true"  condition-coverage="0% (0/4)" />
			<line number="95"  hits="0"  branch="false" />
			<line number="99"  hits="0"  branch="false" />
			<line number="103"  hits="0"  branch="true"  condition-coverage="0% (0/4)" />
			<line number="104"  hits="0"  branch="true"  condition-coverage="0% (0/2)" />
			<line number="105"  hits="0"  branch="false" />
			<line number="108"  hits="0"  branch="false" />
			<line number="112"  hits="2"  branch="true"  condition-coverage="100% (2/2)" />
			<line number="113"  hits="1"  branch="false" />
			<line number="117"  hits="0"  branch="false" />
			<line number="118"  hits="0"  branch="true"  condition-coverage="0% (0/2)" />
			<line number="119"  hits="0"  branch="false" />
			<line number="123"  hits="0"  branch="true"  condition-coverage="0% (0/2)" />
			<line number="124"  hits="0"  branch="false" />
			<line number="126"  hits="0"  branch="false" />
		</lines>
		</class>
		<class name="keymapes.js"  filename="keymaps/keymapes.js"  line-rate="0.9814"  branch-rate="1" >
		<methods>
			<method name="(anonymous_1)"  hits="1"  signature="()V" >
				<lines><line number="2"  hits="1" /></lines>
			</method>
			<method name="(anonymous_2)"  hits="0"  signature="()V" >
				<lines><line number="231"  hits="0" /></lines>
			</method>
			<method name="(anonymous_3)"  hits="0"  signature="()V" >
				<lines><line number="235"  hits="0" /></lines>
			</method>
			<method name="(anonymous_4)"  hits="0"  signature="()V" >
				<lines><line number="239"  hits="0" /></lines>
			</method>
			<method name="(anonymous_5)"  hits="0"  signature="()V" >
				<lines><line number="243"  hits="0" /></lines>
			</method>
		</methods>
		<lines>
			<line number="2"  hits="1"  branch="false" />
			<line number="6"  hits="1"  branch="false" />
			<line number="7"  hits="1"  branch="false" />
			<line number="8"  hits="1"  branch="false" />
			<line number="9"  hits="1"  branch="false" />
			<line number="10"  hits="1"  branch="false" />
			<line number="11"  hits="1"  branch="false" />
			<line number="12"  hits="1"  branch="false" />
			<line number="13"  hits="1"  branch="false" />
			<line number="14"  hits="1"  branch="false" />
			<line number="15"  hits="1"  branch="false" />
			<line number="16"  hits="1"  branch="false" />
			<line number="17"  hits="1"  branch="false" />
			<line number="18"  hits="1"  branch="false" />
			<line number="19"  hits="1"  branch="false" />
			<line number="20"  hits="1"  branch="false" />
			<line number="21"  hits="1"  branch="false" />
			<line number="22"  hits="1"  branch="false" />
			<line number="23"  hits="1"  branch="false" />
			<line number="24"  hits="1"  branch="false" />
			<line number="25"  hits="1"  branch="false" />
			<line number="26"  hits="1"  branch="false" />
			<line number="27"  hits="1"  branch="false" />
			<line number="28"  hits="1"  branch="false" />
			<line number="29"  hits="1"  branch="false" />
			<line number="30"  hits="1"  branch="false" />
			<line number="31"  hits="1"  branch="false" />
			<line number="32"  hits="1"  branch="false" />
			<line number="33"  hits="1"  branch="false" />
			<line number="34"  hits="1"  branch="false" />
			<line number="35"  hits="1"  branch="false" />
			<line number="36"  hits="1"  branch="false" />
			<line number="37"  hits="1"  branch="false" />
			<line number="38"  hits="1"  branch="false" />
			<line number="39"  hits="1"  branch="false" />
			<line number="40"  hits="1"  branch="false" />
			<line number="41"  hits="1"  branch="false" />
			<line number="42"  hits="1"  branch="false" />
			<line number="43"  hits="1"  branch="false" />
			<line number="44"  hits="1"  branch="false" />
			<line number="45"  hits="1"  branch="false" />
			<line number="46"  hits="1"  branch="false" />
			<line number="47"  hits="1"  branch="false" />
			<line number="48"  hits="1"  branch="false" />
			<line number="49"  hits="1"  branch="false" />
			<line number="50"  hits="1"  branch="false" />
			<line number="51"  hits="1"  branch="false" />
			<line number="52"  hits="1"  branch="false" />
			<line number="53"  hits="1"  branch="false" />
			<line number="54"  hits="1"  branch="false" />
			<line number="55"  hits="1"  branch="false" />
			<line number="56"  hits="1"  branch="false" />
			<line number="57"  hits="1"  branch="false" />
			<line number="58"  hits="1"  branch="false" />
			<line number="59"  hits="1"  branch="false" />
			<line number="60"  hits="1"  branch="false" />
			<line number="61"  hits="1"  branch="false" />
			<line number="62"  hits="1"  branch="false" />
			<line number="63"  hits="1"  branch="false" />
			<line number="64"  hits="1"  branch="false" />
			<line number="65"  hits="1"  branch="false" />
			<line number="66"  hits="1"  branch="false" />
			<line number="67"  hits="1"  branch="false" />
			<line number="68"  hits="1"  branch="false" />
			<line number="69"  hits="1"  branch="false" />
			<line number="70"  hits="1"  branch="false" />
			<line number="71"  hits="1"  branch="false" />
			<line number="72"  hits="1"  branch="false" />
			<line number="73"  hits="1"  branch="false" />
			<line number="74"  hits="1"  branch="false" />
			<line number="75"  hits="1"  branch="false" />
			<line number="76"  hits="1"  branch="false" />
			<line number="77"  hits="1"  branch="false" />
			<line number="78"  hits="1"  branch="false" />
			<line number="79"  hits="1"  branch="false" />
			<line number="80"  hits="1"  branch="false" />
			<line number="81"  hits="1"  branch="false" />
			<line number="82"  hits="1"  branch="false" />
			<line number="83"  hits="1"  branch="false" />
			<line number="84"  hits="1"  branch="false" />
			<line number="85"  hits="1"  branch="false" />
[...]
			<method name="execute"  hits="6"  signature="()V" >
				<lines><line number="97"  hits="6" /></lines>
			</method>
			<method name="(anonymous_15)"  hits="1"  signature="()V" >
				<lines><line number="101"  hits="1" /></lines>
			</method>
			<method name="(anonymous_16)"  hits="1"  signature="()V" >
				<lines><line number="106"  hits="1" /></lines>
			</method>
			<method name="(anonymous_17)"  hits="1"  signature="()V" >
				<lines><line number="111"  hits="1" /></lines>
			</method>
			<method name="(anonymous_18)"  hits="1"  signature="()V" >
				<lines><line number="116"  hits="1" /></lines>
			</method>
			<method name="(anonymous_19)"  hits="1"  signature="()V" >
				<lines><line number="121"  hits="1" /></lines>
			</method>
			<method name="(anonymous_20)"  hits="1"  signature="()V" >
				<lines><line number="126"  hits="1" /></lines>
			</method>
			<method name="(anonymous_21)"  hits="1"  signature="()V" >
				<lines><line number="132"  hits="1" /></lines>
			</method>
			<method name="createKeyupEvent"  hits="3"  signature="()V" >
				<lines><line number="133"  hits="3" /></lines>
			</method>
			<method name="(anonymous_23)"  hits="1"  signature="()V" >
				<lines><line number="143"  hits="1" /></lines>
			</method>
			<method name="(anonymous_24)"  hits="1"  signature="()V" >
				<lines><line number="152"  hits="1" /></lines>
			</method>
			<method name="(anonymous_25)"  hits="1"  signature="()V" >
				<lines><line number="159"  hits="1" /></lines>
			</method>
			<method name="(anonymous_26)"  hits="1"  signature="()V" >
				<lines><line number="168"  hits="1" /></lines>
			</method>
			<method name="(anonymous_27)"  hits="1"  signature="()V" >
				<lines><line number="175"  hits="1" /></lines>
			</method>
			<method name="(anonymous_28)"  hits="1"  signature="()V" >
				<lines><line number="184"  hits="1" /></lines>
			</method>
		</methods>
		<lines>
			<line number="1"  hits="1"  branch="false" />
			<line number="2"  hits="1"  branch="false" />
			<line number="3"  hits="1"  branch="false" />
			<line number="4"  hits="1"  branch="false" />
			<line number="6"  hits="1"  branch="false" />
			<line number="7"  hits="19"  branch="false" />
			<line number="8"  hits="19"  branch="false" />
			<line number="11"  hits="1"  branch="false" />
			<line number="12"  hits="3"  branch="false" />
			<line number="21"  hits="1"  branch="false" />
			<line number="22"  hits="9"  branch="false" />
			<line number="28"  hits="1"  branch="false" />
			<line number="29"  hits="3"  branch="false" />
			<line number="30"  hits="3"  branch="false" />
			<line number="31"  hits="3"  branch="false" />
			<line number="32"  hits="3"  branch="false" />
			<line number="33"  hits="3"  branch="false" />
			<line number="35"  hits="3"  branch="false" />
			<line number="36"  hits="3"  branch="false" />
			<line number="38"  hits="3"  branch="false" />
			<line number="43"  hits="3"  branch="false" />
			<line number="47"  hits="1"  branch="false" />
			<line number="48"  hits="3"  branch="false" />
			<line number="49"  hits="3"  branch="false" />
			<line number="51"  hits="3"  branch="false" />
			<line number="52"  hits="3"  branch="false" />
			<line number="55"  hits="3"  branch="false" />
			<line number="60"  hits="3"  branch="false" />
			<line number="61"  hits="3"  branch="false" />
			<line number="65"  hits="1"  branch="false" />
			<line number="66"  hits="3"  branch="false" />
			<line number="69"  hits="3"  branch="false" />
			<line number="74"  hits="1"  branch="false" />
			<line number="75"  hits="1"  branch="false" />
			<line number="81"  hits="1"  branch="false" />
			<line number="86"  hits="1"  branch="false" />
			<line number="89"  hits="1"  branch="false" />
			<line number="94"  hits="1"  branch="false" />
			<line number="95"  hits="1"  branch="false" />
			<line number="97"  hits="1"  branch="false" />
			<line number="98"  hits="6"  branch="false" />
			<line number="101"  hits="1"  branch="false" />
			<line number="102"  hits="1"  branch="false" />
			<line number="103"  hits="1"  branch="false" />
			<line number="106"  hits="1"  branch="false" />
			<line number="107"  hits="1"  branch="false" />
			<line number="108"  hits="1"  branch="false" />
			<line number="111"  hits="1"  branch="false" />
			<line number="112"  hits="1"  branch="false" />
			<line number="113"  hits="1"  branch="false" />
			<line number="116"  hits="1"  branch="false" />
			<line number="117"  hits="1"  branch="false" />
			<line number="118"  hits="1"  branch="false" />
			<line number="121"  hits="1"  branch="false" />
			<line number="122"  hits="1"  branch="false" />
			<line number="123"  hits="1"  branch="false" />
			<line number="126"  hits="1"  branch="false" />
			<line number="127"  hits="1"  branch="false" />
			<line number="128"  hits="1"  branch="false" />
			<line number="132"  hits="1"  branch="false" />
			<line number="133"  hits="1"  branch="false" />
			<line number="134"  hits="3"  branch="false" />
			<line number="140"  hits="3"  branch="false" />
			<line number="143"  hits="1"  branch="false" />
			<line number="144"  hits="1"  branch="false" />
			<line number="145"  hits="1"  branch="false" />
			<line number="149"  hits="1"  branch="false" />
			<line number="152"  hits="1"  branch="false" />
			<line number="153"  hits="1"  branch="false" />
			<line number="154"  hits="1"  branch="false" />
			<line number="155"  hits="1"  branch="false" />
			<line number="156"  hits="1"  branch="false" />
			<line number="159"  hits="1"  branch="false" />
			<line number="160"  hits="1"  branch="false" />
			<line number="161"  hits="1"  branch="false" />
			<line number="165"  hits="1"  branch="false" />
			<line number="168"  hits="1"  branch="false" />
			<line number="169"  hits="1"  branch="false" />
			<line number="170"  hits="1"  branch="false" />
			<line number="171"  hits="1"  branch="false" />
			<line number="172"  hits="1"  branch="false" />
			<line number="175"  hits="1"  branch="false" />
			<line number="176"  hits="1"  branch="false" />
			<line number="177"  hits="1"  branch="false" />
			<line number="181"  hits="1"  branch="false" />
			<line number="184"  hits="1"  branch="false" />
			<line number="185"  hits="1"  branch="false" />
			<line number="186"  hits="1"  branch="false" />
			<line number="187"  hits="1"  branch="false" />
			<line number="188"  hits="1"  branch="false" />
		</lines>
		</class>
		<class name="syncasynchandler.test.js"  filename="unittest/syncasynchandler.test.js"  line-rate="1"  branch-rate="1" >
		<methods>
			<method name="(anonymous_1)"  hits="1"  signature="()V" >
				<lines><line number="1"  hits="1" /></lines>
			</method>
			<method name="(anonymous_2)"  hits="3"  signature="()V" >
				<lines><line number="7"  hits="3" /></lines>
			</method>
			<method name="(anonymous_3)"  hits="0"  signature="()V" >
				<lines><line number="9"  hits="0" /></lines>
			</method>
			<method name="(anonymous_4)"  hits="1"  signature="()V" >
				<lines><line number="25"  hits="1" /></lines>
			</method>
			<method name="(anonymous_5)"  hits="3"  signature="()V" >
				<lines><line number="31"  hits="3" /></lines>
			</method>
			<method name="(anonymous_6)"  hits="1"  signature="()V" >
				<lines><line number="35"  hits="1" /></lines>
			</method>
			<method name="(anonymous_7)"  hits="1"  signature="()V" >
				<lines><line number="45"  hits="1" /></lines>
			</method>
			<method name="(anonymous_8)"  hits="1"  signature="()V" >
				<lines><line number="55"  hits="1" /></lines>
			</method>
		</methods>
		<lines>
			<line number="1"  hits="1"  branch="false" />
			<line number="2"  hits="1"  branch="false" />
			<line number="3"  hits="1"  branch="false" />
			<line number="4"  hits="1"  branch="false" />
			<line number="5"  hits="1"  branch="false" />
			<line number="7"  hits="1"  branch="false" />
			<line number="8"  hits="3"  branch="false" />
			<line number="12"  hits="3"  branch="false" />
			<line number="14"  hits="3"  branch="false" />
			<line number="20"  hits="3"  branch="false" />
			<line number="24"  hits="3"  branch="false" />
			<line number="28"  hits="3"  branch="false" />
			<line number="31"  hits="1"  branch="false" />
			<line number="35"  hits="1"  branch="false" />
			<line number="36"  hits="1"  branch="false" />
			<line number="37"  hits="1"  branch="false" />
			<line number="38"  hits="1"  branch="false" />
			<line number="40"  hits="1"  branch="false" />
			<line number="42"  hits="1"  branch="false" />
			<line number="45"  hits="1"  branch="false" />
			<line number="46"  hits="1"  branch="false" />
			<line number="47"  hits="1"  branch="false" />
			<line number="48"  hits="1"  branch="false" />
			<line number="49"  hits="1"  branch="false" />
			<line number="50"  hits="1"  branch="false" />
			<line number="52"  hits="1"  branch="false" />
			<line number="55"  hits="1"  branch="false" />
			<line number="56"  hits="1"  branch="false" />
			<line number="57"  hits="1"  branch="false" />
			<line number="58"  hits="1"  branch="false" />
			<line number="60"  hits="1"  branch="false" />
		</lines>
		</class>
		<class name="tests.js"  filename="unittest/tests.js"  line-rate="1"  branch-rate="1" >
		<methods>
			<method name="(anonymous_1)"  hits="1"  signature="()V" >
				<lines><line number="5"  hits="1" /></lines>
			</method>
			<method name="(anonymous_2)"  hits="1"  signature="()V" >
				<lines><line number="6"  hits="1" /></lines>
			</method>
			<method name="(anonymous_3)"  hits="1"  signature="()V" >
				<lines><line number="12"  hits="1" /></lines>
			</method>
			<method name="fakeWorkerProcess"  hits="1"  signature="()V" >
				<lines><line number="14"  hits="1" /></lines>
			</method>
			<method name="(anonymous_5)"  hits="0"  signature="()V" >
				<lines><line number="16"  hits="0" /></lines>
			</method>
			<method name="(anonymous_6)"  hits="9"  signature="()V" >
				<lines><line number="99"  hits="9" /></lines>
			</method>
			<method name="(anonymous_7)"  hits="36"  signature="()V" >
				<lines><line number="104"  hits="36" /></lines>
			</method>
		</methods>
		<lines>
			<line number="1"  hits="1"  branch="false" />
			<line number="2"  hits="1"  branch="false" />
			<line number="3"  hits="1"  branch="false" />
			<line number="4"  hits="1"  branch="false" />
			<line number="5"  hits="1"  branch="false" />
			<line number="6"  hits="1"  branch="false" />
			<line number="7"  hits="1"  branch="false" />
			<line number="8"  hits="1"  branch="false" />
			<line number="9"  hits="1"  branch="false" />
			<line number="14"  hits="1"  branch="false" />
			<line number="15"  hits="1"  branch="false" />
			<line number="16"  hits="1"  branch="false" />
			<line number="21"  hits="1"  branch="false" />
			<line number="22"  hits="1"  branch="false" />
			<line number="23"  hits="1"  branch="false" />
			<line number="24"  hits="1"  branch="false" />
			<line number="25"  hits="1"  branch="false" />
			<line number="30"  hits="1"  branch="false" />
			<line number="31"  hits="1"  branch="false" />
			<line number="33"  hits="1"  branch="false" />
			<line number="99"  hits="1"  branch="false" />
			<line number="100"  hits="9"  branch="false" />
			<line number="103"  hits="1"  branch="false" />
			<line number="104"  hits="1"  branch="false" />
			<line number="105"  hits="36"  branch="true"  condition-coverage="100% (4/4)" />
			<line number="106"  hits="5"  branch="false" />
			<line number="108"  hits="31"  branch="false" />
			<line number="110"  hits="1"  branch="false" />
			<line number="111"  hits="1"  branch="false" />
			<line number="113"  hits="1"  branch="false" />
		</lines>
		</class>
		<class name="timelapsedetector.test.js"  filename="unittest/timelapsedetector.test.js"  line-rate="1"  branch-rate="1" >
		<methods>
			<method name="(anonymous_1)"  hits="1"  signature="()V" >
				<lines><line number="1"  hits="1" /></lines>
			</method>
			<method name="(anonymous_2)"  hits="3"  signature="()V" >
				<lines><line number="6"  hits="3" /></lines>
			</method>
			<method name="(anonymous_3)"  hits="3"  signature="()V" >
				<lines><line number="14"  hits="3" /></lines>
			</method>
			<method name="(anonymous_4)"  hits="1"  signature="()V" >
				<lines><line number="18"  hits="1" /></lines>
			</method>
			<method name="(anonymous_5)"  hits="1"  signature="()V" >
				<lines><line number="26"  hits="1" /></lines>
			</method>
			<method name="(anonymous_6)"  hits="1"  signature="()V" >
				<lines><line number="42"  hits="1" /></lines>
			</method>
		</methods>
		<lines>
			<line number="1"  hits="1"  branch="false" />
			<line number="2"  hits="1"  branch="false" />
			<line number="3"  hits="1"  branch="false" />
			<line number="4"  hits="1"  branch="false" />
			<line number="6"  hits="1"  branch="false" />
			<line number="7"  hits="3"  branch="false" />
			<line number="8"  hits="3"  branch="false" />
			<line number="9"  hits="3"  branch="false" />
			<line number="11"  hits="3"  branch="false" />
			<line number="14"  hits="1"  branch="false" />
			<line number="15"  hits="3"  branch="false" />
			<line number="18"  hits="1"  branch="false" />
			<line number="19"  hits="1"  branch="false" />
			<line number="21"  hits="1"  branch="false" />
			<line number="22"  hits="1"  branch="false" />
			<line number="23"  hits="1"  branch="false" />
			<line number="26"  hits="1"  branch="false" />
			<line number="27"  hits="1"  branch="false" />
			<line number="28"  hits="1"  branch="false" />
			<line number="30"  hits="1"  branch="false" />
			<line number="32"  hits="1"  branch="false" />
			<line number="33"  hits="1"  branch="false" />
			<line number="37"  hits="1"  branch="false" />
			<line number="39"  hits="1"  branch="false" />
			<line number="42"  hits="1"  branch="false" />
			<line number="43"  hits="1"  branch="false" />
			<line number="44"  hits="1"  branch="false" />
			<line number="45"  hits="1"  branch="false" />
			<line number="46"  hits="1"  branch="false" />
			<line number="47"  hits="3"  branch="false" />
			<line number="49"  hits="1"  branch="false" />
			<line number="51"  hits="1"  branch="false" />
			<line number="52"  hits="1"  branch="false" />
		</lines>
		</class>
		<class name="viewqueue.test.js"  filename="unittest/viewqueue.test.js"  line-rate="1"  branch-rate="1" >
		<methods>
			<method name="(anonymous_1)"  hits="1"  signature="()V" >
				<lines><line number="1"  hits="1" /></lines>
			</method>
			<method name="(anonymous_2)"  hits="13"  signature="()V" >
				<lines><line number="2"  hits="13" /></lines>
			</method>
			<method name="(anonymous_3)"  hits="1"  signature="()V" >
				<lines><line number="6"  hits="1" /></lines>
			</method>
			<method name="(anonymous_4)"  hits="1"  signature="()V" >
				<lines><line number="8"  hits="1" /></lines>
			</method>
			<method name="(anonymous_5)"  hits="1"  signature="()V" >
				<lines><line number="14"  hits="1" /></lines>
			</method>
			<method name="(anonymous_6)"  hits="3"  signature="()V" >
				<lines><line number="15"  hits="3" /></lines>
			</method>
			<method name="(anonymous_7)"  hits="1"  signature="()V" >
				<lines><line number="19"  hits="1" /></lines>
			</method>
			<method name="(anonymous_8)"  hits="1"  signature="()V" >
				<lines><line number="24"  hits="1" /></lines>
			</method>
			<method name="(anonymous_9)"  hits="1"  signature="()V" >
				<lines><line number="29"  hits="1" /></lines>
			</method>
			<method name="(anonymous_10)"  hits="1"  signature="()V" >
				<lines><line number="36"  hits="1" /></lines>
			</method>
			<method name="(anonymous_11)"  hits="5"  signature="()V" >
				<lines><line number="37"  hits="5" /></lines>
			</method>
			<method name="(anonymous_12)"  hits="1"  signature="()V" >
				<lines><line number="42"  hits="1" /></lines>
			</method>
			<method name="(anonymous_13)"  hits="1"  signature="()V" >
				<lines><line number="47"  hits="1" /></lines>
			</method>
			<method name="(anonymous_14)"  hits="1"  signature="()V" >
				<lines><line number="52"  hits="1" /></lines>
			</method>
			<method name="(anonymous_15)"  hits="1"  signature="()V" >
				<lines><line number="57"  hits="1" /></lines>
			</method>
			<method name="(anonymous_16)"  hits="1"  signature="()V" >
				<lines><line number="62"  hits="1" /></lines>
			</method>
			<method name="(anonymous_17)"  hits="1"  signature="()V" >
				<lines><line number="68"  hits="1" /></lines>
			</method>
			<method name="(anonymous_18)"  hits="4"  signature="()V" >
				<lines><line number="69"  hits="4" /></lines>
			</method>
			<method name="(anonymous_19)"  hits="1"  signature="()V" >
				<lines><line number="74"  hits="1" /></lines>
			</method>
			<method name="(anonymous_20)"  hits="1"  signature="()V" >
				<lines><line number="79"  hits="1" /></lines>
			</method>
			<method name="(anonymous_21)"  hits="1"  signature="()V" >
				<lines><line number="84"  hits="1" /></lines>
			</method>
			<method name="(anonymous_22)"  hits="1"  signature="()V" >
				<lines><line number="89"  hits="1" /></lines>
			</method>
		</methods>
		<lines>
			<line number="1"  hits="1"  branch="false" />
			<line number="2"  hits="1"  branch="false" />
			<line number="3"  hits="13"  branch="false" />
			<line number="6"  hits="1"  branch="false" />
			<line number="8"  hits="1"  branch="false" />
			<line number="9"  hits="1"  branch="false" />
			<line number="10"  hits="1"  branch="false" />
			<line number="14"  hits="1"  branch="false" />
			<line number="15"  hits="1"  branch="false" />
			<line number="16"  hits="3"  branch="false" />
			<line number="19"  hits="1"  branch="false" />
			<line number="20"  hits="1"  branch="false" />
			<line number="21"  hits="1"  branch="false" />
			<line number="24"  hits="1"  branch="false" />
			<line number="25"  hits="1"  branch="false" />
			<line number="26"  hits="1"  branch="false" />
			<line number="29"  hits="1"  branch="false" />
			<line number="30"  hits="1"  branch="false" />
			<line number="31"  hits="1"  branch="false" />
			<line number="32"  hits="1"  branch="false" />
			<line number="36"  hits="1"  branch="false" />
			<line number="37"  hits="1"  branch="false" />
			<line number="38"  hits="5"  branch="false" />
			<line number="39"  hits="5"  branch="false" />
			<line number="42"  hits="1"  branch="false" />
			<line number="43"  hits="1"  branch="false" />
			<line number="44"  hits="1"  branch="false" />
			<line number="47"  hits="1"  branch="false" />
			<line number="48"  hits="1"  branch="false" />
			<line number="49"  hits="1"  branch="false" />
			<line number="52"  hits="1"  branch="false" />
			<line number="53"  hits="1"  branch="false" />
			<line number="54"  hits="1"  branch="false" />
			<line number="57"  hits="1"  branch="false" />
			<line number="58"  hits="1"  branch="false" />
			<line number="59"  hits="1"  branch="false" />
			<line number="62"  hits="1"  branch="false" />
			<line number="63"  hits="1"  branch="false" />
			<line number="64"  hits="1"  branch="false" />
			<line number="68"  hits="1"  branch="false" />
			<line number="69"  hits="1"  branch="false" />
			<line number="70"  hits="4"  branch="false" />
			<line number="71"  hits="4"  branch="false" />
			<line number="74"  hits="1"  branch="false" />
			<line number="75"  hits="1"  branch="false" />
			<line number="76"  hits="1"  branch="false" />
			<line number="79"  hits="1"  branch="false" />
			<line number="80"  hits="1"  branch="false" />
			<line number="81"  hits="1"  branch="false" />
			<line number="84"  hits="1"  branch="false" />
			<line number="85"  hits="1"  branch="false" />
			<line number="86"  hits="1"  branch="false" />
			<line number="89"  hits="1"  branch="false" />
			<line number="90"  hits="1"  branch="false" />
			<line number="91"  hits="1"  branch="false" />
		</lines>
		</class>
	</classes>
	</package>
</packages>
</coverage>
