TN:
SF:/home/fedora/workspace/spice_commit-stage/unittest/tests.js
FN:5,(anonymous_1)
FN:6,(anonymous_2)
FN:12,(anonymous_3)
FN:14,fakeWorkerProcess
FN:16,(anonymous_5)
FN:99,(anonymous_6)
FN:104,(anonymous_7)
FNF:7
FNH:6
FNDA:1,(anonymous_1)
FNDA:1,(anonymous_2)
FNDA:1,(anonymous_3)
FNDA:1,fakeWorkerProcess
FNDA:0,(anonymous_5)
FNDA:9,(anonymous_6)
FNDA:36,(anonymous_7)
DA:1,1
DA:2,1
DA:3,1
DA:4,1
DA:5,1
DA:6,1
DA:7,1
DA:8,1
DA:9,1
DA:14,1
DA:15,1
DA:16,1
DA:21,1
DA:22,1
DA:23,1
DA:24,1
DA:25,1
DA:30,1
DA:31,1
DA:33,1
DA:99,1
DA:100,9
DA:103,1
DA:104,1
DA:105,36
DA:106,5
DA:108,31
DA:110,1
DA:111,1
DA:113,1
LF:30
LH:30
BRDA:105,1,0,5
BRDA:105,1,1,31
BRDA:105,2,0,36
BRDA:105,2,1,33
BRF:4
BRH:4
end_of_record
TN:
SF:/home/fedora/workspace/spice_commit-stage/lib/base64.js
FN:53,(anonymous_1)
FN:97,(anonymous_2)
FN:151,(anonymous_3)
FN:185,(anonymous_4)
FN:222,(anonymous_5)
FN:249,(anonymous_6)
FNF:6
FNH:0
FNDA:0,(anonymous_1)
FNDA:0,(anonymous_2)
FNDA:0,(anonymous_3)
FNDA:0,(anonymous_4)
FNDA:0,(anonymous_5)
FNDA:0,(anonymous_6)
DA:47,1
DA:55,0
DA:61,0
DA:62,0
DA:63,0
DA:64,0
DA:65,0
DA:69,0
DA:70,0
DA:71,0
DA:72,0
DA:73,0
DA:74,0
DA:75,0
DA:77,0
DA:78,0
DA:82,0
DA:99,0
DA:100,0
DA:107,0
DA:110,0
DA:111,0
DA:114,0
DA:115,0
DA:116,0
DA:118,0
DA:119,0
DA:120,0
DA:124,0
DA:125,0
DA:128,0
DA:129,0
DA:131,0
DA:132,0
DA:134,0
DA:139,0
DA:140,0
DA:144,0
DA:152,0
DA:153,0
DA:154,0
DA:156,0
DA:158,0
DA:160,0
DA:161,0
DA:162,0
DA:164,0
DA:165,0
DA:166,0
DA:167,0
DA:169,0
DA:170,0
DA:171,0
DA:172,0
DA:175,0
DA:181,0
DA:186,0
DA:187,0
DA:188,0
DA:189,0
DA:191,0
DA:193,0
DA:195,0
DA:196,0
DA:197,0
DA:198,0
DA:200,0
DA:201,0
DA:202,0
DA:204,0
DA:206,0
DA:207,0
DA:209,0
DA:210,0
DA:215,0
DA:217,0
DA:223,0
DA:224,0
DA:226,0
DA:228,0
DA:230,0
DA:231,0
DA:233,0
DA:234,0
DA:235,0
DA:238,0
DA:239,0
DA:240,0
DA:245,0
DA:250,0
DA:251,0
DA:252,0
DA:254,0
DA:256,0
DA:258,0
DA:259,0
DA:260,0
DA:262,0
DA:263,0
DA:264,0
DA:265,0
DA:268,0
DA:269,0
DA:270,0
DA:271,0
DA:276,0
LF:106
LH:1
BRDA:69,1,0,0
BRDA:69,1,1,0
BRDA:72,2,0,0
BRDA:72,2,1,0
BRDA:99,3,0,0
BRDA:99,3,1,0
BRDA:107,4,0,0
BRDA:107,4,1,0
BRDA:118,5,0,0
BRDA:118,5,1,0
BRDA:128,6,0,0
BRDA:128,6,1,0
BRDA:131,7,0,0
BRDA:131,7,1,0
BRDA:139,8,0,0
BRDA:139,8,1,0
BRDA:169,9,0,0
BRDA:169,9,1,0
BRDA:171,10,0,0
BRDA:171,10,1,0
BRDA:206,11,0,0
BRDA:206,11,1,0
BRDA:209,12,0,0
BRDA:209,12,1,0
BRDA:230,13,0,0
BRDA:230,13,1,0
BRDA:233,14,0,0
BRDA:233,14,1,0
BRDA:233,15,0,0
BRDA:233,15,1,0
BRDA:258,16,0,0
BRDA:258,16,1,0
BRDA:262,17,0,0
BRDA:262,17,1,0
BRDA:262,18,0,0
BRDA:262,18,1,0
BRF:36
BRH:0
end_of_record
TN:
SF:/home/fedora/workspace/spice_commit-stage/lib/biginteger.js
FN:44,(anonymous_1)
FN:97,BigInteger
FN:122,(anonymous_3)
FN:216,(anonymous_4)
FN:328,(anonymous_5)
FN:333,expandExponential
FN:336,(anonymous_7)
FN:439,(anonymous_8)
FN:499,(anonymous_9)
FN:515,(anonymous_10)
FN:535,(anonymous_11)
FN:609,(anonymous_12)
FN:610,addOne
FN:628,subtractOne
FN:661,(anonymous_15)
FN:685,(anonymous_16)
FN:716,(anonymous_17)
FN:771,(anonymous_18)
FN:804,(anonymous_19)
FN:827,(anonymous_20)
FN:888,(anonymous_21)
FN:951,(anonymous_22)
FN:1016,(anonymous_23)
FN:1045,(anonymous_24)
FN:1075,(anonymous_25)
FN:1151,(anonymous_26)
FN:1244,(anonymous_27)
FN:1261,(anonymous_28)
FN:1279,(anonymous_29)
FN:1295,(anonymous_30)
FN:1311,(anonymous_31)
FN:1327,(anonymous_32)
FN:1358,(anonymous_33)
FN:1408,(anonymous_34)
FN:1478,(anonymous_35)
FN:1514,(anonymous_36)
FN:1547,(anonymous_37)
FN:1565,(anonymous_38)
FN:1573,(anonymous_39)
FN:1574,makeUnary
FN:1575,(anonymous_41)
FN:1580,makeBinary
FN:1581,(anonymous_43)
FN:1586,makeTrinary
FN:1587,(anonymous_45)
FN:1592,(anonymous_46)
FN:1613,(anonymous_47)
FNF:47
FNH:14
FNDA:0,(anonymous_1)
FNDA:253,BigInteger
FNDA:1,(anonymous_3)
FNDA:1,(anonymous_4)
FNDA:4,(anonymous_5)
FNDA:2,expandExponential
FNDA:0,(anonymous_7)
FNDA:64,(anonymous_8)
FNDA:0,(anonymous_9)
FNDA:0,(anonymous_10)
FNDA:0,(anonymous_11)
FNDA:1,(anonymous_12)
FNDA:0,addOne
FNDA:0,subtractOne
FNDA:0,(anonymous_15)
FNDA:0,(anonymous_16)
FNDA:0,(anonymous_17)
FNDA:0,(anonymous_18)
FNDA:122,(anonymous_19)
FNDA:64,(anonymous_20)
FNDA:0,(anonymous_21)
FNDA:0,(anonymous_22)
FNDA:0,(anonymous_23)
FNDA:0,(anonymous_24)
FNDA:0,(anonymous_25)
FNDA:0,(anonymous_26)
FNDA:0,(anonymous_27)
FNDA:0,(anonymous_28)
FNDA:0,(anonymous_29)
FNDA:0,(anonymous_30)
FNDA:0,(anonymous_31)
FNDA:0,(anonymous_32)
FNDA:0,(anonymous_33)
FNDA:0,(anonymous_34)
FNDA:0,(anonymous_35)
FNDA:0,(anonymous_36)
FNDA:0,(anonymous_37)
FNDA:0,(anonymous_38)
FNDA:1,(anonymous_39)
FNDA:15,makeUnary
FNDA:0,(anonymous_41)
FNDA:10,makeBinary
FNDA:0,(anonymous_43)
FNDA:1,makeTrinary
FNDA:0,(anonymous_45)
FNDA:1,(anonymous_46)
FNDA:0,(anonymous_47)
DA:43,1
DA:44,0
DA:45,0
DA:46,0
DA:47,0
DA:50,0
DA:51,0
DA:52,0
DA:53,0
DA:54,0
DA:58,0
DA:97,1
DA:98,253
DA:99,128
DA:100,126
DA:102,2
DA:103,0
DA:105,2
DA:108,125
DA:109,125
DA:110,82
DA:112,125
DA:113,125
DA:119,1
DA:120,1
DA:122,1
DA:126,1
DA:130,1
DA:134,1
DA:138,1
DA:142,1
DA:155,1
DA:196,1
DA:199,1
DA:216,1
DA:217,1
DA:218,1
DA:219,0
DA:221,1
DA:222,1
DA:224,0
DA:225,0
DA:226,0
DA:227,0
DA:228,0
DA:229,0
DA:230,0
DA:232,0
DA:235,0
DA:236,0
DA:237,0
DA:239,0
DA:240,0
DA:241,0
DA:243,0
DA:244,0
DA:245,0
DA:246,0
DA:249,0
DA:251,0
DA:256,1
DA:328,1
DA:333,1
DA:334,2
DA:336,2
DA:337,0
DA:338,0
DA:339,0
DA:340,0
DA:341,0
DA:342,0
DA:343,0
DA:344,0
DA:348,4
DA:349,4
DA:350,2
DA:353,4
DA:354,4
DA:355,4
DA:356,4
DA:357,4
DA:359,4
DA:361,2
DA:362,0
DA:364,2
DA:365,0
DA:367,2
DA:368,0
DA:371,2
DA:374,2
DA:375,0
DA:378,4
DA:381,4
DA:382,0
DA:386,4
DA:387,4
DA:388,1
DA:392,3
DA:395,3
DA:396,1
DA:397,1
DA:398,1
DA:400,1
DA:401,1
DA:405,2
DA:406,0
DA:410,2
DA:411,2
DA:412,2
DA:413,2
DA:414,64
DA:416,2
DA:419,0
DA:439,1
DA:440,64
DA:441,2
DA:444,62
DA:445,62
DA:446,38
DA:448,24
DA:449,0
DA:450,0
DA:453,24
DA:454,24
DA:455,24
DA:456,24
DA:457,24
DA:458,24
DA:459,24
DA:460,24
DA:462,24
DA:463,24
DA:464,24
DA:465,24
DA:467,24
DA:468,0
DA:469,0
DA:471,24
DA:472,0
DA:473,0
DA:474,0
DA:476,24
DA:477,0
DA:480,24
DA:481,10
DA:484,24
DA:499,1
DA:500,0
DA:515,1
DA:516,0
DA:535,1
DA:536,0
DA:537,0
DA:540,0
DA:541,0
DA:542,0
DA:544,0
DA:545,0
DA:546,0
DA:549,0
DA:550,0
DA:552,0
DA:553,0
DA:554,0
DA:555,0
DA:559,0
DA:560,0
DA:561,0
DA:563,0
DA:565,0
DA:566,0
DA:567,0
DA:571,0
DA:572,0
DA:573,0
DA:574,0
DA:575,0
DA:576,0
DA:577,0
DA:578,0
DA:580,0
DA:581,0
DA:582,0
DA:583,0
DA:584,0
DA:587,0
DA:589,0
DA:591,0
DA:592,0
DA:593,0
DA:594,0
DA:597,0
DA:598,0
DA:600,0
DA:602,0
DA:603,0
DA:606,0
DA:609,1
DA:610,1
DA:611,0
DA:612,0
DA:613,0
DA:614,0
DA:616,0
DA:617,0
DA:618,0
DA:619,0
DA:620,0
DA:622,0
DA:625,0
DA:628,1
DA:629,0
DA:630,0
DA:631,0
DA:632,0
DA:634,0
DA:635,0
DA:636,0
DA:637,0
DA:640,0
DA:641,0
DA:643,0
DA:646,0
DA:661,1
DA:662,0
DA:664,0
DA:666,0
DA:669,0
DA:685,1
DA:686,0
DA:688,0
DA:690,0
DA:693,0
DA:716,1
DA:717,0
DA:718,0
DA:721,0
DA:722,0
DA:723,0
DA:725,0
DA:728,0
DA:729,0
DA:731,0
DA:732,0
DA:735,0
DA:736,0
DA:737,0
DA:738,0
DA:740,0
DA:741,0
DA:744,0
DA:745,0
DA:746,0
DA:747,0
DA:748,0
DA:752,0
DA:771,1
DA:772,0
DA:773,0
DA:776,0
DA:778,0
DA:779,0
DA:782,0
DA:783,0
DA:784,0
DA:787,0
DA:804,1
DA:805,122
DA:827,1
DA:829,64
DA:830,2
DA:833,62
DA:834,62
DA:835,0
DA:837,62
DA:838,2
DA:839,0
DA:841,2
DA:843,60
DA:844,0
DA:845,0
DA:847,0
DA:849,60
DA:850,0
DA:853,60
DA:854,60
DA:855,60
DA:856,60
DA:857,60
DA:859,60
DA:860,60
DA:861,60
DA:862,60
DA:863,136
DA:866,60
DA:867,60
DA:868,60
DA:869,60
DA:870,60
DA:871,60
DA:872,76
DA:873,76
DA:874,76
DA:876,60
DA:877,2
DA:878,2
DA:879,2
DA:882,60
DA:888,1
DA:889,0
DA:890,0
DA:892,0
DA:893,0
DA:896,0
DA:897,0
DA:898,0
DA:899,0
DA:900,0
DA:903,0
DA:906,0
DA:907,0
DA:909,0
DA:910,0
DA:913,0
DA:914,0
DA:916,0
DA:917,0
DA:918,0
DA:919,0
DA:922,0
DA:923,0
DA:924,0
DA:925,0
DA:926,0
DA:928,0
DA:929,0
DA:930,0
DA:931,0
DA:934,0
DA:951,1
DA:957,0
DA:958,0
DA:960,0
DA:961,0
DA:964,0
DA:965,0
DA:966,0
DA:967,0
DA:968,0
DA:971,0
DA:972,0
DA:973,0
DA:974,0
DA:975,0
DA:976,0
DA:980,0
DA:981,0
DA:982,0
DA:983,0
DA:984,0
DA:985,0
DA:986,0
DA:988,0
DA:989,0
DA:990,0
DA:991,0
DA:992,0
DA:995,0
DA:1016,1
DA:1017,0
DA:1024,1
DA:1045,1
DA:1046,0
DA:1075,1
DA:1076,0
DA:1077,0
DA:1078,0
DA:1080,0
DA:1081,0
DA:1083,0
DA:1084,0
DA:1088,0
DA:1090,0
DA:1092,0
DA:1095,0
DA:1096,0
DA:1097,0
DA:1098,0
DA:1099,0
DA:1100,0
DA:1101,0
DA:1103,0
DA:1104,0
DA:1106,0
DA:1107,0
DA:1108,0
DA:1110,0
DA:1111,0
DA:1112,0
DA:1114,0
DA:1115,0
DA:1118,0
DA:1119,0
DA:1120,0
DA:1121,0
DA:1124,0
DA:1126,0
DA:1128,0
DA:1129,0
DA:1130,0
DA:1131,0
DA:1133,0
DA:1136,0
DA:1137,0
DA:1138,0
DA:1140,0
DA:1141,0
DA:1144,0
DA:1151,1
DA:1152,0
DA:1153,0
DA:1154,0
DA:1155,0
DA:1158,0
DA:1159,0
DA:1160,0
DA:1162,0
DA:1163,0
DA:1166,0
DA:1167,0
DA:1170,0
DA:1171,0
DA:1177,0
DA:1178,0
DA:1179,0
DA:1180,0
DA:1181,0
DA:1183,0
DA:1184,0
DA:1186,0
DA:1189,0
DA:1190,0
DA:1191,0
DA:1192,0
DA:1193,0
DA:1194,0
DA:1196,0
DA:1197,0
DA:1198,0
DA:1199,0
DA:1200,0
DA:1201,0
DA:1202,0
DA:1204,0
DA:1205,0
DA:1208,0
DA:1211,0
DA:1212,0
DA:1213,0
DA:1214,0
DA:1215,0
DA:1216,0
DA:1219,0
DA:1220,0
DA:1223,0
DA:1224,0
DA:1225,0
DA:1227,0
DA:1244,1
DA:1245,0
DA:1246,0
DA:1261,1
DA:1262,0
DA:1279,1
DA:1280,0
DA:1295,1
DA:1296,0
DA:1311,1
DA:1312,0
DA:1327,1
DA:1328,0
DA:1358,1
DA:1359,0
DA:1360,0
DA:1361,0
DA:1363,0
DA:1364,0
DA:1366,0
DA:1367,0
DA:1369,0
DA:1370,0
DA:1372,0
DA:1373,0
DA:1374,0
DA:1375,0
DA:1376,0
DA:1377,0
DA:1378,0
DA:1380,0
DA:1382,0
DA:1383,0
DA:1385,0
DA:1408,1
DA:1409,0
DA:1410,0
DA:1411,0
DA:1414,0
DA:1418,0
DA:1419,0
DA:1420,0
DA:1422,0
DA:1423,0
DA:1424,0
DA:1427,0
DA:1430,0
DA:1431,0
DA:1433,0
DA:1434,0
DA:1437,0
DA:1438,0
DA:1440,0
DA:1441,0
DA:1442,0
DA:1444,0
DA:1445,0
DA:1446,0
DA:1447,0
DA:1448,0
DA:1451,0
DA:1452,0
DA:1455,0
DA:1478,1
DA:1479,0
DA:1480,0
DA:1482,0
DA:1483,0
DA:1484,0
DA:1487,0
DA:1488,0
DA:1489,0
DA:1493,0
DA:1514,1
DA:1515,0
DA:1516,0
DA:1517,0
DA:1521,0
DA:1523,0
DA:1524,0
DA:1527,0
DA:1528,0
DA:1529,0
DA:1547,1
DA:1548,0
DA:1565,1
DA:1566,0
DA:1571,1
DA:1573,1
DA:1574,1
DA:1575,15
DA:1576,0
DA:1580,1
DA:1581,10
DA:1582,0
DA:1586,1
DA:1587,1
DA:1588,0
DA:1592,1
DA:1593,1
DA:1594,1
DA:1595,1
DA:1596,1
DA:1598,1
DA:1599,15
DA:1600,15
DA:1603,1
DA:1604,10
DA:1605,10
DA:1608,1
DA:1609,1
DA:1610,1
DA:1613,1
DA:1614,0
DA:1619,1
DA:1620,1
LF:584
LH:181
BRDA:43,1,0,0
BRDA:43,1,1,1
BRDA:46,2,0,0
BRDA:46,2,1,0
BRDA:53,3,0,0
BRDA:53,3,1,0
BRDA:98,4,0,128
BRDA:98,4,1,125
BRDA:99,5,0,126
BRDA:99,5,1,2
BRDA:102,6,0,0
BRDA:102,6,1,2
BRDA:108,7,0,125
BRDA:108,7,1,0
BRDA:109,8,0,207
BRDA:109,8,1,206
BRDA:113,9,0,124
BRDA:113,9,1,1
BRDA:113,10,0,124
BRDA:113,10,1,0
BRDA:217,11,0,1
BRDA:217,11,1,0
BRDA:218,12,0,0
BRDA:218,12,1,1
BRDA:218,13,0,1
BRDA:218,13,1,1
BRDA:221,14,0,1
BRDA:221,14,1,0
BRDA:224,15,0,0
BRDA:224,15,1,0
BRDA:225,16,0,0
BRDA:225,16,1,0
BRDA:251,17,0,0
BRDA:251,17,1,0
BRDA:340,18,0,0
BRDA:340,18,1,0
BRDA:341,19,0,0
BRDA:341,19,1,0
BRDA:344,20,0,0
BRDA:344,20,1,0
BRDA:344,21,0,0
BRDA:344,21,1,0
BRDA:344,22,0,0
BRDA:344,22,1,0
BRDA:344,23,0,0
BRDA:344,23,1,0
BRDA:349,24,0,2
BRDA:349,24,1,2
BRDA:349,25,0,4
BRDA:349,25,1,2
BRDA:354,26,0,4
BRDA:354,26,1,0
BRDA:355,27,0,4
BRDA:355,27,1,4
BRDA:356,28,0,4
BRDA:356,28,1,4
BRDA:357,29,0,4
BRDA:357,29,1,0
BRDA:359,30,0,2
BRDA:359,30,1,2
BRDA:361,31,0,0
BRDA:361,31,1,2
BRDA:361,32,0,2
BRDA:361,32,1,2
BRDA:364,33,0,0
BRDA:364,33,1,2
BRDA:364,34,0,2
BRDA:364,34,1,2
BRDA:367,35,0,0
BRDA:367,35,1,2
BRDA:367,36,0,2
BRDA:367,36,1,2
BRDA:374,37,0,0
BRDA:374,37,1,2
BRDA:374,38,0,2
BRDA:374,38,1,2
BRDA:381,39,0,0
BRDA:381,39,1,4
BRDA:387,40,0,1
BRDA:387,40,1,3
BRDA:392,41,0,0
BRDA:392,41,1,3
BRDA:395,42,0,1
BRDA:395,42,1,2
BRDA:405,43,0,0
BRDA:405,43,1,2
BRDA:440,44,0,2
BRDA:440,44,1,62
BRDA:445,45,0,38
BRDA:445,45,1,24
BRDA:448,46,0,0
BRDA:448,46,1,24
BRDA:467,47,0,0
BRDA:467,47,1,24
BRDA:471,48,0,24
BRDA:471,48,1,0
BRDA:476,49,0,0
BRDA:476,49,1,24
BRDA:516,50,0,0
BRDA:516,50,1,0
BRDA:536,51,0,0
BRDA:536,51,1,0
BRDA:541,52,0,0
BRDA:541,52,1,0
BRDA:544,53,0,0
BRDA:544,53,1,0
BRDA:552,54,0,0
BRDA:552,54,1,0
BRDA:560,55,0,0
BRDA:560,55,1,0
BRDA:563,56,0,0
BRDA:563,56,1,0
BRDA:582,57,0,0
BRDA:582,57,1,0
BRDA:593,58,0,0
BRDA:593,58,1,0
BRDA:617,59,0,0
BRDA:617,59,1,0
BRDA:619,60,0,0
BRDA:619,60,1,0
BRDA:635,61,0,0
BRDA:635,61,1,0
BRDA:636,62,0,0
BRDA:636,62,1,0
BRDA:662,63,0,0
BRDA:662,63,1,0
BRDA:662,63,2,0
BRDA:686,64,0,0
BRDA:686,64,1,0
BRDA:686,64,2,0
BRDA:717,65,0,0
BRDA:717,65,1,0
BRDA:721,66,0,0
BRDA:721,66,1,0
BRDA:722,67,0,0
BRDA:722,67,1,0
BRDA:723,68,0,0
BRDA:723,68,1,0
BRDA:728,69,0,0
BRDA:728,69,1,0
BRDA:729,70,0,0
BRDA:729,70,1,0
BRDA:731,71,0,0
BRDA:731,71,1,0
BRDA:737,72,0,0
BRDA:737,72,1,0
BRDA:740,73,0,0
BRDA:740,73,1,0
BRDA:747,74,0,0
BRDA:747,74,1,0
BRDA:748,75,0,0
BRDA:748,75,1,0
BRDA:772,76,0,0
BRDA:772,76,1,0
BRDA:778,77,0,0
BRDA:778,77,1,0
BRDA:782,78,0,0
BRDA:782,78,1,0
BRDA:805,79,0,122
BRDA:805,79,1,120
BRDA:805,79,2,120
BRDA:805,79,3,104
BRDA:829,80,0,2
BRDA:829,80,1,62
BRDA:834,81,0,0
BRDA:834,81,1,62
BRDA:837,82,0,2
BRDA:837,82,1,60
BRDA:838,83,0,0
BRDA:838,83,1,2
BRDA:843,84,0,0
BRDA:843,84,1,60
BRDA:844,85,0,0
BRDA:844,85,1,0
BRDA:849,86,0,0
BRDA:849,86,1,60
BRDA:854,87,0,60
BRDA:854,87,1,0
BRDA:855,88,0,60
BRDA:855,88,1,0
BRDA:876,89,0,2
BRDA:876,89,1,58
BRDA:889,90,0,0
BRDA:889,90,1,0
BRDA:889,91,0,0
BRDA:889,91,1,0
BRDA:892,92,0,0
BRDA:892,92,1,0
BRDA:897,93,0,0
BRDA:897,93,1,0
BRDA:899,94,0,0
BRDA:899,94,1,0
BRDA:906,95,0,0
BRDA:906,95,1,0
BRDA:909,96,0,0
BRDA:909,96,1,0
BRDA:928,97,0,0
BRDA:928,97,1,0
BRDA:957,98,0,0
BRDA:957,98,1,0
BRDA:960,99,0,0
BRDA:960,99,1,0
BRDA:1077,100,0,0
BRDA:1077,100,1,0
BRDA:1080,101,0,0
BRDA:1080,101,1,0
BRDA:1083,102,0,0
BRDA:1083,102,1,0
BRDA:1088,103,0,0
BRDA:1088,103,1,0
BRDA:1090,104,0,0
BRDA:1090,104,1,0
BRDA:1110,105,0,0
BRDA:1110,105,1,0
BRDA:1114,106,0,0
BRDA:1114,106,1,0
BRDA:1121,107,0,0
BRDA:1121,107,1,0
BRDA:1130,108,0,0
BRDA:1130,108,1,0
BRDA:1137,109,0,0
BRDA:1137,109,1,0
BRDA:1154,110,0,0
BRDA:1154,110,1,0
BRDA:1158,111,0,0
BRDA:1158,111,1,0
BRDA:1162,112,0,0
BRDA:1162,112,1,0
BRDA:1162,113,0,0
BRDA:1162,113,1,0
BRDA:1166,114,0,0
BRDA:1166,114,1,0
BRDA:1170,115,0,0
BRDA:1170,115,1,0
BRDA:1170,116,0,0
BRDA:1170,116,1,0
BRDA:1171,117,0,0
BRDA:1171,117,1,0
BRDA:1177,118,0,0
BRDA:1177,118,1,0
BRDA:1180,119,0,0
BRDA:1180,119,1,0
BRDA:1183,120,0,0
BRDA:1183,120,1,0
BRDA:1198,121,0,0
BRDA:1198,121,1,0
BRDA:1204,122,0,0
BRDA:1204,122,1,0
BRDA:1214,123,0,0
BRDA:1214,123,1,0
BRDA:1224,124,0,0
BRDA:1224,124,1,0
BRDA:1246,125,0,0
BRDA:1246,125,1,0
BRDA:1246,125,2,0
BRDA:1360,126,0,0
BRDA:1360,126,1,0
BRDA:1363,127,0,0
BRDA:1363,127,1,0
BRDA:1366,128,0,0
BRDA:1366,128,1,0
BRDA:1372,129,0,0
BRDA:1372,129,1,0
BRDA:1376,130,0,0
BRDA:1376,130,1,0
BRDA:1377,131,0,0
BRDA:1377,131,1,0
BRDA:1385,132,0,0
BRDA:1385,132,1,0
BRDA:1409,133,0,0
BRDA:1409,133,1,0
BRDA:1410,134,0,0
BRDA:1410,134,1,0
BRDA:1414,135,0,0
BRDA:1414,135,1,0
BRDA:1419,136,0,0
BRDA:1419,136,1,0
BRDA:1422,137,0,0
BRDA:1422,137,1,0
BRDA:1423,138,0,0
BRDA:1423,138,1,0
BRDA:1430,139,0,0
BRDA:1430,139,1,0
BRDA:1433,140,0,0
BRDA:1433,140,1,0
BRDA:1437,141,0,0
BRDA:1437,141,1,0
BRDA:1445,142,0,0
BRDA:1445,142,1,0
BRDA:1447,143,0,0
BRDA:1447,143,1,0
BRDA:1483,144,0,0
BRDA:1483,144,1,0
BRDA:1488,145,0,0
BRDA:1488,145,1,0
BRDA:1515,146,0,0
BRDA:1515,146,1,0
BRDA:1515,146,2,0
BRDA:1523,147,0,0
BRDA:1523,147,1,0
BRDA:1619,148,0,1
BRDA:1619,148,1,0
BRF:302
BRH:73
end_of_record
TN:
SF:/home/fedora/workspace/spice_commit-stage/lib/jquery-2.0.3.js
FN:14,(anonymous_1)
FN:61,(anonymous_2)
FN:85,(anonymous_3)
FN:90,(anonymous_4)
FN:101,(anonymous_5)
FN:202,(anonymous_6)
FN:208,(anonymous_7)
FN:220,(anonymous_8)
FN:236,(anonymous_9)
FN:240,(anonymous_10)
FN:247,(anonymous_11)
FN:251,(anonymous_12)
FN:255,(anonymous_13)
FN:259,(anonymous_14)
FN:265,(anonymous_15)
FN:266,(anonymous_16)
FN:271,(anonymous_17)
FN:285,(anonymous_18)
FN:353,(anonymous_19)
FN:373,(anonymous_20)
FN:382,(anonymous_21)
FN:409,(anonymous_22)
FN:415,(anonymous_23)
FN:419,(anonymous_24)
FN:423,(anonymous_25)
FN:433,(anonymous_26)
FN:460,(anonymous_27)
FN:468,(anonymous_28)
FN:475,(anonymous_29)
FN:505,(anonymous_30)
FN:525,(anonymous_31)
FN:528,(anonymous_32)
FN:552,(anonymous_33)
FN:556,(anonymous_34)
FN:561,(anonymous_35)
FN:610,(anonymous_36)
FN:615,(anonymous_37)
FN:632,(anonymous_38)
FN:636,(anonymous_39)
FN:656,(anonymous_40)
FN:676,(anonymous_41)
FN:713,(anonymous_42)
FN:730,(anonymous_43)
FN:742,(anonymous_44)
FN:771,(anonymous_45)
FN:798,(anonymous_46)
FN:819,(anonymous_47)
FN:844,(anonymous_48)
FN:848,isArraylike
FN:877,(anonymous_50)
FN:908,(anonymous_51)
FN:928,(anonymous_52)
FN:1005,(anonymous_53)
FN:1032,(anonymous_54)
FN:1038,(anonymous_55)
FN:1048,Sizzle
FN:1163,createCache
FN:1166,cache
FN:1181,markFunction
FN:1190,assert
FN:1212,addHandle
FN:1227,siblingCheck
FN:1254,createInputPseudo
FN:1255,(anonymous_64)
FN:1265,createButtonPseudo
FN:1266,(anonymous_66)
FN:1276,createPositionalPseudo
FN:1277,(anonymous_68)
FN:1279,(anonymous_69)
FN:1298,(anonymous_70)
FN:1313,(anonymous_71)
FN:1334,(anonymous_72)
FN:1344,(anonymous_73)
FN:1353,(anonymous_74)
FN:1359,(anonymous_75)
FN:1374,(anonymous_76)
FN:1381,(anonymous_77)
FN:1389,(anonymous_78)
FN:1391,(anonymous_79)
FN:1400,(anonymous_80)
FN:1402,(anonymous_81)
FN:1411,(anonymous_82)
FN:1416,(anonymous_83)
FN:1436,(anonymous_84)
FN:1460,(anonymous_85)
FN:1482,(anonymous_86)
FN:1514,(anonymous_87)
FN:1536,(anonymous_88)
FN:1545,(anonymous_89)
FN:1561,(anonymous_90)
FN:1596,(anonymous_91)
FN:1652,(anonymous_92)
FN:1656,(anonymous_93)
FN:1685,(anonymous_94)
FN:1693,(anonymous_95)
FN:1714,(anonymous_96)
FN:1722,(anonymous_97)
FN:1751,(anonymous_98)
FN:1803,(anonymous_99)
FN:1816,(anonymous_100)
FN:1848,(anonymous_101)
FN:1879,(anonymous_102)
FN:1882,(anonymous_103)
FN:1883,(anonymous_104)
FN:1888,(anonymous_105)
FN:1893,(anonymous_106)
FN:1898,(anonymous_107)
FN:1899,(anonymous_108)
FN:1922,(anonymous_109)
FN:1930,(anonymous_110)
FN:1934,(anonymous_111)
FN:2011,(anonymous_112)
FN:2031,(anonymous_113)
FN:2040,(anonymous_114)
FN:2051,(anonymous_115)
FN:2060,(anonymous_116)
FN:2072,(anonymous_117)
FN:2079,(anonymous_118)
FN:2080,(anonymous_119)
FN:2085,(anonymous_120)
FN:2086,(anonymous_121)
FN:2098,(anonymous_122)
FN:2104,(anonymous_123)
FN:2120,(anonymous_124)
FN:2125,(anonymous_125)
FN:2129,(anonymous_126)
FN:2134,(anonymous_127)
FN:2138,(anonymous_128)
FN:2142,(anonymous_129)
FN:2149,(anonymous_130)
FN:2160,(anonymous_131)
FN:2174,(anonymous_132)
FN:2179,(anonymous_133)
FN:2183,(anonymous_134)
FN:2187,(anonymous_135)
FN:2192,(anonymous_136)
FN:2202,(anonymous_137)
FN:2206,(anonymous_138)
FN:2210,(anonymous_139)
FN:2214,(anonymous_140)
FN:2222,(anonymous_141)
FN:2230,(anonymous_142)
FN:2238,(anonymous_143)
FN:2259,setFilters
FN:2263,tokenize
FN:2330,toSelector
FN:2340,addCombinator
FN:2347,(anonymous_148)
FN:2356,(anonymous_149)
FN:2390,elementMatcher
FN:2392,(anonymous_151)
FN:2404,condense
FN:2425,setMatcher
FN:2432,(anonymous_154)
FN:2518,matcherFromTokens
FN:2526,(anonymous_156)
FN:2529,(anonymous_157)
FN:2532,(anonymous_158)
FN:2573,matcherFromGroupMatchers
FN:2578,(anonymous_160)
FN:2674,(anonymous_161)
FN:2701,multipleContexts
FN:2710,select
FN:2788,(anonymous_164)
FN:2796,(anonymous_165)
FN:2800,(anonymous_166)
FN:2809,(anonymous_167)
FN:2814,(anonymous_168)
FN:2823,(anonymous_169)
FN:2826,(anonymous_170)
FN:2850,createOptions
FN:2852,(anonymous_172)
FN:2880,(anonymous_173)
FN:2905,(anonymous_174)
FN:2934,(anonymous_175)
FN:2938,add
FN:2939,(anonymous_177)
FN:2965,(anonymous_178)
FN:2967,(anonymous_179)
FN:2987,(anonymous_180)
FN:2991,(anonymous_181)
FN:2997,(anonymous_182)
FN:3002,(anonymous_183)
FN:3006,(anonymous_184)
FN:3014,(anonymous_185)
FN:3018,(anonymous_186)
FN:3031,(anonymous_187)
FN:3036,(anonymous_188)
FN:3045,(anonymous_189)
FN:3054,(anonymous_190)
FN:3057,(anonymous_191)
FN:3061,(anonymous_192)
FN:3063,(anonymous_193)
FN:3064,(anonymous_194)
FN:3068,(anonymous_195)
FN:3085,(anonymous_196)
FN:3095,(anonymous_197)
FN:3104,(anonymous_198)
FN:3113,(anonymous_199)
FN:3133,(anonymous_200)
FN:3145,(anonymous_201)
FN:3146,(anonymous_202)
FN:3184,(anonymous_203)
FN:3247,(anonymous_204)
FN:3269,(anonymous_205)
FN:3312,Data
FN:3317,(anonymous_207)
FN:3327,(anonymous_208)
FN:3339,(anonymous_209)
FN:3375,(anonymous_210)
FN:3401,(anonymous_211)
FN:3411,(anonymous_212)
FN:3445,(anonymous_213)
FN:3483,(anonymous_214)
FN:3488,(anonymous_215)
FN:3503,(anonymous_216)
FN:3507,(anonymous_217)
FN:3511,(anonymous_218)
FN:3517,(anonymous_219)
FN:3521,(anonymous_220)
FN:3527,(anonymous_221)
FN:3557,(anonymous_222)
FN:3562,(anonymous_223)
FN:3598,(anonymous_224)
FN:3618,(anonymous_225)
FN:3619,(anonymous_226)
FN:3625,dataAttr
FN:3654,(anonymous_228)
FN:3673,(anonymous_229)
FN:3680,(anonymous_230)
FN:3709,(anonymous_231)
FN:3712,(anonymous_232)
FN:3720,(anonymous_233)
FN:3735,(anonymous_234)
FN:3746,(anonymous_235)
FN:3747,(anonymous_236)
FN:3753,(anonymous_237)
FN:3757,(anonymous_238)
FN:3759,(anonymous_239)
FN:3764,(anonymous_240)
FN:3769,(anonymous_241)
FN:3775,(anonymous_242)
FN:3804,(anonymous_243)
FN:3808,(anonymous_244)
FN:3809,(anonymous_245)
FN:3814,(anonymous_246)
FN:3818,(anonymous_247)
FN:3819,(anonymous_248)
FN:3824,(anonymous_249)
FN:3831,(anonymous_250)
FN:3863,(anonymous_251)
FN:3870,(anonymous_252)
FN:3901,(anonymous_253)
FN:3909,(anonymous_254)
FN:3914,(anonymous_255)
FN:3947,(anonymous_256)
FN:3960,(anonymous_257)
FN:3986,(anonymous_258)
FN:4005,(anonymous_259)
FN:4023,(anonymous_260)
FN:4031,(anonymous_261)
FN:4068,(anonymous_262)
FN:4090,(anonymous_263)
FN:4138,(anonymous_264)
FN:4160,(anonymous_265)
FN:4180,(anonymous_266)
FN:4211,(anonymous_267)
FN:4222,(anonymous_268)
FN:4232,(anonymous_269)
FN:4235,(anonymous_270)
FN:4258,(anonymous_271)
FN:4279,(anonymous_272)
FN:4284,(anonymous_273)
FN:4286,(anonymous_274)
FN:4293,(anonymous_275)
FN:4305,returnTrue
FN:4309,returnFalse
FN:4313,safeActiveElement
FN:4327,(anonymous_279)
FN:4356,(anonymous_280)
FN:4438,(anonymous_281)
FN:4508,(anonymous_282)
FN:4637,(anonymous_283)
FN:4696,(anonymous_284)
FN:4749,(anonymous_285)
FN:4762,(anonymous_286)
FN:4786,(anonymous_287)
FN:4835,(anonymous_288)
FN:4844,(anonymous_289)
FN:4854,(anonymous_290)
FN:4862,(anonymous_291)
FN:4868,(anonymous_292)
FN:4879,(anonymous_293)
FN:4903,(anonymous_294)
FN:4909,(anonymous_295)
FN:4949,(anonymous_296)
FN:4958,(anonymous_297)
FN:4967,(anonymous_298)
FN:4978,(anonymous_299)
FN:4983,(anonymous_300)
FN:5004,(anonymous_301)
FN:5008,(anonymous_302)
FN:5013,(anonymous_303)
FN:5018,(anonymous_304)
FN:5029,(anonymous_305)
FN:5070,(anonymous_306)
FN:5078,(anonymous_307)
FN:5082,(anonymous_308)
FN:5085,(anonymous_309)
FN:5112,(anonymous_310)
FN:5117,(anonymous_311)
FN:5118,(anonymous_312)
FN:5122,(anonymous_313)
FN:5141,(anonymous_314)
FN:5148,(anonymous_315)
FN:5167,(anonymous_316)
FN:5171,(anonymous_317)
FN:5181,(anonymous_318)
FN:5185,(anonymous_319)
FN:5189,(anonymous_320)
FN:5202,(anonymous_321)
FN:5232,(anonymous_322)
FN:5252,(anonymous_323)
FN:5261,(anonymous_324)
FN:5268,sibling
FN:5275,(anonymous_326)
FN:5279,(anonymous_327)
FN:5282,(anonymous_328)
FN:5285,(anonymous_329)
FN:5288,(anonymous_330)
FN:5291,(anonymous_331)
FN:5294,(anonymous_332)
FN:5297,(anonymous_333)
FN:5300,(anonymous_334)
FN:5303,(anonymous_335)
FN:5306,(anonymous_336)
FN:5309,(anonymous_337)
FN:5312,(anonymous_338)
FN:5313,(anonymous_339)
FN:5341,(anonymous_340)
FN:5350,(anonymous_341)
FN:5355,(anonymous_342)
FN:5370,(anonymous_343)
FN:5384,winnow
FN:5386,(anonymous_345)
FN:5394,(anonymous_346)
FN:5408,(anonymous_347)
FN:5444,(anonymous_348)
FN:5445,(anonymous_349)
FN:5452,(anonymous_350)
FN:5453,(anonymous_351)
FN:5461,(anonymous_352)
FN:5462,(anonymous_353)
FN:5470,(anonymous_354)
FN:5471,(anonymous_355)
FN:5478,(anonymous_356)
FN:5479,(anonymous_357)
FN:5487,(anonymous_358)
FN:5508,(anonymous_359)
FN:5526,(anonymous_360)
FN:5530,(anonymous_361)
FN:5535,(anonymous_362)
FN:5536,(anonymous_363)
FN:5574,(anonymous_364)
FN:5577,(anonymous_365)
FN:5583,(anonymous_366)
FN:5602,(anonymous_367)
FN:5606,(anonymous_368)
FN:5621,(anonymous_369)
FN:5695,(anonymous_370)
FN:5696,(anonymous_371)
FN:5717,(anonymous_372)
FN:5759,(anonymous_373)
FN:5846,(anonymous_374)
FN:5879,(anonymous_375)
FN:5893,manipulationTarget
FN:5903,disableScript
FN:5907,restoreScript
FN:5920,setGlobalEval
FN:5931,cloneCopyEvent
FN:5966,getAll
FN:5977,fixInput
FN:5990,(anonymous_383)
FN:5994,(anonymous_384)
FN:6008,(anonymous_385)
FN:6022,(anonymous_386)
FN:6024,(anonymous_387)
FN:6029,(anonymous_388)
FN:6042,(anonymous_389)
FN:6045,(anonymous_390)
FN:6050,(anonymous_391)
FN:6051,(anonymous_392)
FN:6078,vendorPropName
FN:6100,isHidden
FN:6109,getStyles
FN:6113,showHide
FN:6168,(anonymous_397)
FN:6169,(anonymous_398)
FN:6190,(anonymous_399)
FN:6193,(anonymous_400)
FN:6196,(anonymous_401)
FN:6201,(anonymous_402)
FN:6216,(anonymous_403)
FN:6248,(anonymous_404)
FN:6308,(anonymous_405)
FN:6343,(anonymous_406)
FN:6384,setPositiveNumber
FN:6392,augmentWidthOrHeight
FN:6431,getWidthOrHeight
FN:6475,css_defaultDisplay
FN:6507,actualDisplay
FN:6514,(anonymous_412)
FN:6516,(anonymous_413)
FN:6521,(anonymous_414)
FN:6528,(anonymous_415)
FN:6545,(anonymous_416)
FN:6549,(anonymous_417)
FN:6565,(anonymous_418)
FN:6567,(anonymous_419)
FN:6583,(anonymous_420)
FN:6589,(anonymous_421)
FN:6599,(anonymous_422)
FN:6601,(anonymous_423)
FN:6628,(anonymous_424)
FN:6631,(anonymous_425)
FN:6632,(anonymous_426)
FN:6637,(anonymous_427)
FN:6644,(anonymous_428)
FN:6650,(anonymous_429)
FN:6660,(anonymous_430)
FN:6663,(anonymous_431)
FN:6677,(anonymous_432)
FN:6693,buildParams
FN:6698,(anonymous_434)
FN:6722,(anonymous_435)
FN:6725,(anonymous_436)
FN:6733,(anonymous_437)
FN:6737,(anonymous_438)
FN:6740,(anonymous_439)
FN:6744,(anonymous_440)
FN:6747,(anonymous_441)
FN:6809,addToPrefiltersOrTransports
FN:6812,(anonymous_443)
FN:6841,inspectPrefiltersOrTransports
FN:6846,inspect
FN:6849,(anonymous_446)
FN:6868,ajaxExtend
FN:6884,(anonymous_448)
FN:6919,(anonymous_449)
FN:6933,(anonymous_450)
FN:6942,(anonymous_451)
FN:6943,(anonymous_452)
FN:7027,(anonymous_453)
FN:7041,(anonymous_454)
FN:7091,(anonymous_455)
FN:7106,(anonymous_456)
FN:7111,(anonymous_457)
FN:7121,(anonymous_458)
FN:7129,(anonymous_459)
FN:7146,(anonymous_460)
FN:7294,(anonymous_461)
FN:7314,done
FN:7429,(anonymous_463)
FN:7433,(anonymous_464)
FN:7438,(anonymous_465)
FN:7439,(anonymous_466)
FN:7461,ajaxHandleResponses
FN:7517,ajaxConvert
FN:7616,(anonymous_469)
FN:7624,(anonymous_470)
FN:7634,(anonymous_471)
FN:7639,(anonymous_472)
FN:7646,(anonymous_473)
FN:7656,(anonymous_474)
FN:7670,(anonymous_475)
FN:7678,(anonymous_476)
FN:7702,(anonymous_477)
FN:7714,(anonymous_478)
FN:7719,(anonymous_479)
FN:7744,(anonymous_480)
FN:7765,(anonymous_481)
FN:7776,(anonymous_482)
FN:7781,(anonymous_483)
FN:7808,(anonymous_484)
FN:7809,(anonymous_485)
FN:7847,(anonymous_486)
FN:7861,(anonymous_487)
FN:7912,createFxNow
FN:7913,(anonymous_489)
FN:7919,createTween
FN:7933,Animation
FN:7938,(anonymous_492)
FN:7942,(anonymous_493)
FN:7976,(anonymous_494)
FN:7982,(anonymous_495)
FN:8037,propFilter
FN:8076,(anonymous_497)
FN:8095,(anonymous_498)
FN:8104,defaultPrefilter
FN:8119,(anonymous_500)
FN:8127,(anonymous_501)
FN:8130,(anonymous_502)
FN:8158,(anonymous_503)
FN:8201,(anonymous_504)
FN:8205,(anonymous_505)
FN:8227,Tween
FN:8234,(anonymous_507)
FN:8243,(anonymous_508)
FN:8250,(anonymous_509)
FN:8280,(anonymous_510)
FN:8296,(anonymous_511)
FN:8314,(anonymous_512)
FN:8321,(anonymous_513)
FN:8323,(anonymous_514)
FN:8331,(anonymous_515)
FN:8339,(anonymous_516)
FN:8342,(anonymous_517)
FN:8357,(anonymous_518)
FN:8358,(anonymous_519)
FN:8373,(anonymous_520)
FN:8407,(anonymous_521)
FN:8411,(anonymous_522)
FN:8451,genFx
FN:8479,(anonymous_524)
FN:8480,(anonymous_525)
FN:8485,(anonymous_526)
FN:8504,(anonymous_527)
FN:8518,(anonymous_528)
FN:8521,(anonymous_529)
FN:8528,(anonymous_530)
FN:8549,(anonymous_531)
FN:8557,(anonymous_532)
FN:8563,(anonymous_533)
FN:8579,(anonymous_534)
FN:8580,(anonymous_535)
FN:8585,(anonymous_536)
FN:8589,(anonymous_537)
FN:8624,(anonymous_538)
FN:8674,(anonymous_539)
FN:8710,(anonymous_540)
FN:8711,(anonymous_541)
FN:8725,(anonymous_542)
FN:8728,(anonymous_543)
FN:8729,(anonymous_544)
FN:8749,getWindow
FN:8753,(anonymous_546)
FN:8754,(anonymous_547)
FN:8756,(anonymous_548)
FN:8760,(anonymous_549)
FN:8797,(anonymous_550)
FN:8819,(anonymous_551)
FNF:551
FNH:106
FNDA:1,(anonymous_1)
FNDA:35,(anonymous_2)
FNDA:0,(anonymous_3)
FNDA:0,(anonymous_4)
FNDA:35,(anonymous_5)
FNDA:0,(anonymous_6)
FNDA:0,(anonymous_7)
FNDA:0,(anonymous_8)
FNDA:8,(anonymous_9)
FNDA:2,(anonymous_10)
FNDA:0,(anonymous_11)
FNDA:0,(anonymous_12)
FNDA:0,(anonymous_13)
FNDA:0,(anonymous_14)
FNDA:0,(anonymous_15)
FNDA:0,(anonymous_16)
FNDA:0,(anonymous_17)
FNDA:31,(anonymous_18)
FNDA:0,(anonymous_19)
FNDA:0,(anonymous_20)
FNDA:1,(anonymous_21)
FNDA:68,(anonymous_22)
FNDA:42,(anonymous_23)
FNDA:0,(anonymous_24)
FNDA:231,(anonymous_25)
FNDA:40,(anonymous_26)
FNDA:4,(anonymous_27)
FNDA:0,(anonymous_28)
FNDA:29,(anonymous_29)
FNDA:0,(anonymous_30)
FNDA:0,(anonymous_31)
FNDA:0,(anonymous_32)
FNDA:30,(anonymous_33)
FNDA:0,(anonymous_34)
FNDA:35,(anonymous_35)
FNDA:0,(anonymous_36)
FNDA:0,(anonymous_37)
FNDA:0,(anonymous_38)
FNDA:29,(anonymous_39)
FNDA:0,(anonymous_40)
FNDA:0,(anonymous_41)
FNDA:0,(anonymous_42)
FNDA:0,(anonymous_43)
FNDA:80,(anonymous_44)
FNDA:0,(anonymous_45)
FNDA:1,(anonymous_46)
FNDA:2,(anonymous_47)
FNDA:9,(anonymous_48)
FNDA:35,isArraylike
FNDA:1,(anonymous_50)
FNDA:19,(anonymous_51)
FNDA:0,(anonymous_52)
FNDA:0,(anonymous_53)
FNDA:0,(anonymous_54)
FNDA:0,(anonymous_55)
FNDA:0,Sizzle
FNDA:3,createCache
FNDA:0,cache
FNDA:11,markFunction
FNDA:8,assert
FNDA:0,addHandle
FNDA:0,siblingCheck
FNDA:5,createInputPseudo
FNDA:0,(anonymous_64)
FNDA:2,createButtonPseudo
FNDA:0,(anonymous_66)
FNDA:7,createPositionalPseudo
FNDA:0,(anonymous_68)
FNDA:0,(anonymous_69)
FNDA:31,(anonymous_70)
FNDA:1,(anonymous_71)
FNDA:0,(anonymous_72)
FNDA:1,(anonymous_73)
FNDA:1,(anonymous_74)
FNDA:1,(anonymous_75)
FNDA:1,(anonymous_76)
FNDA:0,(anonymous_77)
FNDA:0,(anonymous_78)
FNDA:0,(anonymous_79)
FNDA:0,(anonymous_80)
FNDA:0,(anonymous_81)
FNDA:0,(anonymous_82)
FNDA:0,(anonymous_83)
FNDA:0,(anonymous_84)
FNDA:0,(anonymous_85)
FNDA:0,(anonymous_86)
FNDA:0,(anonymous_87)
FNDA:0,(anonymous_88)
FNDA:0,(anonymous_89)
FNDA:0,(anonymous_90)
FNDA:0,(anonymous_91)
FNDA:0,(anonymous_92)
FNDA:0,(anonymous_93)
FNDA:0,(anonymous_94)
FNDA:0,(anonymous_95)
FNDA:0,(anonymous_96)
FNDA:0,(anonymous_97)
FNDA:0,(anonymous_98)
FNDA:0,(anonymous_99)
FNDA:0,(anonymous_100)
FNDA:0,(anonymous_101)
FNDA:0,(anonymous_102)
FNDA:0,(anonymous_103)
FNDA:0,(anonymous_104)
FNDA:0,(anonymous_105)
FNDA:0,(anonymous_106)
FNDA:0,(anonymous_107)
FNDA:0,(anonymous_108)
FNDA:0,(anonymous_109)
FNDA:0,(anonymous_110)
FNDA:0,(anonymous_111)
FNDA:0,(anonymous_112)
FNDA:0,(anonymous_113)
FNDA:0,(anonymous_114)
FNDA:0,(anonymous_115)
FNDA:0,(anonymous_116)
FNDA:0,(anonymous_117)
FNDA:0,(anonymous_118)
FNDA:0,(anonymous_119)
FNDA:0,(anonymous_120)
FNDA:0,(anonymous_121)
FNDA:0,(anonymous_122)
FNDA:0,(anonymous_123)
FNDA:0,(anonymous_124)
FNDA:0,(anonymous_125)
FNDA:0,(anonymous_126)
FNDA:0,(anonymous_127)
FNDA:0,(anonymous_128)
FNDA:0,(anonymous_129)
FNDA:0,(anonymous_130)
FNDA:0,(anonymous_131)
FNDA:0,(anonymous_132)
FNDA:0,(anonymous_133)
FNDA:0,(anonymous_134)
FNDA:0,(anonymous_135)
FNDA:0,(anonymous_136)
FNDA:0,(anonymous_137)
FNDA:0,(anonymous_138)
FNDA:0,(anonymous_139)
FNDA:0,(anonymous_140)
FNDA:0,(anonymous_141)
FNDA:0,(anonymous_142)
FNDA:0,(anonymous_143)
FNDA:1,setFilters
FNDA:0,tokenize
FNDA:0,toSelector
FNDA:0,addCombinator
FNDA:0,(anonymous_148)
FNDA:0,(anonymous_149)
FNDA:0,elementMatcher
FNDA:0,(anonymous_151)
FNDA:0,condense
FNDA:0,setMatcher
FNDA:0,(anonymous_154)
FNDA:0,matcherFromTokens
FNDA:0,(anonymous_156)
FNDA:0,(anonymous_157)
FNDA:0,(anonymous_158)
FNDA:0,matcherFromGroupMatchers
FNDA:0,(anonymous_160)
FNDA:0,(anonymous_161)
FNDA:0,multipleContexts
FNDA:0,select
FNDA:1,(anonymous_164)
FNDA:1,(anonymous_165)
FNDA:0,(anonymous_166)
FNDA:1,(anonymous_167)
FNDA:0,(anonymous_168)
FNDA:1,(anonymous_169)
FNDA:0,(anonymous_170)
FNDA:2,createOptions
FNDA:3,(anonymous_172)
FNDA:3,(anonymous_173)
FNDA:1,(anonymous_174)
FNDA:4,(anonymous_175)
FNDA:4,add
FNDA:8,(anonymous_177)
FNDA:0,(anonymous_178)
FNDA:0,(anonymous_179)
FNDA:0,(anonymous_180)
FNDA:0,(anonymous_181)
FNDA:2,(anonymous_182)
FNDA:0,(anonymous_183)
FNDA:1,(anonymous_184)
FNDA:0,(anonymous_185)
FNDA:1,(anonymous_186)
FNDA:0,(anonymous_187)
FNDA:0,(anonymous_188)
FNDA:1,(anonymous_189)
FNDA:0,(anonymous_190)
FNDA:0,(anonymous_191)
FNDA:0,(anonymous_192)
FNDA:0,(anonymous_193)
FNDA:0,(anonymous_194)
FNDA:0,(anonymous_195)
FNDA:3,(anonymous_196)
FNDA:3,(anonymous_197)
FNDA:1,(anonymous_198)
FNDA:0,(anonymous_199)
FNDA:0,(anonymous_200)
FNDA:0,(anonymous_201)
FNDA:0,(anonymous_202)
FNDA:1,(anonymous_203)
FNDA:1,(anonymous_204)
FNDA:1,(anonymous_205)
FNDA:2,Data
FNDA:0,(anonymous_207)
FNDA:6,(anonymous_208)
FNDA:5,(anonymous_209)
FNDA:0,(anonymous_210)
FNDA:5,(anonymous_211)
FNDA:0,(anonymous_212)
FNDA:0,(anonymous_213)
FNDA:4,(anonymous_214)
FNDA:0,(anonymous_215)
FNDA:0,(anonymous_216)
FNDA:0,(anonymous_217)
FNDA:0,(anonymous_218)
FNDA:0,(anonymous_219)
FNDA:0,(anonymous_220)
FNDA:0,(anonymous_221)
FNDA:0,(anonymous_222)
FNDA:0,(anonymous_223)
FNDA:0,(anonymous_224)
FNDA:0,(anonymous_225)
FNDA:0,(anonymous_226)
FNDA:0,dataAttr
FNDA:0,(anonymous_228)
FNDA:0,(anonymous_229)
FNDA:0,(anonymous_230)
FNDA:0,(anonymous_231)
FNDA:0,(anonymous_232)
FNDA:0,(anonymous_233)
FNDA:0,(anonymous_234)
FNDA:0,(anonymous_235)
FNDA:0,(anonymous_236)
FNDA:0,(anonymous_237)
FNDA:0,(anonymous_238)
FNDA:0,(anonymous_239)
FNDA:0,(anonymous_240)
FNDA:0,(anonymous_241)
FNDA:0,(anonymous_242)
FNDA:20,(anonymous_243)
FNDA:0,(anonymous_244)
FNDA:0,(anonymous_245)
FNDA:0,(anonymous_246)
FNDA:0,(anonymous_247)
FNDA:0,(anonymous_248)
FNDA:0,(anonymous_249)
FNDA:0,(anonymous_250)
FNDA:0,(anonymous_251)
FNDA:0,(anonymous_252)
FNDA:0,(anonymous_253)
FNDA:0,(anonymous_254)
FNDA:0,(anonymous_255)
FNDA:0,(anonymous_256)
FNDA:0,(anonymous_257)
FNDA:0,(anonymous_258)
FNDA:0,(anonymous_259)
FNDA:0,(anonymous_260)
FNDA:0,(anonymous_261)
FNDA:0,(anonymous_262)
FNDA:30,(anonymous_263)
FNDA:0,(anonymous_264)
FNDA:0,(anonymous_265)
FNDA:0,(anonymous_266)
FNDA:0,(anonymous_267)
FNDA:0,(anonymous_268)
FNDA:16,(anonymous_269)
FNDA:0,(anonymous_270)
FNDA:0,(anonymous_271)
FNDA:10,(anonymous_272)
FNDA:2,(anonymous_273)
FNDA:0,(anonymous_274)
FNDA:0,(anonymous_275)
FNDA:0,returnTrue
FNDA:3,returnFalse
FNDA:0,safeActiveElement
FNDA:3,(anonymous_279)
FNDA:0,(anonymous_280)
FNDA:4,(anonymous_281)
FNDA:1,(anonymous_282)
FNDA:0,(anonymous_283)
FNDA:0,(anonymous_284)
FNDA:0,(anonymous_285)
FNDA:0,(anonymous_286)
FNDA:0,(anonymous_287)
FNDA:0,(anonymous_288)
FNDA:0,(anonymous_289)
FNDA:0,(anonymous_290)
FNDA:0,(anonymous_291)
FNDA:0,(anonymous_292)
FNDA:0,(anonymous_293)
FNDA:0,(anonymous_294)
FNDA:613,(anonymous_295)
FNDA:0,(anonymous_296)
FNDA:0,(anonymous_297)
FNDA:0,(anonymous_298)
FNDA:2,(anonymous_299)
FNDA:0,(anonymous_300)
FNDA:2,(anonymous_301)
FNDA:0,(anonymous_302)
FNDA:0,(anonymous_303)
FNDA:0,(anonymous_304)
FNDA:3,(anonymous_305)
FNDA:0,(anonymous_306)
FNDA:3,(anonymous_307)
FNDA:0,(anonymous_308)
FNDA:4,(anonymous_309)
FNDA:4,(anonymous_310)
FNDA:1,(anonymous_311)
FNDA:1,(anonymous_312)
FNDA:0,(anonymous_313)
FNDA:0,(anonymous_314)
FNDA:0,(anonymous_315)
FNDA:0,(anonymous_316)
FNDA:0,(anonymous_317)
FNDA:0,(anonymous_318)
FNDA:0,(anonymous_319)
FNDA:0,(anonymous_320)
FNDA:0,(anonymous_321)
FNDA:0,(anonymous_322)
FNDA:0,(anonymous_323)
FNDA:0,(anonymous_324)
FNDA:0,sibling
FNDA:0,(anonymous_326)
FNDA:0,(anonymous_327)
FNDA:0,(anonymous_328)
FNDA:0,(anonymous_329)
FNDA:0,(anonymous_330)
FNDA:0,(anonymous_331)
FNDA:0,(anonymous_332)
FNDA:0,(anonymous_333)
FNDA:0,(anonymous_334)
FNDA:0,(anonymous_335)
FNDA:0,(anonymous_336)
FNDA:0,(anonymous_337)
FNDA:12,(anonymous_338)
FNDA:0,(anonymous_339)
FNDA:0,(anonymous_340)
FNDA:0,(anonymous_341)
FNDA:0,(anonymous_342)
FNDA:0,(anonymous_343)
FNDA:0,winnow
FNDA:0,(anonymous_345)
FNDA:0,(anonymous_346)
FNDA:0,(anonymous_347)
FNDA:0,(anonymous_348)
FNDA:0,(anonymous_349)
FNDA:0,(anonymous_350)
FNDA:0,(anonymous_351)
FNDA:0,(anonymous_352)
FNDA:0,(anonymous_353)
FNDA:0,(anonymous_354)
FNDA:0,(anonymous_355)
FNDA:0,(anonymous_356)
FNDA:0,(anonymous_357)
FNDA:0,(anonymous_358)
FNDA:0,(anonymous_359)
FNDA:0,(anonymous_360)
FNDA:0,(anonymous_361)
FNDA:0,(anonymous_362)
FNDA:0,(anonymous_363)
FNDA:0,(anonymous_364)
FNDA:0,(anonymous_365)
FNDA:0,(anonymous_366)
FNDA:0,(anonymous_367)
FNDA:0,(anonymous_368)
FNDA:0,(anonymous_369)
FNDA:5,(anonymous_370)
FNDA:0,(anonymous_371)
FNDA:0,(anonymous_372)
FNDA:0,(anonymous_373)
FNDA:0,(anonymous_374)
FNDA:0,(anonymous_375)
FNDA:0,manipulationTarget
FNDA:0,disableScript
FNDA:0,restoreScript
FNDA:0,setGlobalEval
FNDA:0,cloneCopyEvent
FNDA:0,getAll
FNDA:0,fixInput
FNDA:0,(anonymous_383)
FNDA:0,(anonymous_384)
FNDA:0,(anonymous_385)
FNDA:0,(anonymous_386)
FNDA:0,(anonymous_387)
FNDA:0,(anonymous_388)
FNDA:0,(anonymous_389)
FNDA:0,(anonymous_390)
FNDA:0,(anonymous_391)
FNDA:0,(anonymous_392)
FNDA:3,vendorPropName
FNDA:0,isHidden
FNDA:0,getStyles
FNDA:0,showHide
FNDA:10,(anonymous_397)
FNDA:30,(anonymous_398)
FNDA:0,(anonymous_399)
FNDA:0,(anonymous_400)
FNDA:0,(anonymous_401)
FNDA:0,(anonymous_402)
FNDA:0,(anonymous_403)
FNDA:30,(anonymous_404)
FNDA:0,(anonymous_405)
FNDA:0,(anonymous_406)
FNDA:0,setPositiveNumber
FNDA:0,augmentWidthOrHeight
FNDA:0,getWidthOrHeight
FNDA:0,css_defaultDisplay
FNDA:0,actualDisplay
FNDA:2,(anonymous_412)
FNDA:0,(anonymous_413)
FNDA:0,(anonymous_414)
FNDA:0,(anonymous_415)
FNDA:1,(anonymous_416)
FNDA:0,(anonymous_417)
FNDA:2,(anonymous_418)
FNDA:0,(anonymous_419)
FNDA:0,(anonymous_420)
FNDA:0,(anonymous_421)
FNDA:3,(anonymous_422)
FNDA:0,(anonymous_423)
FNDA:0,(anonymous_424)
FNDA:0,(anonymous_425)
FNDA:0,(anonymous_426)
FNDA:0,(anonymous_427)
FNDA:0,(anonymous_428)
FNDA:0,(anonymous_429)
FNDA:0,(anonymous_430)
FNDA:0,(anonymous_431)
FNDA:0,(anonymous_432)
FNDA:0,buildParams
FNDA:0,(anonymous_434)
FNDA:25,(anonymous_435)
FNDA:3,(anonymous_436)
FNDA:0,(anonymous_437)
FNDA:0,(anonymous_438)
FNDA:3,(anonymous_439)
FNDA:0,(anonymous_440)
FNDA:0,(anonymous_441)
FNDA:2,addToPrefiltersOrTransports
FNDA:4,(anonymous_443)
FNDA:0,inspectPrefiltersOrTransports
FNDA:0,inspect
FNDA:0,(anonymous_446)
FNDA:2,ajaxExtend
FNDA:0,(anonymous_448)
FNDA:0,(anonymous_449)
FNDA:0,(anonymous_450)
FNDA:6,(anonymous_451)
FNDA:0,(anonymous_452)
FNDA:2,(anonymous_453)
FNDA:0,(anonymous_454)
FNDA:0,(anonymous_455)
FNDA:0,(anonymous_456)
FNDA:0,(anonymous_457)
FNDA:0,(anonymous_458)
FNDA:0,(anonymous_459)
FNDA:0,(anonymous_460)
FNDA:0,(anonymous_461)
FNDA:0,done
FNDA:0,(anonymous_463)
FNDA:0,(anonymous_464)
FNDA:2,(anonymous_465)
FNDA:0,(anonymous_466)
FNDA:0,ajaxHandleResponses
FNDA:0,ajaxConvert
FNDA:0,(anonymous_469)
FNDA:0,(anonymous_470)
FNDA:0,(anonymous_471)
FNDA:0,(anonymous_472)
FNDA:0,(anonymous_473)
FNDA:0,(anonymous_474)
FNDA:0,(anonymous_475)
FNDA:0,(anonymous_476)
FNDA:0,(anonymous_477)
FNDA:0,(anonymous_478)
FNDA:0,(anonymous_479)
FNDA:1,(anonymous_480)
FNDA:0,(anonymous_481)
FNDA:0,(anonymous_482)
FNDA:0,(anonymous_483)
FNDA:0,(anonymous_484)
FNDA:0,(anonymous_485)
FNDA:0,(anonymous_486)
FNDA:0,(anonymous_487)
FNDA:0,createFxNow
FNDA:0,(anonymous_489)
FNDA:0,createTween
FNDA:0,Animation
FNDA:0,(anonymous_492)
FNDA:0,(anonymous_493)
FNDA:0,(anonymous_494)
FNDA:0,(anonymous_495)
FNDA:0,propFilter
FNDA:0,(anonymous_497)
FNDA:0,(anonymous_498)
FNDA:0,defaultPrefilter
FNDA:0,(anonymous_500)
FNDA:0,(anonymous_501)
FNDA:0,(anonymous_502)
FNDA:0,(anonymous_503)
FNDA:0,(anonymous_504)
FNDA:0,(anonymous_505)
FNDA:0,Tween
FNDA:0,(anonymous_507)
FNDA:0,(anonymous_508)
FNDA:0,(anonymous_509)
FNDA:0,(anonymous_510)
FNDA:0,(anonymous_511)
FNDA:0,(anonymous_512)
FNDA:3,(anonymous_513)
FNDA:0,(anonymous_514)
FNDA:0,(anonymous_515)
FNDA:0,(anonymous_516)
FNDA:0,(anonymous_517)
FNDA:0,(anonymous_518)
FNDA:0,(anonymous_519)
FNDA:0,(anonymous_520)
FNDA:0,(anonymous_521)
FNDA:0,(anonymous_522)
FNDA:3,genFx
FNDA:6,(anonymous_524)
FNDA:0,(anonymous_525)
FNDA:0,(anonymous_526)
FNDA:0,(anonymous_527)
FNDA:0,(anonymous_528)
FNDA:0,(anonymous_529)
FNDA:0,(anonymous_530)
FNDA:0,(anonymous_531)
FNDA:0,(anonymous_532)
FNDA:0,(anonymous_533)
FNDA:0,(anonymous_534)
FNDA:0,(anonymous_535)
FNDA:0,(anonymous_536)
FNDA:0,(anonymous_537)
FNDA:0,(anonymous_538)
FNDA:0,(anonymous_539)
FNDA:0,(anonymous_540)
FNDA:0,(anonymous_541)
FNDA:2,(anonymous_542)
FNDA:0,(anonymous_543)
FNDA:0,(anonymous_544)
FNDA:0,getWindow
FNDA:2,(anonymous_546)
FNDA:6,(anonymous_547)
FNDA:0,(anonymous_548)
FNDA:0,(anonymous_549)
FNDA:0,(anonymous_550)
FNDA:0,(anonymous_551)
DA:14,1
DA:21,1
DA:63,35
DA:86,0
DA:91,0
DA:92,0
DA:93,0
DA:96,1
DA:102,35
DA:105,35
DA:106,0
DA:110,35
DA:111,29
DA:113,29
DA:116,0
DA:120,29
DA:123,29
DA:124,29
DA:127,29
DA:134,29
DA:135,0
DA:137,0
DA:138,0
DA:142,0
DA:147,29
DA:151,0
DA:155,0
DA:157,0
DA:158,0
DA:161,0
DA:162,0
DA:163,0
DA:167,0
DA:168,0
DA:173,0
DA:177,6
DA:178,4
DA:179,4
DA:180,4
DA:184,2
DA:185,2
DA:188,0
DA:189,0
DA:190,0
DA:193,0
DA:203,0
DA:209,0
DA:223,0
DA:226,0
DA:227,0
DA:230,0
DA:237,8
DA:242,2
DA:244,2
DA:248,0
DA:252,0
DA:256,0
DA:260,0
DA:262,0
DA:266,0
DA:267,0
DA:272,0
DA:283,1
DA:285,1
DA:286,31
DA:293,31
DA:294,5
DA:295,5
DA:297,5
DA:301,31
DA:302,0
DA:306,31
DA:307,21
DA:308,21
DA:311,31
DA:313,31
DA:315,28
DA:316,154
DA:317,154
DA:320,154
DA:321,0
DA:325,154
DA:326,3
DA:327,0
DA:328,0
DA:331,3
DA:335,3
DA:338,151
DA:339,151
DA:346,31
DA:349,1
DA:354,0
DA:355,0
DA:358,0
DA:359,0
DA:362,0
DA:374,0
DA:375,0
DA:377,0
DA:385,1
DA:386,0
DA:390,1
DA:393,1
DA:394,0
DA:398,1
DA:401,1
DA:402,1
DA:410,68
DA:416,42
DA:420,0
DA:424,231
DA:425,30
DA:428,201
DA:438,40
DA:439,34
DA:446,6
DA:447,6
DA:449,0
DA:452,0
DA:457,6
DA:461,4
DA:462,4
DA:463,0
DA:465,4
DA:469,0
DA:476,29
DA:477,0
DA:479,29
DA:480,0
DA:481,0
DA:483,29
DA:485,29
DA:489,29
DA:490,29
DA:493,0
DA:495,0
DA:496,0
DA:499,0
DA:506,0
DA:507,0
DA:508,0
DA:512,0
DA:513,0
DA:514,0
DA:516,0
DA:519,0
DA:520,0
DA:522,0
DA:529,0
DA:532,0
DA:534,0
DA:538,0
DA:539,0
DA:540,0
DA:541,0
DA:545,0
DA:553,30
DA:557,0
DA:562,35
DA:567,35
DA:568,0
DA:569,0
DA:570,0
DA:572,0
DA:573,0
DA:577,0
DA:578,0
DA:580,0
DA:581,0
DA:588,35
DA:589,25
DA:590,99
DA:592,99
DA:593,0
DA:597,10
DA:598,40
DA:600,40
DA:601,0
DA:607,35
DA:611,0
DA:616,0
DA:618,0
DA:619,0
DA:620,0
DA:625,0
DA:629,0
DA:633,0
DA:637,29
DA:641,29
DA:642,29
DA:643,29
DA:646,0
DA:647,0
DA:651,29
DA:653,29
DA:657,0
DA:661,0
DA:665,0
DA:666,0
DA:667,0
DA:668,0
DA:672,0
DA:677,0
DA:684,0
DA:685,0
DA:686,0
DA:688,0
DA:689,0
DA:695,0
DA:696,0
DA:698,0
DA:699,0
DA:705,0
DA:714,0
DA:716,0
DA:717,0
DA:718,0
DA:719,0
DA:724,0
DA:725,0
DA:729,0
DA:730,0
DA:731,0
DA:735,0
DA:737,0
DA:743,80
DA:748,80
DA:749,20
DA:750,20
DA:751,50
DA:755,60
DA:756,60
DA:758,60
DA:759,60
DA:762,60
DA:764,0
DA:765,0
DA:766,0
DA:770,0
DA:771,0
DA:772,0
DA:777,60
DA:778,60
DA:779,60
DA:784,80
DA:799,1
DA:803,1
DA:804,1
DA:805,1
DA:808,1
DA:811,1
DA:812,1
DA:815,1
DA:819,1
DA:820,2
DA:822,1
DA:827,1
DA:829,1
DA:834,0
DA:837,0
DA:840,2
DA:844,1
DA:845,9
DA:848,1
DA:849,35
DA:852,35
DA:853,0
DA:856,35
DA:857,0
DA:860,35
DA:866,1
DA:877,1
DA:879,1
DA:909,19
DA:910,0
DA:911,0
DA:913,19
DA:929,0
DA:931,0
DA:932,0
DA:933,0
DA:936,0
DA:1006,0
DA:1010,0
DA:1020,1
DA:1021,1
DA:1027,1
DA:1029,0
DA:1033,0
DA:1039,0
DA:1042,0
DA:1043,0
DA:1048,1
DA:1049,0
DA:1053,0
DA:1054,0
DA:1057,0
DA:1058,0
DA:1060,0
DA:1061,0
DA:1064,0
DA:1065,0
DA:1068,0
DA:1071,0
DA:1073,0
DA:1074,0
DA:1075,0
DA:1078,0
DA:1081,0
DA:1082,0
DA:1083,0
DA:1086,0
DA:1090,0
DA:1092,0
DA:1093,0
DA:1098,0
DA:1099,0
DA:1100,0
DA:1103,0
DA:1104,0
DA:1105,0
DA:1110,0
DA:1111,0
DA:1112,0
DA:1113,0
DA:1119,0
DA:1120,0
DA:1122,0
DA:1123,0
DA:1125,0
DA:1127,0
DA:1129,0
DA:1130,0
DA:1131,0
DA:1133,0
DA:1134,0
DA:1137,0
DA:1138,0
DA:1139,0
DA:1142,0
DA:1145,0
DA:1146,0
DA:1154,0
DA:1163,1
DA:1164,3
DA:1166,1
DA:1168,0
DA:1170,0
DA:1172,0
DA:1174,3
DA:1181,1
DA:1182,11
DA:1183,11
DA:1190,1
DA:1191,8
DA:1193,8
DA:1194,8
DA:1196,0
DA:1199,8
DA:1200,1
DA:1203,8
DA:1212,1
DA:1213,0
DA:1216,0
DA:1217,0
DA:1227,1
DA:1228,0
DA:1234,0
DA:1235,0
DA:1239,0
DA:1240,0
DA:1241,0
DA:1242,0
DA:1247,0
DA:1254,1
DA:1255,5
DA:1256,0
DA:1257,0
DA:1265,1
DA:1266,2
DA:1267,0
DA:1268,0
DA:1276,1
DA:1277,7
DA:1278,0
DA:1279,0
DA:1280,0
DA:1285,0
DA:1286,0
DA:1287,0
DA:1298,1
DA:1301,31
DA:1302,31
DA:1306,1
DA:1313,1
DA:1314,1
DA:1318,1
DA:1319,0
DA:1323,1
DA:1324,1
DA:1327,1
DA:1333,1
DA:1334,0
DA:1335,0
DA:1344,1
DA:1345,1
DA:1346,1
DA:1353,1
DA:1354,1
DA:1355,1
DA:1359,1
DA:1360,1
DA:1364,1
DA:1367,1
DA:1374,1
DA:1375,1
DA:1376,1
DA:1380,1
DA:1381,1
DA:1382,0
DA:1383,0
DA:1386,0
DA:1389,1
DA:1390,0
DA:1391,0
DA:1392,0
DA:1398,0
DA:1400,0
DA:1401,0
DA:1402,0
DA:1403,0
DA:1404,0
DA:1410,1
DA:1412,0
DA:1413,0
DA:1417,0
DA:1423,0
DA:1424,0
DA:1425,0
DA:1426,0
DA:1430,0
DA:1432,0
DA:1436,1
DA:1437,0
DA:1438,0
DA:1448,1
DA:1455,1
DA:1457,1
DA:1460,0
DA:1466,0
DA:1470,0
DA:1471,0
DA:1477,0
DA:1478,0
DA:1482,0
DA:1489,0
DA:1490,0
DA:1491,0
DA:1493,0
DA:1494,0
DA:1499,0
DA:1500,0
DA:1504,0
DA:1505,0
DA:1509,1
DA:1514,0
DA:1517,0
DA:1521,0
DA:1522,0
DA:1526,1
DA:1527,1
DA:1535,1
DA:1537,0
DA:1539,0
DA:1546,0
DA:1547,0
DA:1548,0
DA:1549,0
DA:1553,0
DA:1560,1
DA:1564,0
DA:1565,0
DA:1566,0
DA:1569,0
DA:1571,0
DA:1573,0
DA:1577,0
DA:1578,0
DA:1580,0
DA:1581,0
DA:1585,0
DA:1590,0
DA:1594,0
DA:1597,0
DA:1605,0
DA:1606,0
DA:1607,0
DA:1610,0
DA:1611,0
DA:1620,0
DA:1621,0
DA:1625,0
DA:1626,0
DA:1627,0
DA:1629,0
DA:1630,0
DA:1631,0
DA:1635,0
DA:1636,0
DA:1639,0
DA:1649,1
DA:1652,1
DA:1653,0
DA:1656,1
DA:1658,0
DA:1659,0
DA:1663,0
DA:1665,0
DA:1669,0
DA:1670,0
DA:1673,0
DA:1677,0
DA:1682,0
DA:1685,1
DA:1687,0
DA:1688,0
DA:1690,0
DA:1693,1
DA:1695,0
DA:1696,0
DA:1699,0
DA:1705,0
DA:1714,1
DA:1715,0
DA:1722,1
DA:1723,0
DA:1729,0
DA:1730,0
DA:1731,0
DA:1733,0
DA:1734,0
DA:1735,0
DA:1736,0
DA:1739,0
DA:1740,0
DA:1744,0
DA:1751,1
DA:1752,0
DA:1757,0
DA:1759,0
DA:1761,0
DA:1763,0
DA:1766,0
DA:1767,0
DA:1770,0
DA:1771,0
DA:1774,0
DA:1775,0
DA:1779,0
DA:1782,1
DA:1804,0
DA:1807,0
DA:1809,0
DA:1810,0
DA:1813,0
DA:1827,0
DA:1829,0
DA:1831,0
DA:1832,0
DA:1837,0
DA:1838,0
DA:1841,0
DA:1842,0
DA:1845,0
DA:1849,0
DA:1852,0
DA:1853,0
DA:1857,0
DA:1858,0
DA:1861,0
DA:1868,0
DA:1869,0
DA:1873,0
DA:1880,0
DA:1881,0
DA:1882,0
DA:1884,0
DA:1889,0
DA:1891,0
DA:1894,0
DA:1899,0
DA:1900,0
DA:1902,0
DA:1903,0
DA:1905,0
DA:1906,0
DA:1909,0
DA:1911,0
DA:1923,0
DA:1927,0
DA:1931,0
DA:1935,0
DA:1941,0
DA:1944,0
DA:1945,0
DA:1946,0
DA:1947,0
DA:1948,0
DA:1949,0
DA:1953,0
DA:1955,0
DA:1958,0
DA:1961,0
DA:1963,0
DA:1964,0
DA:1965,0
DA:1966,0
DA:1967,0
DA:1969,0
DA:1975,0
DA:1976,0
DA:1977,0
DA:1982,0
DA:1983,0
DA:1988,0
DA:1991,0
DA:1993,0
DA:1994,0
DA:1997,0
DA:1998,0
DA:2005,0
DA:2006,0
DA:2016,0
DA:2023,0
DA:2024,0
DA:2028,0
DA:2029,0
DA:2030,0
DA:2032,0
DA:2035,0
DA:2036,0
DA:2037,0
DA:2041,0
DA:2045,0
DA:2055,0
DA:2059,0
DA:2061,0
DA:2066,0
DA:2067,0
DA:2068,0
DA:2073,0
DA:2074,0
DA:2075,0
DA:2080,0
DA:2081,0
DA:2086,0
DA:2087,0
DA:2100,0
DA:2101,0
DA:2103,0
DA:2104,0
DA:2105,0
DA:2106,0
DA:2107,0
DA:2111,0
DA:2112,0
DA:2115,0
DA:2121,0
DA:2122,0
DA:2126,0
DA:2130,0
DA:2135,0
DA:2139,0
DA:2145,0
DA:2146,0
DA:2152,0
DA:2153,0
DA:2156,0
DA:2166,0
DA:2167,0
DA:2168,0
DA:2171,0
DA:2175,0
DA:2180,0
DA:2184,0
DA:2188,0
DA:2189,0
DA:2193,0
DA:2196,0
DA:2203,0
DA:2207,0
DA:2211,0
DA:2215,0
DA:2216,0
DA:2217,0
DA:2219,0
DA:2223,0
DA:2224,0
DA:2225,0
DA:2227,0
DA:2231,0
DA:2232,0
DA:2233,0
DA:2235,0
DA:2239,0
DA:2240,0
DA:2241,0
DA:2243,0
DA:2248,1
DA:2251,1
DA:2252,5
DA:2254,1
DA:2255,2
DA:2259,1
DA:2260,1
DA:2261,1
DA:2263,1
DA:2264,0
DA:2268,0
DA:2269,0
DA:2272,0
DA:2273,0
DA:2274,0
DA:2276,0
DA:2279,0
DA:2280,0
DA:2282,0
DA:2284,0
DA:2287,0
DA:2290,0
DA:2291,0
DA:2292,0
DA:2297,0
DA:2301,0
DA:2302,0
DA:2304,0
DA:2305,0
DA:2310,0
DA:2314,0
DA:2315,0
DA:2322,0
DA:2330,1
DA:2331,0
DA:2334,0
DA:2335,0
DA:2337,0
DA:2340,1
DA:2341,0
DA:2345,0
DA:2348,0
DA:2349,0
DA:2350,0
DA:2357,0
DA:2361,0
DA:2362,0
DA:2363,0
DA:2364,0
DA:2365,0
DA:2370,0
DA:2371,0
DA:2372,0
DA:2373,0
DA:2374,0
DA:2375,0
DA:2378,0
DA:2379,0
DA:2380,0
DA:2381,0
DA:2390,1
DA:2391,0
DA:2393,0
DA:2394,0
DA:2395,0
DA:2396,0
DA:2399,0
DA:2404,1
DA:2405,0
DA:2411,0
DA:2412,0
DA:2413,0
DA:2414,0
DA:2415,0
DA:2416,0
DA:2422,0
DA:2425,1
DA:2426,0
DA:2427,0
DA:2429,0
DA:2430,0
DA:2432,0
DA:2433,0
DA:2458,0
DA:2459,0
DA:2463,0
DA:2464,0
DA:2465,0
DA:2468,0
DA:2469,0
DA:2470,0
DA:2471,0
DA:2476,0
DA:2477,0
DA:2478,0
DA:2480,0
DA:2481,0
DA:2482,0
DA:2483,0
DA:2485,0
DA:2488,0
DA:2492,0
DA:2493,0
DA:2494,0
DA:2497,0
DA:2504,0
DA:2509,0
DA:2510,0
DA:2512,0
DA:2518,1
DA:2519,0
DA:2527,0
DA:2530,0
DA:2533,0
DA:2539,0
DA:2540,0
DA:2541,0
DA:2543,0
DA:2546,0
DA:2548,0
DA:2549,0
DA:2550,0
DA:2551,0
DA:2554,0
DA:2566,0
DA:2570,0
DA:2573,1
DA:2575,0
DA:2579,0
DA:2591,0
DA:2592,0
DA:2593,0
DA:2598,0
DA:2599,0
DA:2600,0
DA:2601,0
DA:2602,0
DA:2603,0
DA:2604,0
DA:2607,0
DA:2608,0
DA:2609,0
DA:2614,0
DA:2616,0
DA:2617,0
DA:2621,0
DA:2622,0
DA:2628,0
DA:2629,0
DA:2630,0
DA:2631,0
DA:2632,0
DA:2635,0
DA:2637,0
DA:2638,0
DA:2639,0
DA:2640,0
DA:2646,0
DA:2650,0
DA:2653,0
DA:2656,0
DA:2661,0
DA:2662,0
DA:2663,0
DA:2666,0
DA:2669,0
DA:2674,1
DA:2675,0
DA:2680,0
DA:2682,0
DA:2683,0
DA:2685,0
DA:2686,0
DA:2687,0
DA:2688,0
DA:2689,0
DA:2691,0
DA:2696,0
DA:2698,0
DA:2701,1
DA:2702,0
DA:2704,0
DA:2705,0
DA:2707,0
DA:2710,1
DA:2711,0
DA:2714,0
DA:2716,0
DA:2719,0
DA:2720,0
DA:2724,0
DA:2725,0
DA:2726,0
DA:2728,0
DA:2732,0
DA:2733,0
DA:2734,0
DA:2737,0
DA:2738,0
DA:2740,0
DA:2742,0
DA:2748,0
DA:2749,0
DA:2750,0
DA:2751,0
DA:2752,0
DA:2755,0
DA:2764,0
DA:2771,0
DA:2777,1
DA:2781,1
DA:2784,1
DA:2788,1
DA:2790,1
DA:2796,1
DA:2797,1
DA:2798,1
DA:2800,0
DA:2801,0
DA:2802,0
DA:2809,1
DA:2810,1
DA:2811,1
DA:2812,1
DA:2814,0
DA:2815,0
DA:2816,0
DA:2823,1
DA:2824,1
DA:2826,0
DA:2827,0
DA:2828,0
DA:2829,0
DA:2836,1
DA:2837,1
DA:2838,1
DA:2839,1
DA:2840,1
DA:2841,1
DA:2842,1
DA:2847,1
DA:2850,1
DA:2851,2
DA:2852,2
DA:2853,3
DA:2855,2
DA:2880,1
DA:2884,3
DA:2888,3
DA:2906,1
DA:2907,1
DA:2908,1
DA:2909,1
DA:2910,1
DA:2911,1
DA:2912,1
DA:2913,5
DA:2914,0
DA:2915,0
DA:2918,1
DA:2919,1
DA:2920,1
DA:2921,0
DA:2922,0
DA:2924,1
DA:2925,1
DA:2927,0
DA:2935,4
DA:2937,4
DA:2938,4
DA:2939,4
DA:2940,8
DA:2941,8
DA:2942,8
DA:2943,8
DA:2945,0
DA:2947,0
DA:2953,4
DA:2954,0
DA:2957,4
DA:2958,0
DA:2959,0
DA:2962,4
DA:2966,0
DA:2967,0
DA:2968,0
DA:2969,0
DA:2970,0
DA:2972,0
DA:2973,0
DA:2974,0
DA:2976,0
DA:2977,0
DA:2983,0
DA:2988,0
DA:2992,0
DA:2993,0
DA:2994,0
DA:2998,2
DA:2999,2
DA:3003,0
DA:3007,1
DA:3008,1
DA:3009,1
DA:3011,1
DA:3015,0
DA:3019,1
DA:3020,1
DA:3021,1
DA:3022,1
DA:3023,0
DA:3025,1
DA:3028,1
DA:3032,0
DA:3033,0
DA:3037,0
DA:3041,3
DA:3043,1
DA:3046,1
DA:3055,0
DA:3058,0
DA:3059,0
DA:3062,0
DA:3063,0
DA:3064,0
DA:3065,0
DA:3068,0
DA:3069,0
DA:3070,0
DA:3071,0
DA:3076,0
DA:3080,0
DA:3086,3
DA:3092,1
DA:3095,1
DA:3096,3
DA:3100,3
DA:3103,3
DA:3104,2
DA:3106,1
DA:3113,3
DA:3114,0
DA:3115,0
DA:3117,3
DA:3121,1
DA:3124,1
DA:3125,0
DA:3129,1
DA:3134,0
DA:3146,0
DA:3147,0
DA:3148,0
DA:3149,0
DA:3150,0
DA:3151,0
DA:3152,0
DA:3160,0
DA:3161,0
DA:3162,0
DA:3163,0
DA:3164,0
DA:3165,0
DA:3166,0
DA:3171,0
DA:3177,0
DA:3178,0
DA:3181,0
DA:3184,1
DA:3185,1
DA:3192,1
DA:3193,0
DA:3196,1
DA:3200,1
DA:3204,1
DA:3207,1
DA:3208,1
DA:3209,1
DA:3213,1
DA:3214,1
DA:3218,1
DA:3219,1
DA:3223,1
DA:3224,1
DA:3225,1
DA:3226,1
DA:3229,1
DA:3230,1
DA:3232,1
DA:3236,1
DA:3240,1
DA:3242,1
DA:3243,1
DA:3244,1
DA:3247,1
DA:3248,1
DA:3253,1
DA:3255,0
DA:3258,1
DA:3259,1
DA:3262,1
DA:3263,1
DA:3265,1
DA:3269,1
DA:3270,1
DA:3274,1
DA:3275,1
DA:3276,1
DA:3282,1
DA:3283,1
DA:3284,1
DA:3285,1
DA:3287,1
DA:3291,1
DA:3294,1
DA:3308,1
DA:3312,1
DA:3316,2
DA:3318,0
DA:3322,2
DA:3325,1
DA:3327,1
DA:3334,6
DA:3338,1
DA:3343,5
DA:3344,0
DA:3347,5
DA:3352,5
DA:3353,2
DA:3356,2
DA:3357,2
DA:3358,2
DA:3363,0
DA:3364,0
DA:3369,5
DA:3370,2
DA:3373,5
DA:3376,0
DA:3384,0
DA:3385,0
DA:3390,0
DA:3391,0
DA:3394,0
DA:3395,0
DA:3399,0
DA:3406,5
DA:3408,5
DA:3412,0
DA:3424,0
DA:3427,0
DA:3429,0
DA:3439,0
DA:3443,0
DA:3446,0
DA:3450,0
DA:3451,0
DA:3455,0
DA:3462,0
DA:3464,0
DA:3466,0
DA:3467,0
DA:3471,0
DA:3472,0
DA:3477,0
DA:3478,0
DA:3479,0
DA:3484,4
DA:3489,0
DA:3490,0
DA:3496,1
DA:3497,1
DA:3500,1
DA:3504,0
DA:3508,0
DA:3512,0
DA:3518,0
DA:3522,0
DA:3526,1
DA:3528,0
DA:3534,0
DA:3535,0
DA:3536,0
DA:3538,0
DA:3539,0
DA:3540,0
DA:3541,0
DA:3543,0
DA:3544,0
DA:3545,0
DA:3548,0
DA:3552,0
DA:3556,0
DA:3557,0
DA:3558,0
DA:3562,0
DA:3563,0
DA:3571,0
DA:3574,0
DA:3575,0
DA:3576,0
DA:3581,0
DA:3582,0
DA:3583,0
DA:3588,0
DA:3589,0
DA:3590,0
DA:3594,0
DA:3598,0
DA:3601,0
DA:3606,0
DA:3611,0
DA:3612,0
DA:3619,0
DA:3620,0
DA:3625,1
DA:3626,0
DA:3630,0
DA:3631,0
DA:3632,0
DA:3634,0
DA:3635,0
DA:3636,0
DA:3646,0
DA:3648,0
DA:3651,0
DA:3653,1
DA:3655,0
DA:3657,0
DA:3658,0
DA:3659,0
DA:3662,0
DA:3663,0
DA:3664,0
DA:3666,0
DA:3669,0
DA:3674,0
DA:3676,0
DA:3681,0
DA:3685,0
DA:3686,0
DA:3687,0
DA:3690,0
DA:3694,0
DA:3695,0
DA:3699,0
DA:3700,0
DA:3703,0
DA:3704,0
DA:3710,0
DA:3711,0
DA:3713,0
DA:3719,1
DA:3721,0
DA:3723,0
DA:3724,0
DA:3725,0
DA:3726,0
DA:3729,0
DA:3730,0
DA:3733,0
DA:3736,0
DA:3739,0
DA:3741,0
DA:3742,0
DA:3747,0
DA:3748,0
DA:3754,0
DA:3755,0
DA:3757,0
DA:3758,0
DA:3759,0
DA:3760,0
DA:3765,0
DA:3770,0
DA:3776,0
DA:3777,0
DA:3781,0
DA:3782,0
DA:3783,0
DA:3785,0
DA:3787,0
DA:3788,0
DA:3789,0
DA:3790,0
DA:3791,0
DA:3794,0
DA:3795,0
DA:3798,1
DA:3803,1
DA:3805,20
DA:3809,0
DA:3810,0
DA:3815,0
DA:3819,0
DA:3820,0
DA:3825,0
DA:3830,0
DA:3831,0
DA:3832,0
DA:3836,0
DA:3838,0
DA:3840,0
DA:3841,0
DA:3842,0
DA:3847,0
DA:3848,0
DA:3849,0
DA:3850,0
DA:3851,0
DA:3854,0
DA:3860,0
DA:3864,0
DA:3869,0
DA:3870,0
DA:3871,0
DA:3874,0
DA:3875,0
DA:3877,0
DA:3878,0
DA:3880,0
DA:3885,0
DA:3886,0
DA:3887,0
DA:3889,0
DA:3890,0
DA:3893,0
DA:3898,0
DA:3902,0
DA:3904,0
DA:3905,0
DA:3908,0
DA:3909,0
DA:3910,0
DA:3914,0
DA:3915,0
DA:3917,0
DA:3922,0
DA:3924,0
DA:3925,0
DA:3927,0
DA:3932,0
DA:3933,0
DA:3935,0
DA:3942,0
DA:3948,0
DA:3951,0
DA:3952,0
DA:3953,0
DA:3957,0
DA:3961,0
DA:3964,0
DA:3965,0
DA:3966,0
DA:3968,0
DA:3969,0
DA:3972,0
DA:3974,0
DA:3981,0
DA:3984,0
DA:3986,0
DA:3987,0
DA:3989,0
DA:3990,0
DA:3993,0
DA:3994,0
DA:3996,0
DA:4000,0
DA:4001,0
DA:4002,0
DA:4003,0
DA:4004,0
DA:4005,0
DA:4006,0
DA:4010,0
DA:4013,0
DA:4014,0
DA:4020,1
DA:4026,0
DA:4027,0
DA:4032,0
DA:4043,0
DA:4044,0
DA:4047,0
DA:4053,0
DA:4056,0
DA:4057,0
DA:4061,0
DA:4065,0
DA:4069,0
DA:4074,0
DA:4075,0
DA:4076,0
DA:4077,0
DA:4082,0
DA:4083,0
DA:4085,0
DA:4091,30
DA:4095,30
DA:4096,0
DA:4100,30
DA:4101,0
DA:4106,30
DA:4107,30
DA:4108,30
DA:4112,30
DA:4114,30
DA:4115,0
DA:4117,30
DA:4118,0
DA:4121,30
DA:4122,30
DA:4125,0
DA:4126,0
DA:4129,0
DA:4132,0
DA:4139,0
DA:4143,0
DA:4144,0
DA:4145,0
DA:4148,0
DA:4150,0
DA:4153,0
DA:4161,0
DA:4164,0
DA:4165,0
DA:4166,0
DA:4167,0
DA:4169,0
DA:4181,0
DA:4185,0
DA:4186,0
DA:4189,0
DA:4191,0
DA:4193,0
DA:4194,0
DA:4197,0
DA:4198,0
DA:4203,0
DA:4212,0
DA:4221,1
DA:4223,0
DA:4225,0
DA:4227,0
DA:4229,0
DA:4232,1
DA:4233,16
DA:4235,16
DA:4236,0
DA:4248,0
DA:4250,0
DA:4256,1
DA:4257,0
DA:4259,0
DA:4260,0
DA:4261,0
DA:4263,0
DA:4268,1
DA:4280,10
DA:4284,1
DA:4285,2
DA:4287,0
DA:4288,0
DA:4292,2
DA:4293,0
DA:4296,0
DA:4300,1
DA:4305,1
DA:4306,0
DA:4309,1
DA:4310,3
DA:4313,1
DA:4314,0
DA:4315,0
DA:4323,1
DA:4329,3
DA:4335,3
DA:4336,0
DA:4340,3
DA:4341,0
DA:4342,0
DA:4343,0
DA:4347,3
DA:4348,1
DA:4352,3
DA:4353,1
DA:4355,3
DA:4356,1
DA:4359,0
DA:4364,1
DA:4368,3
DA:4369,3
DA:4370,3
DA:4371,3
DA:4372,3
DA:4373,3
DA:4376,3
DA:4377,0
DA:4381,3
DA:4384,3
DA:4387,3
DA:4390,3
DA:4402,3
DA:4403,3
DA:4404,3
DA:4407,3
DA:4408,3
DA:4409,3
DA:4414,3
DA:4415,0
DA:4417,0
DA:4418,0
DA:4423,3
DA:4424,0
DA:4426,3
DA:4430,3
DA:4434,3
DA:4440,4
DA:4445,4
DA:4446,4
DA:4450,0
DA:4451,0
DA:4452,0
DA:4453,0
DA:4454,0
DA:4455,0
DA:4458,0
DA:4459,0
DA:4460,0
DA:4462,0
DA:4465,0
DA:4466,0
DA:4467,0
DA:4468,0
DA:4471,0
DA:4472,0
DA:4473,0
DA:4475,0
DA:4479,0
DA:4481,0
DA:4482,0
DA:4484,0
DA:4485,0
DA:4492,0
DA:4493,0
DA:4494,0
DA:4497,0
DA:4502,0
DA:4503,0
DA:4504,0
DA:4510,1
DA:4515,1
DA:4518,1
DA:4519,0
DA:4523,1
DA:4524,0
DA:4527,1
DA:4529,0
DA:4530,0
DA:4531,0
DA:4533,1
DA:4536,1
DA:4541,1
DA:4542,1
DA:4543,1
DA:4548,1
DA:4549,1
DA:4550,1
DA:4554,1
DA:4559,1
DA:4560,1
DA:4561,0
DA:4566,1
DA:4568,1
DA:4569,1
DA:4570,1
DA:4572,1
DA:4573,0
DA:4574,0
DA:4578,1
DA:4579,1
DA:4584,1
DA:4585,1
DA:4587,2
DA:4592,2
DA:4593,2
DA:4594,0
DA:4598,2
DA:4599,2
DA:4600,0
DA:4603,1
DA:4606,1
DA:4608,1
DA:4613,1
DA:4616,0
DA:4618,0
DA:4619,0
DA:4623,0
DA:4624,0
DA:4625,0
DA:4627,0
DA:4628,0
DA:4634,1
DA:4640,0
DA:4642,0
DA:4649,0
DA:4650,0
DA:4653,0
DA:4654,0
DA:4658,0
DA:4661,0
DA:4662,0
DA:4663,0
DA:4665,0
DA:4666,0
DA:4670,0
DA:4672,0
DA:4673,0
DA:4675,0
DA:4678,0
DA:4679,0
DA:4680,0
DA:4681,0
DA:4689,0
DA:4690,0
DA:4693,0
DA:4697,0
DA:4705,0
DA:4707,0
DA:4710,0
DA:4711,0
DA:4712,0
DA:4713,0
DA:4716,0
DA:4718,0
DA:4719,0
DA:4723,0
DA:4724,0
DA:4727,0
DA:4728,0
DA:4735,0
DA:4736,0
DA:4739,0
DA:4752,0
DA:4753,0
DA:4756,0
DA:4763,0
DA:4767,0
DA:4768,0
DA:4769,0
DA:4770,0
DA:4772,0
DA:4773,0
DA:4778,0
DA:4779,0
DA:4782,0
DA:4787,0
DA:4788,0
DA:4792,0
DA:4797,0
DA:4798,0
DA:4803,0
DA:4805,0
DA:4807,0
DA:4808,0
DA:4809,0
DA:4810,0
DA:4815,0
DA:4816,0
DA:4821,0
DA:4822,0
DA:4825,0
DA:4836,0
DA:4837,0
DA:4838,0
DA:4845,0
DA:4846,0
DA:4847,0
DA:4855,0
DA:4856,0
DA:4857,0
DA:4863,0
DA:4872,0
DA:4873,0
DA:4883,0
DA:4892,0
DA:4893,0
DA:4895,0
DA:4897,0
DA:4898,0
DA:4903,1
DA:4904,0
DA:4905,0
DA:4909,1
DA:4911,613
DA:4912,306
DA:4916,307
DA:4917,0
DA:4918,0
DA:4922,0
DA:4927,307
DA:4931,307
DA:4932,0
DA:4936,307
DA:4939,307
DA:4944,1
DA:4950,0
DA:4952,0
DA:4954,0
DA:4955,0
DA:4959,0
DA:4961,0
DA:4963,0
DA:4964,0
DA:4968,0
DA:4969,0
DA:4975,1
DA:4979,2
DA:4984,0
DA:4991,0
DA:4992,0
DA:4993,0
DA:4994,0
DA:4996,0
DA:5003,1
DA:5004,1
DA:5007,2
DA:5009,0
DA:5012,2
DA:5014,0
DA:5015,0
DA:5019,0
DA:5020,0
DA:5027,1
DA:5030,3
DA:5033,3
DA:5035,0
DA:5037,0
DA:5038,0
DA:5040,0
DA:5041,0
DA:5043,0
DA:5046,3
DA:5048,0
DA:5049,0
DA:5050,3
DA:5051,0
DA:5053,0
DA:5054,0
DA:5057,0
DA:5058,0
DA:5059,0
DA:5062,3
DA:5063,0
DA:5064,3
DA:5065,0
DA:5068,3
DA:5069,0
DA:5070,0
DA:5072,0
DA:5073,0
DA:5076,0
DA:5078,3
DA:5079,3
DA:5083,0
DA:5086,4
DA:5087,4
DA:5089,0
DA:5090,0
DA:5095,0
DA:5097,4
DA:5099,0
DA:5100,0
DA:5102,0
DA:5104,4
DA:5106,0
DA:5107,0
DA:5109,4
DA:5110,0
DA:5112,4
DA:5113,4
DA:5118,1
DA:5119,1
DA:5123,0
DA:5124,0
DA:5125,0
DA:5129,1
DA:5140,1
DA:5142,0
DA:5147,0
DA:5148,0
DA:5149,0
DA:5150,0
DA:5151,0
DA:5157,0
DA:5158,0
DA:5162,0
DA:5163,0
DA:5164,0
DA:5168,0
DA:5171,0
DA:5172,0
DA:5173,0
DA:5174,0
DA:5175,0
DA:5182,0
DA:5186,0
DA:5190,0
DA:5203,0
DA:5211,0
DA:5212,0
DA:5214,0
DA:5221,0
DA:5222,0
DA:5227,0
DA:5235,0
DA:5236,0
DA:5240,0
DA:5241,0
DA:5245,0
DA:5253,0
DA:5258,0
DA:5262,0
DA:5268,1
DA:5269,0
DA:5271,0
DA:5274,1
DA:5276,0
DA:5277,0
DA:5280,0
DA:5283,0
DA:5286,0
DA:5289,0
DA:5292,0
DA:5295,0
DA:5298,0
DA:5301,0
DA:5304,0
DA:5307,0
DA:5310,0
DA:5313,12
DA:5314,0
DA:5316,0
DA:5317,0
DA:5320,0
DA:5321,0
DA:5324,0
DA:5326,0
DA:5327,0
DA:5331,0
DA:5332,0
DA:5336,0
DA:5340,1
DA:5342,0
DA:5344,0
DA:5345,0
DA:5348,0
DA:5351,0
DA:5356,0
DA:5359,0
DA:5360,0
DA:5361,0
DA:5362,0
DA:5364,0
DA:5367,0
DA:5371,0
DA:5373,0
DA:5374,0
DA:5375,0
DA:5379,0
DA:5384,1
DA:5385,0
DA:5386,0
DA:5388,0
DA:5393,0
DA:5394,0
DA:5395,0
DA:5400,0
DA:5401,0
DA:5402,0
DA:5405,0
DA:5408,0
DA:5409,0
DA:5412,1
DA:5438,1
DA:5440,1
DA:5441,1
DA:5443,1
DA:5445,0
DA:5446,0
DA:5453,0
DA:5454,0
DA:5455,0
DA:5456,0
DA:5462,0
DA:5463,0
DA:5464,0
DA:5465,0
DA:5471,0
DA:5472,0
DA:5473,0
DA:5479,0
DA:5480,0
DA:5481,0
DA:5488,0
DA:5492,0
DA:5493,0
DA:5494,0
DA:5497,0
DA:5498,0
DA:5499,0
DA:5501,0
DA:5505,0
DA:5509,0
DA:5512,0
DA:5513,0
DA:5516,0
DA:5519,0
DA:5523,0
DA:5527,0
DA:5528,0
DA:5530,0
DA:5531,0
DA:5536,0
DA:5537,0
DA:5541,0
DA:5542,0
DA:5546,0
DA:5549,0
DA:5551,0
DA:5552,0
DA:5553,0
DA:5556,0
DA:5557,0
DA:5558,0
DA:5562,0
DA:5568,0
DA:5569,0
DA:5575,0
DA:5578,0
DA:5583,0
DA:5584,0
DA:5587,0
DA:5589,0
DA:5590,0
DA:5592,0
DA:5593,0
DA:5599,0
DA:5603,0
DA:5609,0
DA:5611,0
DA:5620,0
DA:5621,0
DA:5622,0
DA:5623,0
DA:5624,0
DA:5626,0
DA:5630,0
DA:5631,0
DA:5632,0
DA:5634,0
DA:5635,0
DA:5638,0
DA:5639,0
DA:5640,0
DA:5644,0
DA:5645,0
DA:5647,0
DA:5648,0
DA:5651,0
DA:5654,0
DA:5658,0
DA:5661,0
DA:5662,0
DA:5665,0
DA:5668,0
DA:5669,0
DA:5670,0
DA:5673,0
DA:5675,0
DA:5677,0
DA:5685,0
DA:5689,1
DA:5696,5
DA:5697,0
DA:5703,0
DA:5704,0
DA:5705,0
DA:5709,0
DA:5712,0
DA:5716,1
DA:5718,0
DA:5724,0
DA:5727,0
DA:5728,0
DA:5730,0
DA:5731,0
DA:5736,0
DA:5737,0
DA:5738,0
DA:5739,0
DA:5741,0
DA:5742,0
DA:5745,0
DA:5750,0
DA:5751,0
DA:5752,0
DA:5756,0
DA:5760,0
DA:5766,0
DA:5767,0
DA:5769,0
DA:5772,0
DA:5775,0
DA:5778,0
DA:5779,0
DA:5783,0
DA:5786,0
DA:5787,0
DA:5788,0
DA:5791,0
DA:5792,0
DA:5793,0
DA:5798,0
DA:5801,0
DA:5805,0
DA:5811,0
DA:5813,0
DA:5814,0
DA:5818,0
DA:5819,0
DA:5822,0
DA:5825,0
DA:5828,0
DA:5829,0
DA:5833,0
DA:5834,0
DA:5835,0
DA:5836,0
DA:5837,0
DA:5843,0
DA:5847,0
DA:5851,0
DA:5852,0
DA:5853,0
DA:5855,0
DA:5856,0
DA:5857,0
DA:5858,0
DA:5859,0
DA:5860,0
DA:5864,0
DA:5868,0
DA:5870,0
DA:5875,0
DA:5880,0
DA:5893,1
DA:5894,0
DA:5903,1
DA:5904,0
DA:5905,0
DA:5907,1
DA:5908,0
DA:5910,0
DA:5911,0
DA:5913,0
DA:5916,0
DA:5920,1
DA:5921,0
DA:5924,0
DA:5925,0
DA:5931,1
DA:5932,0
DA:5934,0
DA:5935,0
DA:5939,0
DA:5940,0
DA:5941,0
DA:5942,0
DA:5944,0
DA:5945,0
DA:5946,0
DA:5948,0
DA:5949,0
DA:5950,0
DA:5957,0
DA:5958,0
DA:5959,0
DA:5961,0
DA:5966,1
DA:5967,0
DA:5971,0
DA:5977,1
DA:5978,0
DA:5981,0
DA:5982,0
DA:5985,0
DA:5986,0
DA:5989,1
DA:5991,0
DA:5993,0
DA:5994,0
DA:5995,0
DA:5999,0
DA:6002,0
DA:6004,0
DA:6005,0
DA:6008,0
DA:6009,0
DA:6011,0
DA:6012,0
DA:6015,0
DA:6019,0
DA:6023,0
DA:6024,0
DA:6025,0
DA:6029,0
DA:6030,0
DA:6033,0
DA:6034,0
DA:6037,0
DA:6043,0
DA:6045,0
DA:6046,0
DA:6051,0
DA:6052,0
DA:6053,0
DA:6058,1
DA:6078,1
DA:6081,3
DA:6082,3
DA:6086,0
DA:6090,0
DA:6091,0
DA:6092,0
DA:6093,0
DA:6097,0
DA:6100,1
DA:6103,0
DA:6104,0
DA:6109,1
DA:6110,0
DA:6113,1
DA:6114,0
DA:6119,0
DA:6120,0
DA:6121,0
DA:6122,0
DA:6125,0
DA:6126,0
DA:6127,0
DA:6130,0
DA:6131,0
DA:6137,0
DA:6138,0
DA:6142,0
DA:6143,0
DA:6145,0
DA:6146,0
DA:6154,0
DA:6155,0
DA:6156,0
DA:6157,0
DA:6159,0
DA:6160,0
DA:6164,0
DA:6167,1
DA:6169,10
DA:6170,30
DA:6174,30
DA:6175,0
DA:6176,0
DA:6178,0
DA:6179,0
DA:6182,0
DA:6185,30
DA:6191,0
DA:6194,0
DA:6197,0
DA:6198,0
DA:6201,0
DA:6202,0
DA:6203,0
DA:6205,0
DA:6211,1
DA:6217,0
DA:6219,0
DA:6220,0
DA:6250,30
DA:6251,0
DA:6255,30
DA:6259,30
DA:6263,30
DA:6266,30
DA:6267,30
DA:6270,30
DA:6271,0
DA:6273,0
DA:6277,30
DA:6278,0
DA:6282,30
DA:6283,0
DA:6288,30
DA:6289,0
DA:6293,30
DA:6294,30
DA:6299,0
DA:6300,0
DA:6304,0
DA:6309,0
DA:6313,0
DA:6317,0
DA:6320,0
DA:6321,0
DA:6325,0
DA:6326,0
DA:6330,0
DA:6331,0
DA:6335,0
DA:6336,0
DA:6337,0
DA:6339,0
DA:6343,1
DA:6344,0
DA:6352,0
DA:6354,0
DA:6355,0
DA:6362,0
DA:6365,0
DA:6366,0
DA:6367,0
DA:6370,0
DA:6371,0
DA:6374,0
DA:6375,0
DA:6376,0
DA:6380,0
DA:6384,1
DA:6385,0
DA:6386,0
DA:6392,1
DA:6393,0
DA:6401,0
DA:6403,0
DA:6404,0
DA:6407,0
DA:6409,0
DA:6410,0
DA:6414,0
DA:6415,0
DA:6419,0
DA:6422,0
DA:6423,0
DA:6428,0
DA:6431,1
DA:6434,0
DA:6442,0
DA:6444,0
DA:6445,0
DA:6446,0
DA:6450,0
DA:6451,0
DA:6456,0
DA:6459,0
DA:6463,0
DA:6475,1
DA:6476,0
DA:6479,0
DA:6480,0
DA:6483,0
DA:6485,0
DA:6491,0
DA:6492,0
DA:6493,0
DA:6495,0
DA:6496,0
DA:6500,0
DA:6503,0
DA:6507,1
DA:6508,0
DA:6510,0
DA:6511,0
DA:6514,1
DA:6515,2
DA:6517,0
DA:6520,0
DA:6522,0
DA:6529,0
DA:6530,0
DA:6545,1
DA:6547,1
DA:6548,0
DA:6550,0
DA:6554,0
DA:6564,1
DA:6565,1
DA:6566,2
DA:6568,0
DA:6569,0
DA:6571,0
DA:6582,1
DA:6583,1
DA:6586,0
DA:6589,1
DA:6590,0
DA:6595,1
DA:6600,3
DA:6602,0
DA:6608,0
DA:6609,0
DA:6613,0
DA:6617,3
DA:6618,2
DA:6621,1
DA:6627,1
DA:6629,0
DA:6632,0
DA:6634,0
DA:6635,0
DA:6638,0
DA:6640,0
DA:6645,0
DA:6647,0
DA:6651,0
DA:6660,1
DA:6661,0
DA:6665,0
DA:6666,0
DA:6670,0
DA:6671,0
DA:6675,0
DA:6677,0
DA:6678,0
DA:6684,0
DA:6685,0
DA:6690,0
DA:6693,1
DA:6694,0
DA:6696,0
DA:6698,0
DA:6699,0
DA:6701,0
DA:6705,0
DA:6709,0
DA:6711,0
DA:6712,0
DA:6717,0
DA:6720,1
DA:6725,25
DA:6726,3
DA:6732,1
DA:6734,0
DA:6738,0
DA:6741,3
DA:6745,0
DA:6749,0
DA:6752,1
DA:6795,1
DA:6796,1
DA:6800,0
DA:6801,0
DA:6802,0
DA:6806,1
DA:6809,1
DA:6812,2
DA:6814,4
DA:6815,1
DA:6816,1
DA:6819,4
DA:6823,4
DA:6825,4
DA:6827,5
DA:6828,0
DA:6829,0
DA:6833,5
DA:6841,1
DA:6843,0
DA:6846,1
DA:6847,0
DA:6848,0
DA:6849,0
DA:6850,0
DA:6851,0
DA:6852,0
DA:6853,0
DA:6854,0
DA:6855,0
DA:6856,0
DA:6859,0
DA:6862,0
DA:6868,1
DA:6869,2
DA:6872,2
DA:6873,5
DA:6874,5
DA:6877,2
DA:6878,2
DA:6881,2
DA:6884,1
DA:6885,0
DA:6886,0
DA:6889,0
DA:6893,0
DA:6894,0
DA:6895,0
DA:6899,0
DA:6902,0
DA:6903,0
DA:6906,0
DA:6907,0
DA:6911,0
DA:6912,0
DA:6922,0
DA:6924,0
DA:6934,0
DA:6938,0
DA:6942,1
DA:6943,6
DA:6944,0
DA:6948,1
DA:7028,2
DA:7044,0
DA:7045,0
DA:7046,0
DA:7050,0
DA:7052,0
DA:7092,0
DA:7093,0
DA:7094,0
DA:7095,0
DA:7096,0
DA:7097,0
DA:7100,0
DA:7102,0
DA:7107,0
DA:7112,0
DA:7113,0
DA:7114,0
DA:7115,0
DA:7117,0
DA:7122,0
DA:7123,0
DA:7125,0
DA:7130,0
DA:7131,0
DA:7132,0
DA:7133,0
DA:7135,0
DA:7139,0
DA:7142,0
DA:7147,0
DA:7148,0
DA:7149,0
DA:7151,0
DA:7152,0
DA:7157,0
DA:7158,0
DA:7159,0
DA:7165,0
DA:7169,0
DA:7172,0
DA:7175,0
DA:7176,0
DA:7177,0
DA:7185,0
DA:7186,0
DA:7190,0
DA:7193,0
DA:7194,0
DA:7198,0
DA:7201,0
DA:7202,0
DA:7206,0
DA:7209,0
DA:7213,0
DA:7216,0
DA:7219,0
DA:7220,0
DA:7222,0
DA:7226,0
DA:7227,0
DA:7238,0
DA:7239,0
DA:7240,0
DA:7242,0
DA:7243,0
DA:7248,0
DA:7249,0
DA:7253,0
DA:7261,0
DA:7262,0
DA:7266,0
DA:7268,0
DA:7272,0
DA:7275,0
DA:7276,0
DA:7280,0
DA:7283,0
DA:7284,0
DA:7286,0
DA:7289,0
DA:7290,0
DA:7293,0
DA:7294,0
DA:7295,0
DA:7299,0
DA:7300,0
DA:7301,0
DA:7304,0
DA:7305,0
DA:7308,0
DA:7314,1
DA:7315,0
DA:7319,0
DA:7320,0
DA:7324,0
DA:7327,0
DA:7328,0
DA:7333,0
DA:7336,0
DA:7339,0
DA:7342,0
DA:7345,0
DA:7346,0
DA:7350,0
DA:7353,0
DA:7356,0
DA:7357,0
DA:7358,0
DA:7359,0
DA:7361,0
DA:7362,0
DA:7363,0
DA:7368,0
DA:7369,0
DA:7372,0
DA:7373,0
DA:7377,0
DA:7378,0
DA:7379,0
DA:7380,0
DA:7385,0
DA:7386,0
DA:7387,0
DA:7388,0
DA:7389,0
DA:7395,0
DA:7396,0
DA:7399,0
DA:7400,0
DA:7402,0
DA:7406,0
DA:7407,0
DA:7409,0
DA:7410,0
DA:7415,0
DA:7417,0
DA:7418,0
DA:7420,0
DA:7421,0
DA:7426,0
DA:7430,0
DA:7434,0
DA:7438,1
DA:7439,2
DA:7441,0
DA:7442,0
DA:7443,0
DA:7444,0
DA:7447,0
DA:7461,1
DA:7463,0
DA:7468,0
DA:7469,0
DA:7470,0
DA:7471,0
DA:7476,0
DA:7477,0
DA:7478,0
DA:7479,0
DA:7480,0
DA:7486,0
DA:7487,0
DA:7490,0
DA:7491,0
DA:7492,0
DA:7493,0
DA:7495,0
DA:7496,0
DA:7500,0
DA:7506,0
DA:7507,0
DA:7508,0
DA:7510,0
DA:7517,1
DA:7518,0
DA:7524,0
DA:7525,0
DA:7526,0
DA:7530,0
DA:7533,0
DA:7535,0
DA:7536,0
DA:7540,0
DA:7541,0
DA:7544,0
DA:7545,0
DA:7547,0
DA:7550,0
DA:7552,0
DA:7555,0
DA:7558,0
DA:7561,0
DA:7562,0
DA:7565,0
DA:7566,0
DA:7569,0
DA:7571,0
DA:7573,0
DA:7574,0
DA:7577,0
DA:7578,0
DA:7579,0
DA:7581,0
DA:7588,0
DA:7591,0
DA:7592,0
DA:7594,0
DA:7595,0
DA:7597,0
DA:7605,0
DA:7608,1
DA:7617,0
DA:7618,0
DA:7624,1
DA:7625,0
DA:7626,0
DA:7628,0
DA:7629,0
DA:7634,1
DA:7636,0
DA:7637,0
DA:7638,0
DA:7640,0
DA:7647,0
DA:7648,0
DA:7649,0
DA:7650,0
DA:7654,0
DA:7657,0
DA:7658,0
DA:7664,1
DA:7668,1
DA:7671,0
DA:7672,0
DA:7673,0
DA:7678,1
DA:7680,0
DA:7687,0
DA:7690,0
DA:7695,0
DA:7696,0
DA:7697,0
DA:7698,0
DA:7702,0
DA:7703,0
DA:7704,0
DA:7706,0
DA:7710,0
DA:7713,0
DA:7714,0
DA:7715,0
DA:7719,0
DA:7721,0
DA:7724,0
DA:7726,0
DA:7729,0
DA:7733,0
DA:7734,0
DA:7737,0
DA:7741,0
DA:7744,1
DA:7745,1
DA:7746,1
DA:7750,1
DA:7764,1
DA:7765,0
DA:7766,0
DA:7767,0
DA:7769,0
DA:7773,1
DA:7774,1
DA:7776,1
DA:7777,0
DA:7779,0
DA:7780,0
DA:7782,0
DA:7784,0
DA:7786,0
DA:7787,0
DA:7788,0
DA:7792,0
DA:7793,0
DA:7800,0
DA:7801,0
DA:7804,0
DA:7805,0
DA:7808,0
DA:7809,0
DA:7810,0
DA:7811,0
DA:7812,0
DA:7813,0
DA:7814,0
DA:7815,0
DA:7816,0
DA:7822,0
DA:7838,0
DA:7839,0
DA:7841,0
DA:7845,0
DA:7848,0
DA:7849,0
DA:7855,1
DA:7862,0
DA:7873,0
DA:7875,0
DA:7878,0
DA:7881,0
DA:7883,0
DA:7886,0
DA:7889,0
DA:7890,0
DA:7898,0
DA:7899,0
DA:7900,0
DA:7902,0
DA:7907,0
DA:7912,1
DA:7913,0
DA:7914,0
DA:7916,0
DA:7919,1
DA:7920,0
DA:7924,0
DA:7925,0
DA:7928,0
DA:7933,1
DA:7934,0
DA:7940,0
DA:7943,0
DA:7944,0
DA:7946,0
DA:7954,0
DA:7955,0
DA:7958,0
DA:7960,0
DA:7961,0
DA:7963,0
DA:7964,0
DA:7977,0
DA:7979,0
DA:7980,0
DA:7983,0
DA:7987,0
DA:7988,0
DA:7990,0
DA:7991,0
DA:7992,0
DA:7997,0
DA:7998,0
DA:8000,0
DA:8002,0
DA:8007,0
DA:8009,0
DA:8010,0
DA:8011,0
DA:8012,0
DA:8016,0
DA:8018,0
DA:8019,0
DA:8022,0
DA:8031,0
DA:8037,1
DA:8038,0
DA:8041,0
DA:8042,0
DA:8043,0
DA:8044,0
DA:8045,0
DA:8046,0
DA:8047,0
DA:8050,0
DA:8051,0
DA:8052,0
DA:8055,0
DA:8056,0
DA:8057,0
DA:8058,0
DA:8062,0
DA:8063,0
DA:8064,0
DA:8065,0
DA:8069,0
DA:8074,1
DA:8077,0
DA:8078,0
DA:8079,0
DA:8081,0
DA:8084,0
DA:8088,0
DA:8089,0
DA:8090,0
DA:8091,0
DA:8096,0
DA:8097,0
DA:8099,0
DA:8104,1
DA:8106,0
DA:8114,0
DA:8115,0
DA:8116,0
DA:8117,0
DA:8118,0
DA:8119,0
DA:8120,0
DA:8121,0
DA:8125,0
DA:8127,0
DA:8130,0
DA:8131,0
DA:8132,0
DA:8133,0
DA:8140,0
DA:8145,0
DA:8149,0
DA:8152,0
DA:8156,0
DA:8157,0
DA:8158,0
DA:8159,0
DA:8160,0
DA:8161,0
DA:8167,0
DA:8168,0
DA:8169,0
DA:8170,0
DA:8171,0
DA:8172,0
DA:8175,0
DA:8176,0
DA:8178,0
DA:8181,0
DA:8185,0
DA:8186,0
DA:8187,0
DA:8188,0
DA:8191,0
DA:8195,0
DA:8196,0
DA:8198,0
DA:8199,0
DA:8201,0
DA:8202,0
DA:8205,0
DA:8206,0
DA:8208,0
DA:8209,0
DA:8210,0
DA:8213,0
DA:8214,0
DA:8216,0
DA:8217,0
DA:8218,0
DA:8219,0
DA:8220,0
DA:8227,1
DA:8228,0
DA:8230,1
DA:8232,1
DA:8235,0
DA:8236,0
DA:8237,0
DA:8238,0
DA:8239,0
DA:8240,0
DA:8241,0
DA:8244,0
DA:8246,0
DA:8251,0
DA:8254,0
DA:8255,0
DA:8259,0
DA:8261,0
DA:8263,0
DA:8264,0
DA:8267,0
DA:8268,0
DA:8270,0
DA:8272,0
DA:8276,1
DA:8278,1
DA:8281,0
DA:8283,0
DA:8285,0
DA:8292,0
DA:8294,0
DA:8299,0
DA:8300,0
DA:8301,0
DA:8302,0
DA:8304,0
DA:8313,1
DA:8315,0
DA:8316,0
DA:8321,1
DA:8322,3
DA:8323,3
DA:8324,0
DA:8330,1
DA:8334,0
DA:8340,0
DA:8344,0
DA:8347,0
DA:8348,0
DA:8351,0
DA:8353,0
DA:8358,0
DA:8359,0
DA:8360,0
DA:8361,0
DA:8364,0
DA:8365,0
DA:8366,0
DA:8367,0
DA:8369,0
DA:8370,0
DA:8373,0
DA:8374,0
DA:8379,0
DA:8380,0
DA:8381,0
DA:8384,0
DA:8385,0
DA:8386,0
DA:8391,0
DA:8392,0
DA:8393,0
DA:8394,0
DA:8395,0
DA:8402,0
DA:8403,0
DA:8408,0
DA:8409,0
DA:8411,0
DA:8412,0
DA:8420,0
DA:8423,0
DA:8425,0
DA:8426,0
DA:8430,0
DA:8431,0
DA:8432,0
DA:8433,0
DA:8438,0
DA:8439,0
DA:8440,0
DA:8445,0
DA:8451,1
DA:8452,3
DA:8458,3
DA:8459,3
DA:8460,6
DA:8461,6
DA:8464,3
DA:8465,0
DA:8468,3
DA:8472,1
DA:8480,6
DA:8481,0
DA:8485,1
DA:8486,0
DA:8493,0
DA:8497,0
DA:8498,0
DA:8502,0
DA:8504,0
DA:8505,0
DA:8506,0
DA:8509,0
DA:8510,0
DA:8514,0
DA:8517,1
DA:8519,0
DA:8522,0
DA:8526,1
DA:8527,1
DA:8528,1
DA:8529,0
DA:8533,0
DA:8535,0
DA:8536,0
DA:8538,0
DA:8539,0
DA:8543,0
DA:8544,0
DA:8546,0
DA:8549,1
DA:8550,0
DA:8551,0
DA:8555,1
DA:8557,1
DA:8558,0
DA:8559,0
DA:8563,1
DA:8564,0
DA:8565,0
DA:8568,1
DA:8576,1
DA:8578,1
DA:8579,1
DA:8580,0
DA:8581,0
DA:8585,1
DA:8586,0
DA:8587,0
DA:8590,0
DA:8594,0
DA:8599,0
DA:8600,0
DA:8603,0
DA:8606,0
DA:8607,0
DA:8612,0
DA:8613,0
DA:8615,0
DA:8616,0
DA:8622,1
DA:8625,0
DA:8631,0
DA:8632,0
DA:8635,0
DA:8636,0
DA:8637,0
DA:8638,0
DA:8641,0
DA:8642,0
DA:8643,0
DA:8644,0
DA:8647,0
DA:8648,0
DA:8651,0
DA:8652,0
DA:8655,0
DA:8656,0
DA:8658,0
DA:8659,0
DA:8662,0
DA:8663,0
DA:8666,0
DA:8672,1
DA:8675,0
DA:8676,0
DA:8679,0
DA:8684,0
DA:8686,0
DA:8690,0
DA:8693,0
DA:8694,0
DA:8695,0
DA:8699,0
DA:8700,0
DA:8704,0
DA:8711,0
DA:8712,0
DA:8714,0
DA:8715,0
DA:8718,0
DA:8725,1
DA:8726,2
DA:8728,2
DA:8729,0
DA:8730,0
DA:8732,0
DA:8733,0
DA:8736,0
DA:8737,0
DA:8743,0
DA:8749,1
DA:8750,0
DA:8753,1
DA:8754,2
DA:8756,6
DA:8757,0
DA:8760,0
DA:8761,0
DA:8763,0
DA:8767,0
DA:8771,0
DA:8772,0
DA:8776,0
DA:8783,0
DA:8797,1
DA:8798,0
DA:8801,1
DA:8804,1
DA:8809,1
DA:8818,0
DA:8819,0
DA:8825,1
DA:8826,1
LF:3117
LH:694
BRDA:105,1,0,0
BRDA:105,1,1,35
BRDA:110,2,0,29
BRDA:110,2,1,6
BRDA:111,3,0,29
BRDA:111,3,1,0
BRDA:111,4,0,29
BRDA:111,4,1,29
BRDA:111,4,2,29
BRDA:120,5,0,29
BRDA:120,5,1,0
BRDA:120,6,0,29
BRDA:120,6,1,29
BRDA:120,6,2,0
BRDA:123,7,0,29
BRDA:123,7,1,0
BRDA:124,8,0,0
BRDA:124,8,1,29
BRDA:129,9,0,0
BRDA:129,9,1,29
BRDA:129,10,0,29
BRDA:129,10,1,0
BRDA:129,11,0,0
BRDA:129,11,1,0
BRDA:134,12,0,0
BRDA:134,12,1,29
BRDA:134,13,0,29
BRDA:134,13,1,29
BRDA:137,14,0,0
BRDA:137,14,1,0
BRDA:155,15,0,0
BRDA:155,15,1,0
BRDA:155,16,0,0
BRDA:155,16,1,0
BRDA:167,17,0,0
BRDA:167,17,1,0
BRDA:167,18,0,0
BRDA:167,18,1,0
BRDA:168,19,0,0
BRDA:168,19,1,0
BRDA:177,20,0,4
BRDA:177,20,1,2
BRDA:184,21,0,2
BRDA:184,21,1,0
BRDA:188,22,0,0
BRDA:188,22,1,0
BRDA:209,23,0,0
BRDA:209,23,1,0
BRDA:215,24,0,0
BRDA:215,24,1,0
BRDA:261,25,0,0
BRDA:261,25,1,0
BRDA:262,26,0,0
BRDA:262,26,1,0
BRDA:262,27,0,0
BRDA:262,27,1,0
BRDA:272,28,0,0
BRDA:272,28,1,0
BRDA:287,29,0,31
BRDA:287,29,1,0
BRDA:293,30,0,5
BRDA:293,30,1,26
BRDA:295,31,0,5
BRDA:295,31,1,0
BRDA:301,32,0,0
BRDA:301,32,1,31
BRDA:301,33,0,31
BRDA:301,33,1,1
BRDA:306,34,0,21
BRDA:306,34,1,10
BRDA:313,35,0,28
BRDA:313,35,1,3
BRDA:320,36,0,0
BRDA:320,36,1,154
BRDA:325,37,0,3
BRDA:325,37,1,151
BRDA:325,38,0,154
BRDA:325,38,1,8
BRDA:325,38,2,8
BRDA:325,38,3,5
BRDA:326,39,0,0
BRDA:326,39,1,3
BRDA:328,40,0,0
BRDA:328,40,1,0
BRDA:328,41,0,0
BRDA:328,41,1,0
BRDA:331,42,0,3
BRDA:331,42,1,0
BRDA:331,43,0,3
BRDA:331,43,1,3
BRDA:338,44,0,151
BRDA:338,44,1,0
BRDA:354,45,0,0
BRDA:354,45,1,0
BRDA:358,46,0,0
BRDA:358,46,1,0
BRDA:358,47,0,0
BRDA:358,47,1,0
BRDA:374,48,0,0
BRDA:374,48,1,0
BRDA:385,49,0,0
BRDA:385,49,1,1
BRDA:385,50,0,0
BRDA:385,50,1,1
BRDA:393,51,0,0
BRDA:393,51,1,1
BRDA:393,52,0,1
BRDA:393,52,1,1
BRDA:401,53,0,1
BRDA:401,53,1,0
BRDA:416,54,0,42
BRDA:416,54,1,42
BRDA:420,55,0,0
BRDA:420,55,1,0
BRDA:424,56,0,30
BRDA:424,56,1,201
BRDA:428,57,0,79
BRDA:428,57,1,122
BRDA:428,58,0,201
BRDA:428,58,1,139
BRDA:429,59,0,79
BRDA:429,59,1,5
BRDA:438,60,0,34
BRDA:438,60,1,6
BRDA:438,61,0,40
BRDA:438,61,1,6
BRDA:438,61,2,6
BRDA:447,62,0,0
BRDA:447,62,1,6
BRDA:447,63,0,6
BRDA:447,63,1,6
BRDA:476,64,0,0
BRDA:476,64,1,29
BRDA:476,65,0,29
BRDA:476,65,1,29
BRDA:479,66,0,0
BRDA:479,66,1,29
BRDA:483,67,0,29
BRDA:483,67,1,0
BRDA:486,68,0,29
BRDA:486,68,1,0
BRDA:489,69,0,29
BRDA:489,69,1,0
BRDA:495,70,0,0
BRDA:495,70,1,0
BRDA:507,71,0,0
BRDA:507,71,1,0
BRDA:507,72,0,0
BRDA:507,72,1,0
BRDA:519,73,0,0
BRDA:519,73,1,0
BRDA:519,74,0,0
BRDA:519,74,1,0
BRDA:534,75,0,0
BRDA:534,75,1,0
BRDA:538,76,0,0
BRDA:538,76,1,0
BRDA:557,77,0,0
BRDA:557,77,1,0
BRDA:567,78,0,0
BRDA:567,78,1,35
BRDA:568,79,0,0
BRDA:568,79,1,0
BRDA:572,80,0,0
BRDA:572,80,1,0
BRDA:580,81,0,0
BRDA:580,81,1,0
BRDA:588,82,0,25
BRDA:588,82,1,10
BRDA:592,83,0,0
BRDA:592,83,1,99
BRDA:600,84,0,0
BRDA:600,84,1,40
BRDA:611,85,0,0
BRDA:611,85,1,0
BRDA:616,86,0,0
BRDA:616,86,1,0
BRDA:618,87,0,0
BRDA:618,87,1,0
BRDA:619,88,0,0
BRDA:619,88,1,0
BRDA:621,89,0,0
BRDA:621,89,1,0
BRDA:633,90,0,0
BRDA:633,90,1,0
BRDA:641,91,0,29
BRDA:641,91,1,0
BRDA:667,92,0,0
BRDA:667,92,1,0
BRDA:684,93,0,0
BRDA:684,93,1,0
BRDA:688,94,0,0
BRDA:688,94,1,0
BRDA:698,95,0,0
BRDA:698,95,1,0
BRDA:716,96,0,0
BRDA:716,96,1,0
BRDA:724,97,0,0
BRDA:724,97,1,0
BRDA:731,98,0,0
BRDA:731,98,1,0
BRDA:735,99,0,0
BRDA:735,99,1,0
BRDA:748,100,0,20
BRDA:748,100,1,60
BRDA:755,101,0,60
BRDA:755,101,1,0
BRDA:758,102,0,60
BRDA:758,102,1,0
BRDA:762,103,0,0
BRDA:762,103,1,60
BRDA:764,104,0,0
BRDA:764,104,1,0
BRDA:777,105,0,60
BRDA:777,105,1,0
BRDA:779,106,0,60
BRDA:779,106,1,0
BRDA:784,107,0,80
BRDA:784,107,1,0
BRDA:788,108,0,0
BRDA:788,108,1,0
BRDA:790,109,0,0
BRDA:790,109,1,0
BRDA:808,110,0,1
BRDA:808,110,1,1
BRDA:820,111,0,1
BRDA:820,111,1,1
BRDA:827,112,0,1
BRDA:827,112,1,0
BRDA:852,113,0,0
BRDA:852,113,1,35
BRDA:856,114,0,0
BRDA:856,114,1,35
BRDA:856,115,0,35
BRDA:856,115,1,0
BRDA:860,116,0,35
BRDA:860,116,1,23
BRDA:860,116,2,23
BRDA:860,116,3,23
BRDA:860,116,4,13
BRDA:860,116,5,13
BRDA:909,117,0,0
BRDA:909,117,1,19
BRDA:928,118,0,1
BRDA:928,118,1,0
BRDA:932,119,0,0
BRDA:932,119,1,0
BRDA:1010,120,0,0
BRDA:1010,120,1,0
BRDA:1010,121,0,0
BRDA:1010,121,1,0
BRDA:1013,122,0,0
BRDA:1013,122,1,0
BRDA:1029,123,0,0
BRDA:1029,123,1,0
BRDA:1053,124,0,0
BRDA:1053,124,1,0
BRDA:1053,125,0,0
BRDA:1053,125,1,0
BRDA:1053,126,0,0
BRDA:1053,126,1,0
BRDA:1057,127,0,0
BRDA:1057,127,1,0
BRDA:1058,128,0,0
BRDA:1058,128,1,0
BRDA:1060,129,0,0
BRDA:1060,129,1,0
BRDA:1060,130,0,0
BRDA:1060,130,1,0
BRDA:1064,131,0,0
BRDA:1064,131,1,0
BRDA:1064,132,0,0
BRDA:1064,132,1,0
BRDA:1068,133,0,0
BRDA:1068,133,1,0
BRDA:1068,134,0,0
BRDA:1068,134,1,0
BRDA:1071,135,0,0
BRDA:1071,135,1,0
BRDA:1073,136,0,0
BRDA:1073,136,1,0
BRDA:1074,137,0,0
BRDA:1074,137,1,0
BRDA:1078,138,0,0
BRDA:1078,138,1,0
BRDA:1078,139,0,0
BRDA:1078,139,1,0
BRDA:1081,140,0,0
BRDA:1081,140,1,0
BRDA:1090,141,0,0
BRDA:1090,141,1,0
BRDA:1090,142,0,0
BRDA:1090,142,1,0
BRDA:1090,142,2,0
BRDA:1090,142,3,0
BRDA:1098,143,0,0
BRDA:1098,143,1,0
BRDA:1103,144,0,0
BRDA:1103,144,1,0
BRDA:1103,145,0,0
BRDA:1103,145,1,0
BRDA:1103,145,2,0
BRDA:1110,146,0,0
BRDA:1110,146,1,0
BRDA:1110,147,0,0
BRDA:1110,147,1,0
BRDA:1110,147,2,0
BRDA:1113,148,0,0
BRDA:1113,148,1,0
BRDA:1119,149,0,0
BRDA:1119,149,1,0
BRDA:1119,150,0,0
BRDA:1119,150,1,0
BRDA:1122,151,0,0
BRDA:1122,151,1,0
BRDA:1133,152,0,0
BRDA:1133,152,1,0
BRDA:1133,152,2,0
BRDA:1137,153,0,0
BRDA:1137,153,1,0
BRDA:1145,154,0,0
BRDA:1145,154,1,0
BRDA:1168,155,0,0
BRDA:1168,155,1,0
BRDA:1199,156,0,1
BRDA:1199,156,1,7
BRDA:1228,157,0,0
BRDA:1228,157,1,0
BRDA:1229,158,0,0
BRDA:1229,158,1,0
BRDA:1229,158,2,0
BRDA:1229,158,3,0
BRDA:1230,159,0,0
BRDA:1230,159,1,0
BRDA:1231,160,0,0
BRDA:1231,160,1,0
BRDA:1234,161,0,0
BRDA:1234,161,1,0
BRDA:1239,162,0,0
BRDA:1239,162,1,0
BRDA:1241,163,0,0
BRDA:1241,163,1,0
BRDA:1247,164,0,0
BRDA:1247,164,1,0
BRDA:1257,165,0,0
BRDA:1257,165,1,0
BRDA:1268,166,0,0
BRDA:1268,166,1,0
BRDA:1268,166,2,0
BRDA:1286,167,0,0
BRDA:1286,167,1,0
BRDA:1301,168,0,31
BRDA:1301,168,1,31
BRDA:1301,169,0,31
BRDA:1301,169,1,1
BRDA:1302,170,0,31
BRDA:1302,170,1,0
BRDA:1314,171,0,0
BRDA:1314,171,1,1
BRDA:1314,172,0,0
BRDA:1314,172,1,0
BRDA:1318,173,0,0
BRDA:1318,173,1,1
BRDA:1318,174,0,1
BRDA:1318,174,1,1
BRDA:1318,174,2,1
BRDA:1333,175,0,0
BRDA:1333,175,1,1
BRDA:1333,176,0,1
BRDA:1333,176,1,1
BRDA:1333,176,2,0
BRDA:1376,177,0,1
BRDA:1376,177,1,1
BRDA:1380,178,0,1
BRDA:1380,178,1,0
BRDA:1382,179,0,0
BRDA:1382,179,1,0
BRDA:1382,180,0,0
BRDA:1382,180,1,0
BRDA:1386,181,0,0
BRDA:1386,181,1,0
BRDA:1386,182,0,0
BRDA:1386,182,1,0
BRDA:1403,183,0,0
BRDA:1403,183,1,0
BRDA:1404,184,0,0
BRDA:1404,184,1,0
BRDA:1410,185,0,1
BRDA:1410,185,1,0
BRDA:1412,186,0,0
BRDA:1412,186,1,0
BRDA:1423,187,0,0
BRDA:1423,187,1,0
BRDA:1425,188,0,0
BRDA:1425,188,1,0
BRDA:1436,189,0,1
BRDA:1436,189,1,1
BRDA:1437,190,0,0
BRDA:1437,190,1,0
BRDA:1437,191,0,0
BRDA:1437,191,1,0
BRDA:1457,192,0,0
BRDA:1457,192,1,1
BRDA:1470,193,0,0
BRDA:1470,193,1,0
BRDA:1477,194,0,0
BRDA:1477,194,1,0
BRDA:1493,195,0,0
BRDA:1493,195,1,0
BRDA:1499,196,0,0
BRDA:1499,196,1,0
BRDA:1509,197,0,0
BRDA:1509,197,1,1
BRDA:1509,198,0,1
BRDA:1509,198,1,1
BRDA:1509,198,2,1
BRDA:1509,198,3,1
BRDA:1526,199,0,1
BRDA:1526,199,1,0
BRDA:1527,200,0,1
BRDA:1527,200,1,0
BRDA:1535,201,0,1
BRDA:1535,201,1,0
BRDA:1535,202,0,1
BRDA:1535,202,1,1
BRDA:1537,203,0,0
BRDA:1537,203,1,0
BRDA:1538,204,0,0
BRDA:1538,204,1,0
BRDA:1539,205,0,0
BRDA:1539,205,1,0
BRDA:1539,206,0,0
BRDA:1539,206,1,0
BRDA:1539,206,2,0
BRDA:1540,207,0,0
BRDA:1540,207,1,0
BRDA:1542,208,0,0
BRDA:1542,208,1,0
BRDA:1546,209,0,0
BRDA:1546,209,1,0
BRDA:1548,210,0,0
BRDA:1548,210,1,0
BRDA:1560,211,0,1
BRDA:1560,211,1,0
BRDA:1564,212,0,0
BRDA:1564,212,1,0
BRDA:1569,213,0,0
BRDA:1569,213,1,0
BRDA:1569,213,2,0
BRDA:1571,214,0,0
BRDA:1571,214,1,0
BRDA:1573,215,0,0
BRDA:1573,215,1,0
BRDA:1573,216,0,0
BRDA:1573,216,1,0
BRDA:1573,216,2,0
BRDA:1577,217,0,0
BRDA:1577,217,1,0
BRDA:1577,218,0,0
BRDA:1577,218,1,0
BRDA:1580,219,0,0
BRDA:1580,219,1,0
BRDA:1580,220,0,0
BRDA:1580,220,1,0
BRDA:1585,221,0,0
BRDA:1585,221,1,0
BRDA:1590,222,0,0
BRDA:1590,222,1,0
BRDA:1594,223,0,0
BRDA:1594,223,1,0
BRDA:1605,224,0,0
BRDA:1605,224,1,0
BRDA:1610,225,0,0
BRDA:1610,225,1,0
BRDA:1610,226,0,0
BRDA:1610,226,1,0
BRDA:1611,227,0,0
BRDA:1611,227,1,0
BRDA:1612,228,0,0
BRDA:1612,228,1,0
BRDA:1613,229,0,0
BRDA:1613,229,1,0
[...]
BRDA:47,2,0,1
BRDA:47,2,1,1
BRF:4
BRH:4
end_of_record
TN:
SF:/home/fedora/workspace/spice_commit-stage/unittest/packetextractor.test.js
FN:1,(anonymous_1)
FN:4,(anonymous_2)
FN:10,(anonymous_3)
FN:11,(anonymous_4)
FN:15,(anonymous_5)
FN:21,(anonymous_6)
FN:25,(anonymous_7)
FN:30,(anonymous_8)
FN:34,(anonymous_9)
FN:40,(anonymous_10)
FN:44,(anonymous_11)
FN:53,(anonymous_12)
FN:55,(anonymous_13)
FN:61,(anonymous_14)
FN:67,(anonymous_15)
FN:71,(anonymous_16)
FN:85,(anonymous_17)
FNF:17
FNH:16
FNDA:1,(anonymous_1)
FNDA:7,(anonymous_2)
FNDA:1,(anonymous_3)
FNDA:1,(anonymous_4)
FNDA:1,(anonymous_5)
FNDA:1,(anonymous_6)
FNDA:1,(anonymous_7)
FNDA:1,(anonymous_8)
FNDA:0,(anonymous_9)
FNDA:1,(anonymous_10)
FNDA:1,(anonymous_11)
FNDA:1,(anonymous_12)
FNDA:1,(anonymous_13)
FNDA:1,(anonymous_14)
FNDA:1,(anonymous_15)
FNDA:1,(anonymous_16)
FNDA:1,(anonymous_17)
DA:1,1
DA:2,1
DA:4,1
DA:5,7
DA:6,7
DA:7,7
DA:10,1
DA:11,1
DA:12,1
DA:13,1
DA:14,1
DA:15,1
DA:16,1
DA:18,1
DA:21,1
DA:22,1
DA:23,1
DA:24,1
DA:25,1
DA:26,1
DA:30,1
DA:31,1
DA:32,1
DA:33,1
DA:34,1
DA:35,0
DA:37,1
DA:40,1
DA:41,1
DA:42,1
DA:43,1
DA:44,1
DA:45,1
DA:47,1
DA:48,1
DA:49,1
DA:50,1
DA:53,1
DA:54,1
DA:56,1
DA:59,1
DA:60,1
DA:61,1
DA:62,1
DA:64,1
DA:67,1
DA:68,1
DA:69,1
DA:70,1
DA:71,1
DA:72,1
DA:74,1
DA:75,1
DA:76,1
DA:77,1
DA:78,1
DA:79,1
DA:80,1
DA:81,1
DA:82,1
DA:85,1
DA:86,1
DA:87,1
DA:88,1
DA:89,1
LF:65
LH:64
BRF:0
BRH:0
end_of_record
TN:
SF:/home/fedora/workspace/spice_commit-stage/unittest/packetfactory.test.js
FNF:0
FNH:0
LF:0
LH:0
BRF:0
BRH:0
end_of_record
TN:
SF:/home/fedora/workspace/spice_commit-stage/unittest/packetlinkfactory.test.js
FN:1,(anonymous_1)
FN:2,(anonymous_2)
FN:6,(anonymous_3)
FN:7,(anonymous_4)
FN:16,(anonymous_5)
FN:25,(anonymous_6)
FN:34,(anonymous_7)
FN:43,(anonymous_8)
FN:54,(anonymous_9)
FN:55,(anonymous_10)
FN:59,(anonymous_11)
FN:60,(anonymous_12)
FNF:12
FNH:12
FNDA:1,(anonymous_1)
FNDA:5,(anonymous_2)
FNDA:1,(anonymous_3)
FNDA:1,(anonymous_4)
FNDA:1,(anonymous_5)
FNDA:1,(anonymous_6)
FNDA:1,(anonymous_7)
FNDA:1,(anonymous_8)
FNDA:1,(anonymous_9)
FNDA:1,(anonymous_10)
FNDA:1,(anonymous_11)
FNDA:1,(anonymous_12)
DA:1,1
DA:2,1
DA:3,5
DA:6,1
DA:7,1
DA:8,1
DA:9,1
DA:10,1
DA:11,1
DA:12,1
DA:13,1
DA:16,1
DA:17,1
DA:18,1
DA:19,1
DA:20,1
DA:21,1
DA:22,1
DA:25,1
DA:26,1
DA:27,1
DA:28,1
DA:29,1
DA:30,1
DA:31,1
DA:34,1
DA:35,1
DA:36,1
DA:37,1
DA:38,1
DA:39,1
DA:40,1
DA:43,1
DA:44,1
DA:45,1
DA:46,1
DA:47,1
DA:48,1
DA:49,1
DA:54,1
DA:55,1
DA:56,1
DA:59,1
DA:60,1
LF:44
LH:44
BRF:0
BRH:0
end_of_record
TN:
SF:/home/fedora/workspace/spice_commit-stage/unittest/packetprocess.test.js
FN:1,(anonymous_1)
FN:2,(anonymous_2)
FN:6,(anonymous_3)
FN:7,(anonymous_4)
FN:18,(anonymous_5)
FN:28,(anonymous_6)
FN:38,(anonymous_7)
FN:55,(anonymous_8)
FN:56,(anonymous_9)
FNF:9
FNH:9
FNDA:1,(anonymous_1)
FNDA:3,(anonymous_2)
FNDA:1,(anonymous_3)
FNDA:3,(anonymous_4)
FNDA:1,(anonymous_5)
FNDA:1,(anonymous_6)
FNDA:1,(anonymous_7)
FNDA:3,(anonymous_8)
FNDA:1,(anonymous_9)
DA:1,1
DA:2,1
DA:3,3
DA:6,1
DA:7,1
DA:8,3
DA:9,3
DA:18,1
DA:19,1
DA:20,1
DA:21,1
DA:23,1
DA:25,1
DA:28,1
DA:29,1
DA:30,1
DA:31,1
DA:33,1
DA:35,1
DA:38,1
DA:39,1
DA:40,1
DA:41,1
DA:42,1
DA:43,1
DA:51,1
DA:52,1
DA:55,1
DA:56,3
DA:57,1
LF:30
LH:30
BRF:0
BRH:0
end_of_record
TN:
SF:/home/fedora/workspace/spice_commit-stage/unittest/packetreassembler.test.js
FN:1,(anonymous_1)
FN:4,(anonymous_2)
FN:11,(anonymous_3)
FN:13,(anonymous_4)
FN:17,(anonymous_5)
FN:25,(anonymous_6)
FN:28,(anonymous_7)
FN:35,(anonymous_8)
FN:39,(anonymous_9)
FN:47,(anonymous_10)
FN:51,(anonymous_11)
FNF:11
FNH:11
FNDA:1,(anonymous_1)
FNDA:4,(anonymous_2)
FNDA:1,(anonymous_3)
FNDA:1,(anonymous_4)
FNDA:1,(anonymous_5)
FNDA:1,(anonymous_6)
FNDA:1,(anonymous_7)
FNDA:1,(anonymous_8)
FNDA:1,(anonymous_9)
FNDA:1,(anonymous_10)
FNDA:1,(anonymous_11)
DA:1,1
DA:2,1
DA:4,1
DA:5,4
DA:6,4
DA:7,4
DA:8,4
DA:11,1
DA:13,1
DA:14,1
DA:15,1
DA:16,1
DA:17,1
DA:18,1
DA:20,1
DA:21,1
DA:22,1
DA:25,1
DA:26,1
DA:27,1
DA:28,1
DA:29,1
DA:31,1
DA:32,1
DA:35,1
DA:36,1
DA:37,1
DA:38,1
DA:39,1
DA:40,1
DA:42,1
DA:43,1
DA:44,1
DA:47,1
DA:48,1
DA:49,1
DA:50,1
DA:51,1
DA:52,1
DA:54,1
DA:55,1
DA:56,1
LF:42
LH:42
BRF:0
BRH:0
end_of_record
TN:
SF:/home/fedora/workspace/spice_commit-stage/unittest/queue.test.js
FN:1,(anonymous_1)
FN:2,(anonymous_2)
FN:6,(anonymous_3)
FN:8,(anonymous_4)
FN:14,(anonymous_5)
FN:15,(anonymous_6)
FN:19,(anonymous_7)
FN:24,(anonymous_8)
FN:29,(anonymous_9)
FN:36,(anonymous_10)
FN:37,(anonymous_11)
FN:42,(anonymous_12)
FN:47,(anonymous_13)
FN:52,(anonymous_14)
FN:57,(anonymous_15)
FN:62,(anonymous_16)
FN:68,(anonymous_17)
FN:69,(anonymous_18)
FN:74,(anonymous_19)
FN:79,(anonymous_20)
FN:84,(anonymous_21)
FN:89,(anonymous_22)
FNF:22
FNH:22
FNDA:1,(anonymous_1)
FNDA:13,(anonymous_2)
FNDA:1,(anonymous_3)
FNDA:1,(anonymous_4)
FNDA:1,(anonymous_5)
FNDA:3,(anonymous_6)
FNDA:1,(anonymous_7)
FNDA:1,(anonymous_8)
FNDA:1,(anonymous_9)
FNDA:1,(anonymous_10)
FNDA:5,(anonymous_11)
FNDA:1,(anonymous_12)
FNDA:1,(anonymous_13)
FNDA:1,(anonymous_14)
FNDA:1,(anonymous_15)
FNDA:1,(anonymous_16)
FNDA:1,(anonymous_17)
FNDA:4,(anonymous_18)
FNDA:1,(anonymous_19)
FNDA:1,(anonymous_20)
FNDA:1,(anonymous_21)
FNDA:1,(anonymous_22)
DA:1,1
DA:2,1
DA:3,13
DA:6,1
DA:8,1
DA:9,1
DA:10,1
DA:14,1
DA:15,1
DA:16,3
DA:19,1
DA:20,1
DA:21,1
DA:24,1
DA:25,1
DA:26,1
DA:29,1
DA:30,1
DA:31,1
DA:32,1
DA:36,1
DA:37,1
DA:38,5
DA:39,5
DA:42,1
DA:43,1
DA:44,1
DA:47,1
DA:48,1
DA:49,1
DA:52,1
DA:53,1
DA:54,1
DA:57,1
DA:58,1
DA:59,1
DA:62,1
DA:63,1
DA:64,1
DA:68,1
DA:69,1
DA:70,4
DA:71,4
DA:74,1
DA:75,1
DA:76,1
DA:79,1
DA:80,1
DA:81,1
DA:84,1
DA:85,1
DA:86,1
DA:89,1
DA:90,1
DA:91,1
LF:55
LH:55
BRF:0
BRH:0
end_of_record
TN:
SF:/home/fedora/workspace/spice_commit-stage/unittest/reassemblerfactory.test.js
FNF:0
FNH:0
LF:0
LH:0
BRF:0
BRH:0
end_of_record
TN:
SF:/home/fedora/workspace/spice_commit-stage/unittest/runqueue.test.js
FN:1,(anonymous_1)
FN:2,(anonymous_2)
FN:6,(anonymous_3)
FN:7,(anonymous_4)
FN:13,(anonymous_5)
FN:14,(anonymous_6)
FN:18,(anonymous_7)
FN:19,(anonymous_8)
FN:23,(anonymous_9)
FN:24,(anonymous_10)
FN:25,(anonymous_11)
FN:30,(anonymous_12)
FN:31,(anonymous_13)
FN:33,(anonymous_14)
FN:34,(anonymous_15)
FN:37,(anonymous_16)
FN:43,(anonymous_17)
FN:44,(anonymous_18)
FN:48,(anonymous_19)
FN:49,(anonymous_20)
FN:56,(anonymous_21)
FN:57,(anonymous_22)
FN:64,(anonymous_23)
FN:65,(anonymous_24)
FN:73,(anonymous_25)
FN:74,(anonymous_26)
FN:75,(anonymous_27)
FN:84,(anonymous_28)
FN:89,(anonymous_29)
FN:90,(anonymous_30)
FN:91,(anonymous_31)
FN:95,(anonymous_32)
FNF:32
FNH:26
FNDA:1,(anonymous_1)
FNDA:10,(anonymous_2)
FNDA:1,(anonymous_3)
FNDA:1,(anonymous_4)
FNDA:1,(anonymous_5)
FNDA:2,(anonymous_6)
FNDA:1,(anonymous_7)
FNDA:0,(anonymous_8)
FNDA:1,(anonymous_9)
FNDA:0,(anonymous_10)
FNDA:0,(anonymous_11)
FNDA:1,(anonymous_12)
FNDA:1,(anonymous_13)
FNDA:0,(anonymous_14)
FNDA:0,(anonymous_15)
FNDA:1,(anonymous_16)
FNDA:1,(anonymous_17)
FNDA:6,(anonymous_18)
FNDA:1,(anonymous_19)
FNDA:1,(anonymous_20)
FNDA:1,(anonymous_21)
FNDA:1,(anonymous_22)
FNDA:1,(anonymous_23)
FNDA:2,(anonymous_24)
FNDA:1,(anonymous_25)
FNDA:1,(anonymous_26)
FNDA:1,(anonymous_27)
FNDA:1,(anonymous_28)
FNDA:1,(anonymous_29)
FNDA:1,(anonymous_30)
FNDA:1,(anonymous_31)
FNDA:0,(anonymous_32)
DA:1,1
DA:2,1
DA:3,10
DA:6,1
DA:7,1
DA:8,1
DA:9,1
DA:13,1
DA:14,1
DA:15,2
DA:18,1
DA:19,1
DA:20,1
DA:23,1
DA:24,1
DA:25,1
DA:26,1
DA:30,1
DA:31,1
DA:32,1
DA:33,1
DA:34,1
DA:37,1
DA:38,1
DA:39,1
DA:43,1
DA:44,1
DA:45,6
DA:48,1
DA:49,1
DA:50,1
DA:51,1
DA:52,1
DA:53,1
DA:56,1
DA:57,1
DA:58,1
DA:59,1
DA:60,1
DA:61,1
DA:64,1
DA:65,2
DA:66,1
DA:67,1
DA:68,1
DA:69,1
DA:70,1
DA:73,1
DA:74,1
DA:75,1
DA:76,1
DA:77,1
DA:80,1
DA:81,1
DA:84,1
DA:85,1
DA:86,1
DA:89,1
DA:90,1
DA:91,1
DA:92,1
DA:95,1
DA:96,1
DA:97,1
DA:98,1
DA:99,1
DA:100,1
DA:101,1
LF:68
LH:68
BRF:0
BRH:0
end_of_record
TN:
SF:/home/fedora/workspace/spice_commit-stage/unittest/sizedefiner.test.js
FN:1,(anonymous_1)
FN:5,(anonymous_2)
FN:10,(anonymous_3)
FN:13,(anonymous_4)
FN:18,(anonymous_5)
FN:24,(anonymous_6)
FN:31,(anonymous_7)
FN:39,(anonymous_8)
FN:48,(anonymous_9)
FN:58,(anonymous_10)
FN:60,(anonymous_11)
FN:65,(anonymous_12)
FN:72,(anonymous_13)
FN:80,(anonymous_14)
FNF:14
FNH:14
FNDA:1,(anonymous_1)
FNDA:10,(anonymous_2)
FNDA:1,(anonymous_3)
FNDA:1,(anonymous_4)
FNDA:1,(anonymous_5)
FNDA:1,(anonymous_6)
FNDA:1,(anonymous_7)
FNDA:1,(anonymous_8)
FNDA:1,(anonymous_9)
FNDA:1,(anonymous_10)
FNDA:1,(anonymous_11)
FNDA:1,(anonymous_12)
FNDA:1,(anonymous_13)
FNDA:1,(anonymous_14)
DA:1,1
DA:2,1
DA:3,1
DA:4,1
DA:5,1
DA:6,10
DA:7,10
DA:10,1
DA:13,1
DA:14,1
DA:15,1
DA:18,1
DA:19,1
DA:20,1
DA:21,1
DA:24,1
DA:25,1
DA:26,1
DA:27,1
DA:28,1
DA:31,1
DA:32,1
DA:33,1
DA:34,1
DA:35,1
DA:36,1
DA:39,1
DA:40,1
DA:41,1
DA:42,1
DA:43,1
DA:44,1
DA:45,1
DA:48,1
DA:49,1
DA:50,1
DA:51,1
DA:52,1
DA:53,1
DA:54,1
DA:58,1
DA:60,1
DA:61,1
DA:62,1
DA:65,1
DA:66,1
DA:67,1
DA:68,1
DA:69,1
DA:72,1
DA:73,1
DA:74,1
DA:75,1
DA:76,1
DA:77,1
DA:80,1
DA:81,1
DA:82,1
DA:83,1
DA:84,1
DA:85,1
DA:86,1
LF:62
LH:62
BRF:0
BRH:0
end_of_record
TN:
SF:/home/fedora/workspace/spice_commit-stage/unittest/socket.test.js
FN:1,(anonymous_1)
FN:2,(anonymous_2)
FN:6,(anonymous_3)
FN:7,(anonymous_4)
FN:11,(anonymous_5)
FN:18,(anonymous_6)
FN:19,(anonymous_7)
FN:23,(anonymous_8)
FN:29,(anonymous_9)
FN:32,execute
FN:36,(anonymous_11)
FN:40,(anonymous_12)
FN:43,(anonymous_13)
FN:53,(anonymous_14)
FN:63,(anonymous_15)
FN:69,(anonymous_16)
FNF:16
FNH:15
FNDA:1,(anonymous_1)
FNDA:6,(anonymous_2)
FNDA:1,(anonymous_3)
FNDA:1,(anonymous_4)
FNDA:1,(anonymous_5)
FNDA:1,(anonymous_6)
FNDA:1,(anonymous_7)
FNDA:1,(anonymous_8)
FNDA:1,(anonymous_9)
FNDA:4,execute
FNDA:4,(anonymous_11)
FNDA:0,(anonymous_12)
FNDA:1,(anonymous_13)
FNDA:1,(anonymous_14)
FNDA:1,(anonymous_15)
FNDA:1,(anonymous_16)
DA:1,1
DA:2,1
DA:3,6
DA:6,1
DA:7,1
DA:8,1
DA:11,1
DA:12,1
DA:18,1
DA:19,1
DA:20,1
DA:23,1
DA:24,1
DA:25,1
DA:29,1
DA:30,1
DA:32,1
DA:33,4
DA:36,1
DA:37,4
DA:38,4
DA:39,4
DA:40,4
DA:43,1
DA:44,1
DA:48,1
DA:49,1
DA:50,1
DA:53,1
DA:54,1
DA:58,1
DA:59,1
DA:60,1
DA:63,1
DA:64,1
DA:65,1
DA:66,1
DA:69,1
DA:70,1
DA:75,1
DA:76,1
DA:77,1
LF:42
LH:42
BRF:0
BRH:0
end_of_record
TN:
SF:/home/fedora/workspace/spice_commit-stage/unittest/socketqueue.test.js
FN:1,(anonymous_1)
FN:2,(anonymous_2)
FN:6,(anonymous_3)
FN:7,(anonymous_4)
FN:14,(anonymous_5)
FN:19,(anonymous_6)
FN:24,(anonymous_7)
FN:25,(anonymous_8)
FN:32,(anonymous_9)
FN:37,(anonymous_10)
FN:42,(anonymous_11)
FN:43,(anonymous_12)
FN:50,(anonymous_13)
FN:55,(anonymous_14)
FN:60,(anonymous_15)
FN:61,(anonymous_16)
FN:69,(anonymous_17)
FN:74,(anonymous_18)
FN:79,(anonymous_19)
FN:80,(anonymous_20)
FN:88,(anonymous_21)
FN:93,(anonymous_22)
FNF:22
FNH:22
FNDA:1,(anonymous_1)
FNDA:5,(anonymous_2)
FNDA:1,(anonymous_3)
FNDA:1,(anonymous_4)
FNDA:1,(anonymous_5)
FNDA:1,(anonymous_6)
FNDA:1,(anonymous_7)
FNDA:1,(anonymous_8)
FNDA:1,(anonymous_9)
FNDA:1,(anonymous_10)
FNDA:1,(anonymous_11)
FNDA:1,(anonymous_12)
FNDA:1,(anonymous_13)
FNDA:1,(anonymous_14)
FNDA:1,(anonymous_15)
FNDA:1,(anonymous_16)
FNDA:1,(anonymous_17)
FNDA:1,(anonymous_18)
FNDA:1,(anonymous_19)
FNDA:1,(anonymous_20)
FNDA:1,(anonymous_21)
FNDA:1,(anonymous_22)
DA:1,1
DA:2,1
DA:3,5
DA:6,1
DA:7,1
DA:8,1
DA:9,1
DA:10,1
DA:11,1
DA:14,1
DA:15,1
DA:16,1
DA:19,1
DA:20,1
DA:24,1
DA:25,1
DA:26,1
DA:27,1
DA:28,1
DA:29,1
DA:32,1
DA:33,1
DA:34,1
DA:37,1
DA:38,1
DA:42,1
DA:43,1
DA:44,1
DA:45,1
DA:46,1
DA:47,1
DA:50,1
DA:51,1
DA:52,1
DA:55,1
DA:56,1
DA:60,1
DA:61,1
DA:62,1
DA:63,1
DA:64,1
DA:65,1
DA:66,1
DA:69,1
DA:70,1
DA:71,1
DA:74,1
DA:75,1
DA:79,1
DA:80,1
DA:81,1
DA:82,1
DA:83,1
DA:84,1
DA:85,1
DA:88,1
DA:89,1
DA:90,1
DA:93,1
DA:94,1
LF:60
LH:60
BRF:0
BRH:0
end_of_record
TN:
SF:/home/fedora/workspace/spice_commit-stage/unittest/spicechannel.test.js
FN:1,(anonymous_1)
FN:4,(anonymous_2)
FN:21,(anonymous_3)
FN:22,(anonymous_4)
FN:27,(anonymous_5)
FN:29,(anonymous_6)
FN:40,(anonymous_7)
FN:48,(anonymous_8)
FN:56,(anonymous_9)
FN:64,(anonymous_10)
FN:69,(anonymous_11)
FN:80,(anonymous_12)
FN:90,(anonymous_13)
FN:100,(anonymous_14)
FN:103,(anonymous_15)
FN:108,(anonymous_16)
FN:119,(anonymous_17)
FN:122,(anonymous_18)
FN:125,(anonymous_19)
FN:135,(anonymous_20)
FN:136,(anonymous_21)
FN:144,(anonymous_22)
FN:146,(anonymous_23)
FN:155,(anonymous_24)
FN:172,(anonymous_25)
FNF:25
FNH:25
FNDA:1,(anonymous_1)
FNDA:13,(anonymous_2)
FNDA:13,(anonymous_3)
FNDA:8,(anonymous_4)
FNDA:1,(anonymous_5)
FNDA:1,(anonymous_6)
FNDA:1,(anonymous_7)
FNDA:1,(anonymous_8)
FNDA:1,(anonymous_9)
FNDA:1,(anonymous_10)
FNDA:1,(anonymous_11)
FNDA:1,(anonymous_12)
FNDA:1,(anonymous_13)
FNDA:1,(anonymous_14)
FNDA:1,(anonymous_15)
FNDA:1,(anonymous_16)
FNDA:1,(anonymous_17)
FNDA:1,(anonymous_18)
FNDA:1,(anonymous_19)
FNDA:1,(anonymous_20)
FNDA:1,(anonymous_21)
FNDA:1,(anonymous_22)
FNDA:1,(anonymous_23)
FNDA:1,(anonymous_24)
FNDA:1,(anonymous_25)
DA:1,1
DA:2,1
DA:4,1
DA:5,13
DA:6,13
DA:15,13
DA:16,13
DA:17,13
DA:18,13
DA:21,1
DA:22,13
DA:23,8
DA:27,1
DA:29,1
DA:30,1
DA:31,1
DA:38,1
DA:39,1
DA:40,1
DA:41,1
DA:43,1
DA:44,1
DA:45,1
DA:48,1
DA:49,1
DA:50,1
DA:51,1
DA:52,1
DA:53,1
DA:56,1
DA:57,1
DA:58,1
DA:59,1
DA:60,1
DA:61,1
DA:64,1
DA:65,1
DA:66,1
DA:67,1
DA:68,1
DA:69,1
DA:70,1
DA:73,1
DA:75,1
DA:77,1
DA:80,1
DA:81,1
DA:82,1
DA:83,1
DA:84,1
DA:85,1
DA:86,1
DA:87,1
DA:90,1
DA:91,1
DA:92,1
DA:93,1
DA:94,1
DA:95,1
DA:96,1
DA:97,1
DA:100,1
DA:101,1
DA:102,1
DA:103,1
DA:104,1
DA:108,1
DA:109,1
DA:110,1
DA:111,1
DA:112,1
DA:113,1
DA:114,1
DA:115,1
DA:116,1
DA:119,1
DA:120,1
DA:121,1
DA:122,1
DA:124,1
DA:125,1
DA:126,1
DA:129,1
DA:130,1
DA:135,1
DA:136,1
DA:137,1
DA:138,1
DA:139,1
DA:140,1
DA:144,1
DA:146,1
DA:147,1
DA:148,1
DA:149,1
DA:150,1
DA:151,1
DA:152,1
DA:155,1
DA:156,1
DA:164,1
DA:165,1
DA:166,1
DA:167,1
DA:168,1
DA:169,1
DA:172,1
DA:173,1
DA:174,1
DA:175,1
DA:176,1
LF:111
LH:111
BRF:0
BRH:0
end_of_record
TN:
SF:/home/fedora/workspace/spice_commit-stage/unittest/spiceconnection.test.js
FN:1,(anonymous_1)
FN:2,(anonymous_2)
FN:6,(anonymous_3)
FN:7,(anonymous_4)
FN:13,(anonymous_5)
FN:14,(anonymous_6)
FN:20,(anonymous_7)
FN:26,(anonymous_8)
FN:32,(anonymous_9)
FN:41,(anonymous_10)
FN:43,(anonymous_11)
FN:54,(anonymous_12)
FN:55,(anonymous_13)
FN:57,(anonymous_14)
FN:69,(anonymous_15)
FN:70,(anonymous_16)
FN:75,(anonymous_17)
FNF:17
FNH:16
FNDA:1,(anonymous_1)
FNDA:5,(anonymous_2)
FNDA:1,(anonymous_3)
FNDA:4,(anonymous_4)
FNDA:1,(anonymous_5)
FNDA:4,(anonymous_6)
FNDA:1,(anonymous_7)
FNDA:1,(anonymous_8)
FNDA:1,(anonymous_9)
FNDA:1,(anonymous_10)
FNDA:1,(anonymous_11)
FNDA:1,(anonymous_12)
FNDA:1,(anonymous_13)
FNDA:1,(anonymous_14)
FNDA:0,(anonymous_15)
FNDA:1,(anonymous_16)
FNDA:1,(anonymous_17)
DA:1,1
DA:2,1
DA:3,5
DA:6,1
DA:7,1
DA:8,4
DA:9,4
DA:10,4
DA:20,1
DA:21,1
DA:22,1
DA:23,1
DA:26,1
DA:27,1
DA:28,1
DA:29,1
DA:32,1
DA:33,1
DA:36,1
DA:37,1
DA:38,1
DA:41,1
DA:42,1
DA:43,1
DA:44,1
DA:47,1
DA:49,1
DA:54,1
DA:55,1
DA:56,1
DA:57,1
DA:58,1
DA:59,1
DA:62,1
DA:63,1
DA:65,1
DA:75,1
DA:76,1
DA:77,1
DA:78,1
LF:40
LH:40
BRF:0
BRH:0
end_of_record
TN:
SF:/home/fedora/workspace/spice_commit-stage/unittest/stuckkeyshandler.test.js
FN:1,(anonymous_1)
FN:6,(anonymous_2)
FN:11,getExpectedEvent
FN:21,getFakeJqueryEvent
FN:28,getFunctionToTestHandleStuckKeysWhenPressing
FN:29,(anonymous_6)
FN:32,(anonymous_7)
FN:35,(anonymous_8)
FN:47,getFunctionToTestHandleStuckKeysWhenReleasing
FN:48,(anonymous_10)
FN:51,(anonymous_11)
FN:74,(anonymous_12)
FN:94,(anonymous_13)
FN:97,execute
FN:101,(anonymous_15)
FN:106,(anonymous_16)
FN:111,(anonymous_17)
FN:116,(anonymous_18)
FN:121,(anonymous_19)
FN:126,(anonymous_20)
FN:132,(anonymous_21)
FN:133,createKeyupEvent
FN:143,(anonymous_23)
FN:152,(anonymous_24)
FN:159,(anonymous_25)
FN:168,(anonymous_26)
FN:175,(anonymous_27)
FN:184,(anonymous_28)
FNF:28
FNH:28
FNDA:1,(anonymous_1)
FNDA:19,(anonymous_2)
FNDA:3,getExpectedEvent
FNDA:9,getFakeJqueryEvent
FNDA:3,getFunctionToTestHandleStuckKeysWhenPressing
FNDA:3,(anonymous_6)
FNDA:3,(anonymous_7)
FNDA:3,(anonymous_8)
FNDA:3,getFunctionToTestHandleStuckKeysWhenReleasing
FNDA:3,(anonymous_10)
FNDA:3,(anonymous_11)
FNDA:1,(anonymous_12)
FNDA:1,(anonymous_13)
FNDA:6,execute
FNDA:1,(anonymous_15)
FNDA:1,(anonymous_16)
FNDA:1,(anonymous_17)
FNDA:1,(anonymous_18)
FNDA:1,(anonymous_19)
FNDA:1,(anonymous_20)
FNDA:1,(anonymous_21)
FNDA:3,createKeyupEvent
FNDA:1,(anonymous_23)
FNDA:1,(anonymous_24)
FNDA:1,(anonymous_25)
FNDA:1,(anonymous_26)
FNDA:1,(anonymous_27)
FNDA:1,(anonymous_28)
DA:1,1
DA:2,1
DA:3,1
DA:4,1
DA:6,1
DA:7,19
DA:8,19
DA:11,1
DA:12,3
DA:21,1
DA:22,9
DA:28,1
DA:29,3
DA:30,3
DA:31,3
DA:32,3
DA:33,3
DA:35,3
DA:36,3
DA:38,3
DA:43,3
DA:47,1
DA:48,3
DA:49,3
DA:51,3
DA:52,3
DA:55,3
DA:60,3
DA:61,3
DA:65,1
DA:66,3
DA:69,3
DA:74,1
DA:75,1
DA:81,1
DA:86,1
DA:89,1
DA:94,1
DA:95,1
DA:97,1
DA:98,6
DA:101,1
DA:102,1
DA:103,1
DA:106,1
DA:107,1
DA:108,1
DA:111,1
DA:112,1
DA:113,1
DA:116,1
DA:117,1
DA:118,1
DA:121,1
DA:122,1
DA:123,1
DA:126,1
DA:127,1
DA:128,1
DA:132,1
DA:133,1
DA:134,3
DA:140,3
DA:143,1
DA:144,1
DA:145,1
DA:149,1
DA:152,1
DA:153,1
DA:154,1
DA:155,1
DA:156,1
DA:159,1
DA:160,1
DA:161,1
DA:165,1
DA:168,1
DA:169,1
DA:170,1
DA:171,1
DA:172,1
DA:175,1
DA:176,1
DA:177,1
DA:181,1
DA:184,1
DA:185,1
DA:186,1
DA:187,1
DA:188,1
LF:90
LH:90
BRF:0
BRH:0
end_of_record
TN:
SF:/home/fedora/workspace/spice_commit-stage/unittest/syncasynchandler.test.js
FN:1,(anonymous_1)
FN:7,(anonymous_2)
FN:9,(anonymous_3)
FN:25,(anonymous_4)
FN:31,(anonymous_5)
FN:35,(anonymous_6)
FN:45,(anonymous_7)
FN:55,(anonymous_8)
FNF:8
FNH:7
FNDA:1,(anonymous_1)
FNDA:3,(anonymous_2)
FNDA:0,(anonymous_3)
FNDA:1,(anonymous_4)
FNDA:3,(anonymous_5)
FNDA:1,(anonymous_6)
FNDA:1,(anonymous_7)
FNDA:1,(anonymous_8)
DA:1,1
DA:2,1
DA:3,1
DA:4,1
DA:5,1
DA:7,1
DA:8,3
DA:12,3
DA:14,3
DA:20,3
DA:24,3
DA:28,3
DA:31,1
DA:35,1
DA:36,1
DA:37,1
DA:38,1
DA:40,1
DA:42,1
DA:45,1
DA:46,1
DA:47,1
DA:48,1
DA:49,1
DA:50,1
DA:52,1
DA:55,1
DA:56,1
DA:57,1
DA:58,1
DA:60,1
LF:31
LH:31
BRF:0
BRH:0
end_of_record
TN:
SF:/home/fedora/workspace/spice_commit-stage/unittest/timelapsedetector.test.js
FN:1,(anonymous_1)
FN:6,(anonymous_2)
FN:14,(anonymous_3)
FN:18,(anonymous_4)
FN:26,(anonymous_5)
FN:42,(anonymous_6)
FNF:6
FNH:6
FNDA:1,(anonymous_1)
FNDA:3,(anonymous_2)
FNDA:3,(anonymous_3)
FNDA:1,(anonymous_4)
FNDA:1,(anonymous_5)
FNDA:1,(anonymous_6)
DA:1,1
DA:2,1
DA:3,1
DA:4,1
DA:6,1
DA:7,3
DA:8,3
DA:9,3
DA:11,3
DA:14,1
DA:15,3
DA:18,1
DA:19,1
DA:21,1
DA:22,1
DA:23,1
DA:26,1
DA:27,1
DA:28,1
DA:30,1
DA:32,1
DA:33,1
DA:37,1
DA:39,1
DA:42,1
DA:43,1
DA:44,1
DA:45,1
DA:46,1
DA:47,3
DA:49,1
DA:51,1
DA:52,1
LF:33
LH:33
BRF:0
BRH:0
end_of_record
TN:
SF:/home/fedora/workspace/spice_commit-stage/unittest/viewqueue.test.js
FN:1,(anonymous_1)
FN:2,(anonymous_2)
FN:6,(anonymous_3)
FN:8,(anonymous_4)
FN:14,(anonymous_5)
FN:15,(anonymous_6)
FN:19,(anonymous_7)
FN:24,(anonymous_8)
FN:29,(anonymous_9)
FN:36,(anonymous_10)
FN:37,(anonymous_11)
FN:42,(anonymous_12)
FN:47,(anonymous_13)
FN:52,(anonymous_14)
FN:57,(anonymous_15)
FN:62,(anonymous_16)
FN:68,(anonymous_17)
FN:69,(anonymous_18)
FN:74,(anonymous_19)
FN:79,(anonymous_20)
FN:84,(anonymous_21)
FN:89,(anonymous_22)
FNF:22
FNH:22
FNDA:1,(anonymous_1)
FNDA:13,(anonymous_2)
FNDA:1,(anonymous_3)
FNDA:1,(anonymous_4)
FNDA:1,(anonymous_5)
FNDA:3,(anonymous_6)
FNDA:1,(anonymous_7)
FNDA:1,(anonymous_8)
FNDA:1,(anonymous_9)
FNDA:1,(anonymous_10)
FNDA:5,(anonymous_11)
FNDA:1,(anonymous_12)
FNDA:1,(anonymous_13)
FNDA:1,(anonymous_14)
FNDA:1,(anonymous_15)
FNDA:1,(anonymous_16)
FNDA:1,(anonymous_17)
FNDA:4,(anonymous_18)
FNDA:1,(anonymous_19)
FNDA:1,(anonymous_20)
FNDA:1,(anonymous_21)
FNDA:1,(anonymous_22)
DA:1,1
DA:2,1
DA:3,13
DA:6,1
DA:8,1
DA:9,1
DA:10,1
DA:14,1
DA:15,1
DA:16,3
DA:19,1
DA:20,1
DA:21,1
DA:24,1
DA:25,1
DA:26,1
DA:29,1
DA:30,1
DA:31,1
DA:32,1
DA:36,1
DA:37,1
DA:38,5
DA:39,5
DA:42,1
DA:43,1
DA:44,1
DA:47,1
DA:48,1
DA:49,1
DA:52,1
DA:53,1
DA:54,1
DA:57,1
DA:58,1
DA:59,1
DA:62,1
DA:63,1
DA:64,1
DA:68,1
DA:69,1
DA:70,4
DA:71,4
DA:74,1
DA:75,1
DA:76,1
DA:79,1
DA:80,1
DA:81,1
DA:84,1
DA:85,1
DA:86,1
DA:89,1
DA:90,1
DA:91,1
LF:55
LH:55
BRF:0
BRH:0
end_of_record
